<?xml version="1.0" encoding="UTF-8"?>
<testsuite xmlns:xsi="http://www.w3.org/2001/XMLSchema-instance" xsi:noNamespaceSchemaLocation="https://maven.apache.org/surefire/maven-surefire-plugin/xsd/surefire-test-report-3.0.xsd" version="3.0" name="praktikum.CreateUserTests" time="3.943" tests="4" errors="0" skipped="0" failures="0">
  <properties>
[...]
</properties>
  <testcase name="shouldNotCreateUserWithoutPasswordTest" classname="praktikum.CreateUserTests" time="0.411">
    <system-out><![CDATA[Request method:	POST
Request URI:	https://stellarburgers.nomoreparties.site/api/auth/register
Proxy:			<none>
Request params:	<none>
Query params:	<none>
Form params:	<none>
Path params:	<none>
Headers:		Accept=*/*
				Content-Type=application/json
Cookies:		<none>
Multiparts:		<none>
Body:
{
    "email": "arie.gleichner@example.com",
    "name": "azalee.turcotte"
}
Request method:	POST
Request URI:	https://stellarburgers.nomoreparties.site/api/auth/register
Proxy:			<none>
Request params:	<none>
Query params:	<none>
Form params:	<none>
Path params:	<none>
Headers:		Accept=*/*
				Content-Type=application/json
Cookies:		<none>
Multiparts:		<none>
Body:
{
    "email": "arie.gleichner@example.com",
    "name": "azalee.turcotte"
}
Request method:	POST
Request URI:	https://stellarburgers.nomoreparties.site/api/auth/register
Proxy:			<none>
Request params:	<none>
Query params:	<none>
Form params:	<none>
Path params:	<none>
Headers:		Accept=*/*
				Content-Type=application/json
Cookies:		<none>
Multiparts:		<none>
Body:
{
    "email": "arie.gleichner@example.com",
    "name": "azalee.turcotte"
}
Request method:	POST
Request URI:	https://stellarburgers.nomoreparties.site/api/auth/register
Proxy:			<none>
Request params:	<none>
Query params:	<none>
Form params:	<none>
Path params:	<none>
Headers:		Accept=*/*
				Content-Type=application/json
Cookies:		<none>
Multiparts:		<none>
Body:
{
    "email": "arie.gleichner@example.com",
    "name": "azalee.turcotte"
}
Request method:	POST
Request URI:	https://stellarburgers.nomoreparties.site/api/auth/register
Proxy:			<none>
Request params:	<none>
Query params:	<none>
Form params:	<none>
Path params:	<none>
Headers:		Accept=*/*
				Content-Type=application/json
Cookies:		<none>
Multiparts:		<none>
Body:
{
    "email": "arie.gleichner@example.com",
    "name": "azalee.turcotte"
}
HTTP/1.1 403 Forbidden
Server: nginx/1.18.0 (Ubuntu)
Date: Fri, 08 Aug 2025 09:32:39 GMT
Content-Type: application/json; charset=utf-8
Content-Length: 74
Connection: keep-alive
X-Powered-By: Express
Access-Control-Allow-Origin: *
ETag: W/"4a-EmWdisR78lCFKIQWVZ3yQkk5Ixs"

{
    "success": false,
    "message": "Email, password and name are required fields"
}
HTTP/1.1 403 Forbidden
Server: nginx/1.18.0 (Ubuntu)
Date: Fri, 08 Aug 2025 09:32:39 GMT
Content-Type: application/json; charset=utf-8
Content-Length: 74
Connection: keep-alive
X-Powered-By: Express
Access-Control-Allow-Origin: *
ETag: W/"4a-EmWdisR78lCFKIQWVZ3yQkk5Ixs"

{
    "success": false,
    "message": "Email, password and name are required fields"
}
HTTP/1.1 403 Forbidden
Server: nginx/1.18.0 (Ubuntu)
Date: Fri, 08 Aug 2025 09:32:39 GMT
Content-Type: application/json; charset=utf-8
Content-Length: 74
Connection: keep-alive
X-Powered-By: Express
Access-Control-Allow-Origin: *
ETag: W/"4a-EmWdisR78lCFKIQWVZ3yQkk5Ixs"

{
    "success": false,
    "message": "Email, password and name are required fields"
}
HTTP/1.1 403 Forbidden
Server: nginx/1.18.0 (Ubuntu)
Date: Fri, 08 Aug 2025 09:32:39 GMT
Content-Type: application/json; charset=utf-8
Content-Length: 74
Connection: keep-alive
X-Powered-By: Express
Access-Control-Allow-Origin: *
ETag: W/"4a-EmWdisR78lCFKIQWVZ3yQkk5Ixs"

{
    "success": false,
    "message": "Email, password and name are required fields"
}
HTTP/1.1 403 Forbidden
Server: nginx/1.18.0 (Ubuntu)
Date: Fri, 08 Aug 2025 09:32:39 GMT
Content-Type: application/json; charset=utf-8
Content-Length: 74
Connection: keep-alive
X-Powered-By: Express
Access-Control-Allow-Origin: *
ETag: W/"4a-EmWdisR78lCFKIQWVZ3yQkk5Ixs"

{
    "success": false,
    "message": "Email, password and name are required fields"
}
]]></system-out>
  </testcase>
  <testcase name="shouldCreateNewUserTest" classname="praktikum.CreateUserTests" time="2.096">
    <system-out><![CDATA[Request method:	POST
Request URI:	https://stellarburgers.nomoreparties.site/api/auth/register
Proxy:			<none>
Request params:	<none>
Query params:	<none>
Form params:	<none>
Path params:	<none>
Headers:		Accept=*/*
				Content-Type=application/json
Cookies:		<none>
Multiparts:		<none>
Body:
{
    "email": "robt.oconnell@example.com",
    "password": "46q1n02x4i",
    "name": "cory.langosh"
}
Request method:	POST
Request URI:	https://stellarburgers.nomoreparties.site/api/auth/register
Proxy:			<none>
Request params:	<none>
Query params:	<none>
Form params:	<none>
Path params:	<none>
Headers:		Accept=*/*
				Content-Type=application/json
Cookies:		<none>
Multiparts:		<none>
Body:
{
    "email": "robt.oconnell@example.com",
    "password": "46q1n02x4i",
    "name": "cory.langosh"
}
Request method:	POST
Request URI:	https://stellarburgers.nomoreparties.site/api/auth/register
Proxy:			<none>
Request params:	<none>
Query params:	<none>
Form params:	<none>
Path params:	<none>
Headers:		Accept=*/*
				Content-Type=application/json
Cookies:		<none>
Multiparts:		<none>
Body:
{
    "email": "robt.oconnell@example.com",
    "password": "46q1n02x4i",
    "name": "cory.langosh"
}
Request method:	POST
Request URI:	https://stellarburgers.nomoreparties.site/api/auth/register
Proxy:			<none>
Request params:	<none>
Query params:	<none>
Form params:	<none>
Path params:	<none>
Headers:		Accept=*/*
				Content-Type=application/json
Cookies:		<none>
Multiparts:		<none>
Body:
{
    "email": "robt.oconnell@example.com",
    "password": "46q1n02x4i",
    "name": "cory.langosh"
}
Request method:	POST
Request URI:	https://stellarburgers.nomoreparties.site/api/auth/register
Proxy:			<none>
Request params:	<none>
Query params:	<none>
Form params:	<none>
Path params:	<none>
Headers:		Accept=*/*
				Content-Type=application/json
Cookies:		<none>
Multiparts:		<none>
Body:
{
    "email": "robt.oconnell@example.com",
    "password": "46q1n02x4i",
    "name": "cory.langosh"
}
Request method:	POST
Request URI:	https://stellarburgers.nomoreparties.site/api/auth/register
Proxy:			<none>
Request params:	<none>
Query params:	<none>
Form params:	<none>
Path params:	<none>
Headers:		Accept=*/*
				Content-Type=application/json
Cookies:		<none>
Multiparts:		<none>
Body:
{
    "email": "robt.oconnell@example.com",
    "password": "46q1n02x4i",
    "name": "cory.langosh"
}
HTTP/1.1 200 OK
Server: nginx/1.18.0 (Ubuntu)
Date: Fri, 08 Aug 2025 09:32:39 GMT
Content-Type: application/json; charset=utf-8
Content-Length: 376
Connection: keep-alive
X-Powered-By: Express
Access-Control-Allow-Origin: *
authorization: Bearer eyJhbGciOiJIUzI1NiIsInR5cCI6IkpXVCJ9.eyJpZCI6IjY4OTVjNDM3OWVkMjgwMDAxYjY3M2FjMyIsImlhdCI6MTc1NDY0NTU1OSwiZXhwIjoxNzU0NjQ2NzU5fQ.Wu5vm_S2wd1iHy5T08zfSIwVokW3H2_yW3Iy3-ctB8Y
ETag: W/"178-hAghGi8Mtb60X7wHB5Sl6dTDiJ8"

{
    "success": true,
    "user": {
        "email": "robt.oconnell@example.com",
        "name": "cory.langosh"
    },
    "accessToken": "Bearer eyJhbGciOiJIUzI1NiIsInR5cCI6IkpXVCJ9.eyJpZCI6IjY4OTVjNDM3OWVkMjgwMDAxYjY3M2FjMyIsImlhdCI6MTc1NDY0NTU1OSwiZXhwIjoxNzU0NjQ2NzU5fQ.Wu5vm_S2wd1iHy5T08zfSIwVokW3H2_yW3Iy3-ctB8Y",
    "refreshToken": "7a37ee8fdf1649ad7d09bee2707df7d46fb3638c27244aea95134e4da5061c87fd552cd61f2c78a5"
}
HTTP/1.1 200 OK
Server: nginx/1.18.0 (Ubuntu)
Date: Fri, 08 Aug 2025 09:32:39 GMT
Content-Type: application/json; charset=utf-8
Content-Length: 376
Connection: keep-alive
X-Powered-By: Express
Access-Control-Allow-Origin: *
authorization: Bearer eyJhbGciOiJIUzI1NiIsInR5cCI6IkpXVCJ9.eyJpZCI6IjY4OTVjNDM3OWVkMjgwMDAxYjY3M2FjMyIsImlhdCI6MTc1NDY0NTU1OSwiZXhwIjoxNzU0NjQ2NzU5fQ.Wu5vm_S2wd1iHy5T08zfSIwVokW3H2_yW3Iy3-ctB8Y
ETag: W/"178-hAghGi8Mtb60X7wHB5Sl6dTDiJ8"

{
    "success": true,
    "user": {
        "email": "robt.oconnell@example.com",
        "name": "cory.langosh"
    },
    "accessToken": "Bearer eyJhbGciOiJIUzI1NiIsInR5cCI6IkpXVCJ9.eyJpZCI6IjY4OTVjNDM3OWVkMjgwMDAxYjY3M2FjMyIsImlhdCI6MTc1NDY0NTU1OSwiZXhwIjoxNzU0NjQ2NzU5fQ.Wu5vm_S2wd1iHy5T08zfSIwVokW3H2_yW3Iy3-ctB8Y",
    "refreshToken": "7a37ee8fdf1649ad7d09bee2707df7d46fb3638c27244aea95134e4da5061c87fd552cd61f2c78a5"
}
HTTP/1.1 200 OK
Server: nginx/1.18.0 (Ubuntu)
Date: Fri, 08 Aug 2025 09:32:39 GMT
Content-Type: application/json; charset=utf-8
Content-Length: 376
Connection: keep-alive
X-Powered-By: Express
Access-Control-Allow-Origin: *
authorization: Bearer eyJhbGciOiJIUzI1NiIsInR5cCI6IkpXVCJ9.eyJpZCI6IjY4OTVjNDM3OWVkMjgwMDAxYjY3M2FjMyIsImlhdCI6MTc1NDY0NTU1OSwiZXhwIjoxNzU0NjQ2NzU5fQ.Wu5vm_S2wd1iHy5T08zfSIwVokW3H2_yW3Iy3-ctB8Y
ETag: W/"178-hAghGi8Mtb60X7wHB5Sl6dTDiJ8"

{
    "success": true,
    "user": {
        "email": "robt.oconnell@example.com",
        "name": "cory.langosh"
    },
    "accessToken": "Bearer eyJhbGciOiJIUzI1NiIsInR5cCI6IkpXVCJ9.eyJpZCI6IjY4OTVjNDM3OWVkMjgwMDAxYjY3M2FjMyIsImlhdCI6MTc1NDY0NTU1OSwiZXhwIjoxNzU0NjQ2NzU5fQ.Wu5vm_S2wd1iHy5T08zfSIwVokW3H2_yW3Iy3-ctB8Y",
    "refreshToken": "7a37ee8fdf1649ad7d09bee2707df7d46fb3638c27244aea95134e4da5061c87fd552cd61f2c78a5"
}
HTTP/1.1 200 OK
Server: nginx/1.18.0 (Ubuntu)
Date: Fri, 08 Aug 2025 09:32:39 GMT
Content-Type: application/json; charset=utf-8
Content-Length: 376
Connection: keep-alive
X-Powered-By: Express
Access-Control-Allow-Origin: *
authorization: Bearer eyJhbGciOiJIUzI1NiIsInR5cCI6IkpXVCJ9.eyJpZCI6IjY4OTVjNDM3OWVkMjgwMDAxYjY3M2FjMyIsImlhdCI6MTc1NDY0NTU1OSwiZXhwIjoxNzU0NjQ2NzU5fQ.Wu5vm_S2wd1iHy5T08zfSIwVokW3H2_yW3Iy3-ctB8Y
ETag: W/"178-hAghGi8Mtb60X7wHB5Sl6dTDiJ8"

{
    "success": true,
    "user": {
        "email": "robt.oconnell@example.com",
        "name": "cory.langosh"
    },
    "accessToken": "Bearer eyJhbGciOiJIUzI1NiIsInR5cCI6IkpXVCJ9.eyJpZCI6IjY4OTVjNDM3OWVkMjgwMDAxYjY3M2FjMyIsImlhdCI6MTc1NDY0NTU1OSwiZXhwIjoxNzU0NjQ2NzU5fQ.Wu5vm_S2wd1iHy5T08zfSIwVokW3H2_yW3Iy3-ctB8Y",
    "refreshToken": "7a37ee8fdf1649ad7d09bee2707df7d46fb3638c27244aea95134e4da5061c87fd552cd61f2c78a5"
}
HTTP/1.1 200 OK
Server: nginx/1.18.0 (Ubuntu)
Date: Fri, 08 Aug 2025 09:32:39 GMT
Content-Type: application/json; charset=utf-8
Content-Length: 376
Connection: keep-alive
X-Powered-By: Express
Access-Control-Allow-Origin: *
authorization: Bearer eyJhbGciOiJIUzI1NiIsInR5cCI6IkpXVCJ9.eyJpZCI6IjY4OTVjNDM3OWVkMjgwMDAxYjY3M2FjMyIsImlhdCI6MTc1NDY0NTU1OSwiZXhwIjoxNzU0NjQ2NzU5fQ.Wu5vm_S2wd1iHy5T08zfSIwVokW3H2_yW3Iy3-ctB8Y
ETag: W/"178-hAghGi8Mtb60X7wHB5Sl6dTDiJ8"

{
    "success": true,
    "user": {
        "email": "robt.oconnell@example.com",
        "name": "cory.langosh"
    },
    "accessToken": "Bearer eyJhbGciOiJIUzI1NiIsInR5cCI6IkpXVCJ9.eyJpZCI6IjY4OTVjNDM3OWVkMjgwMDAxYjY3M2FjMyIsImlhdCI6MTc1NDY0NTU1OSwiZXhwIjoxNzU0NjQ2NzU5fQ.Wu5vm_S2wd1iHy5T08zfSIwVokW3H2_yW3Iy3-ctB8Y",
    "refreshToken": "7a37ee8fdf1649ad7d09bee2707df7d46fb3638c27244aea95134e4da5061c87fd552cd61f2c78a5"
}
HTTP/1.1 200 OK
Server: nginx/1.18.0 (Ubuntu)
Date: Fri, 08 Aug 2025 09:32:39 GMT
Content-Type: application/json; charset=utf-8
Content-Length: 376
Connection: keep-alive
X-Powered-By: Express
Access-Control-Allow-Origin: *
authorization: Bearer eyJhbGciOiJIUzI1NiIsInR5cCI6IkpXVCJ9.eyJpZCI6IjY4OTVjNDM3OWVkMjgwMDAxYjY3M2FjMyIsImlhdCI6MTc1NDY0NTU1OSwiZXhwIjoxNzU0NjQ2NzU5fQ.Wu5vm_S2wd1iHy5T08zfSIwVokW3H2_yW3Iy3-ctB8Y
ETag: W/"178-hAghGi8Mtb60X7wHB5Sl6dTDiJ8"

{
    "success": true,
    "user": {
        "email": "robt.oconnell@example.com",
        "name": "cory.langosh"
    },
    "accessToken": "Bearer eyJhbGciOiJIUzI1NiIsInR5cCI6IkpXVCJ9.eyJpZCI6IjY4OTVjNDM3OWVkMjgwMDAxYjY3M2FjMyIsImlhdCI6MTc1NDY0NTU1OSwiZXhwIjoxNzU0NjQ2NzU5fQ.Wu5vm_S2wd1iHy5T08zfSIwVokW3H2_yW3Iy3-ctB8Y",
    "refreshToken": "7a37ee8fdf1649ad7d09bee2707df7d46fb3638c27244aea95134e4da5061c87fd552cd61f2c78a5"
}
Request method:	POST
Request URI:	https://stellarburgers.nomoreparties.site/api/auth/login
Proxy:			<none>
Request params:	<none>
Query params:	<none>
Form params:	<none>
Path params:	<none>
Headers:		Accept=*/*
				Content-Type=application/json
Cookies:		<none>
Multiparts:		<none>
Body:
{
    "email": "robt.oconnell@example.com",
    "password": "46q1n02x4i",
    "name": "cory.langosh"
}
Request method:	POST
Request URI:	https://stellarburgers.nomoreparties.site/api/auth/login
Proxy:			<none>
Request params:	<none>
Query params:	<none>
Form params:	<none>
Path params:	<none>
Headers:		Accept=*/*
				Content-Type=application/json
Cookies:		<none>
Multiparts:		<none>
Body:
{
    "email": "robt.oconnell@example.com",
    "password": "46q1n02x4i",
    "name": "cory.langosh"
}
Request method:	POST
Request URI:	https://stellarburgers.nomoreparties.site/api/auth/login
Proxy:			<none>
Request params:	<none>
Query params:	<none>
Form params:	<none>
Path params:	<none>
Headers:		Accept=*/*
				Content-Type=application/json
Cookies:		<none>
Multiparts:		<none>
Body:
{
    "email": "robt.oconnell@example.com",
    "password": "46q1n02x4i",
    "name": "cory.langosh"
}
Request method:	POST
Request URI:	https://stellarburgers.nomoreparties.site/api/auth/login
Proxy:			<none>
Request params:	<none>
Query params:	<none>
Form params:	<none>
Path params:	<none>
Headers:		Accept=*/*
				Content-Type=application/json
Cookies:		<none>
Multiparts:		<none>
Body:
{
    "email": "robt.oconnell@example.com",
    "password": "46q1n02x4i",
    "name": "cory.langosh"
}
Request method:	POST
Request URI:	https://stellarburgers.nomoreparties.site/api/auth/login
Proxy:			<none>
Request params:	<none>
Query params:	<none>
Form params:	<none>
Path params:	<none>
Headers:		Accept=*/*
				Content-Type=application/json
Cookies:		<none>
Multiparts:		<none>
Body:
{
    "email": "robt.oconnell@example.com",
    "password": "46q1n02x4i",
    "name": "cory.langosh"
}
Request method:	POST
Request URI:	https://stellarburgers.nomoreparties.site/api/auth/login
Proxy:			<none>
Request params:	<none>
Query params:	<none>
Form params:	<none>
Path params:	<none>
Headers:		Accept=*/*
				Content-Type=application/json
Cookies:		<none>
Multiparts:		<none>
Body:
{
    "email": "robt.oconnell@example.com",
    "password": "46q1n02x4i",
    "name": "cory.langosh"
}
HTTP/1.1 200 OK
Server: nginx/1.18.0 (Ubuntu)
Date: Fri, 08 Aug 2025 09:32:40 GMT
Content-Type: application/json; charset=utf-8
Content-Length: 376
Connection: keep-alive
X-Powered-By: Express
Access-Control-Allow-Origin: *
ETag: W/"178-rQpFYCTNiwFBKnO48TnB3GqYB+U"

{
    "success": true,
    "accessToken": "Bearer eyJhbGciOiJIUzI1NiIsInR5cCI6IkpXVCJ9.eyJpZCI6IjY4OTVjNDM3OWVkMjgwMDAxYjY3M2FjMyIsImlhdCI6MTc1NDY0NTU2MCwiZXhwIjoxNzU0NjQ2NzYwfQ.fZkWFJ4RBhrPWlFqUcDWjGC3tbOW5slJER_N2eo5-Ao",
    "refreshToken": "5be2893076667ca4b88aa0d1766c2fab372f1257c30496a0eb49271ef42051debe20aef38cccaa65",
    "user": {
        "email": "robt.oconnell@example.com",
        "name": "cory.langosh"
    }
}
HTTP/1.1 200 OK
Server: nginx/1.18.0 (Ubuntu)
Date: Fri, 08 Aug 2025 09:32:40 GMT
Content-Type: application/json; charset=utf-8
Content-Length: 376
Connection: keep-alive
X-Powered-By: Express
Access-Control-Allow-Origin: *
ETag: W/"178-rQpFYCTNiwFBKnO48TnB3GqYB+U"

{
    "success": true,
    "accessToken": "Bearer eyJhbGciOiJIUzI1NiIsInR5cCI6IkpXVCJ9.eyJpZCI6IjY4OTVjNDM3OWVkMjgwMDAxYjY3M2FjMyIsImlhdCI6MTc1NDY0NTU2MCwiZXhwIjoxNzU0NjQ2NzYwfQ.fZkWFJ4RBhrPWlFqUcDWjGC3tbOW5slJER_N2eo5-Ao",
    "refreshToken": "5be2893076667ca4b88aa0d1766c2fab372f1257c30496a0eb49271ef42051debe20aef38cccaa65",
    "user": {
        "email": "robt.oconnell@example.com",
        "name": "cory.langosh"
    }
}
HTTP/1.1 200 OK
Server: nginx/1.18.0 (Ubuntu)
Date: Fri, 08 Aug 2025 09:32:40 GMT
Content-Type: application/json; charset=utf-8
Content-Length: 376
Connection: keep-alive
X-Powered-By: Express
Access-Control-Allow-Origin: *
ETag: W/"178-rQpFYCTNiwFBKnO48TnB3GqYB+U"

{
    "success": true,
    "accessToken": "Bearer eyJhbGciOiJIUzI1NiIsInR5cCI6IkpXVCJ9.eyJpZCI6IjY4OTVjNDM3OWVkMjgwMDAxYjY3M2FjMyIsImlhdCI6MTc1NDY0NTU2MCwiZXhwIjoxNzU0NjQ2NzYwfQ.fZkWFJ4RBhrPWlFqUcDWjGC3tbOW5slJER_N2eo5-Ao",
    "refreshToken": "5be2893076667ca4b88aa0d1766c2fab372f1257c30496a0eb49271ef42051debe20aef38cccaa65",
    "user": {
        "email": "robt.oconnell@example.com",
        "name": "cory.langosh"
    }
}
HTTP/1.1 200 OK
Server: nginx/1.18.0 (Ubuntu)
Date: Fri, 08 Aug 2025 09:32:40 GMT
Content-Type: application/json; charset=utf-8
Content-Length: 376
Connection: keep-alive
X-Powered-By: Express
Access-Control-Allow-Origin: *
ETag: W/"178-rQpFYCTNiwFBKnO48TnB3GqYB+U"

{
    "success": true,
    "accessToken": "Bearer eyJhbGciOiJIUzI1NiIsInR5cCI6IkpXVCJ9.eyJpZCI6IjY4OTVjNDM3OWVkMjgwMDAxYjY3M2FjMyIsImlhdCI6MTc1NDY0NTU2MCwiZXhwIjoxNzU0NjQ2NzYwfQ.fZkWFJ4RBhrPWlFqUcDWjGC3tbOW5slJER_N2eo5-Ao",
    "refreshToken": "5be2893076667ca4b88aa0d1766c2fab372f1257c30496a0eb49271ef42051debe20aef38cccaa65",
    "user": {
        "email": "robt.oconnell@example.com",
        "name": "cory.langosh"
    }
}
HTTP/1.1 200 OK
Server: nginx/1.18.0 (Ubuntu)
Date: Fri, 08 Aug 2025 09:32:40 GMT
Content-Type: application/json; charset=utf-8
Content-Length: 376
Connection: keep-alive
X-Powered-By: Express
Access-Control-Allow-Origin: *
ETag: W/"178-rQpFYCTNiwFBKnO48TnB3GqYB+U"

{
    "success": true,
    "accessToken": "Bearer eyJhbGciOiJIUzI1NiIsInR5cCI6IkpXVCJ9.eyJpZCI6IjY4OTVjNDM3OWVkMjgwMDAxYjY3M2FjMyIsImlhdCI6MTc1NDY0NTU2MCwiZXhwIjoxNzU0NjQ2NzYwfQ.fZkWFJ4RBhrPWlFqUcDWjGC3tbOW5slJER_N2eo5-Ao",
    "refreshToken": "5be2893076667ca4b88aa0d1766c2fab372f1257c30496a0eb49271ef42051debe20aef38cccaa65",
    "user": {
        "email": "robt.oconnell@example.com",
        "name": "cory.langosh"
    }
}
HTTP/1.1 200 OK
Server: nginx/1.18.0 (Ubuntu)
Date: Fri, 08 Aug 2025 09:32:40 GMT
Content-Type: application/json; charset=utf-8
Content-Length: 376
Connection: keep-alive
X-Powered-By: Express
Access-Control-Allow-Origin: *
ETag: W/"178-rQpFYCTNiwFBKnO48TnB3GqYB+U"

{
    "success": true,
    "accessToken": "Bearer eyJhbGciOiJIUzI1NiIsInR5cCI6IkpXVCJ9.eyJpZCI6IjY4OTVjNDM3OWVkMjgwMDAxYjY3M2FjMyIsImlhdCI6MTc1NDY0NTU2MCwiZXhwIjoxNzU0NjQ2NzYwfQ.fZkWFJ4RBhrPWlFqUcDWjGC3tbOW5slJER_N2eo5-Ao",
    "refreshToken": "5be2893076667ca4b88aa0d1766c2fab372f1257c30496a0eb49271ef42051debe20aef38cccaa65",
    "user": {
        "email": "robt.oconnell@example.com",
        "name": "cory.langosh"
    }
}
Request method:	DELETE
Request URI:	https://stellarburgers.nomoreparties.site/api/auth/user
Proxy:			<none>
Request params:	<none>
Query params:	<none>
Form params:	<none>
Path params:	<none>
Headers:		Authorization=Bearer eyJhbGciOiJIUzI1NiIsInR5cCI6IkpXVCJ9.eyJpZCI6IjY4OTVjNDM3OWVkMjgwMDAxYjY3M2FjMyIsImlhdCI6MTc1NDY0NTU2MCwiZXhwIjoxNzU0NjQ2NzYwfQ.fZkWFJ4RBhrPWlFqUcDWjGC3tbOW5slJER_N2eo5-Ao
				Accept=*/*
				Content-Type=application/json
Cookies:		<none>
Multiparts:		<none>
Body:			<none>
Request method:	DELETE
Request URI:	https://stellarburgers.nomoreparties.site/api/auth/user
Proxy:			<none>
Request params:	<none>
Query params:	<none>
Form params:	<none>
Path params:	<none>
Headers:		Authorization=Bearer eyJhbGciOiJIUzI1NiIsInR5cCI6IkpXVCJ9.eyJpZCI6IjY4OTVjNDM3OWVkMjgwMDAxYjY3M2FjMyIsImlhdCI6MTc1NDY0NTU2MCwiZXhwIjoxNzU0NjQ2NzYwfQ.fZkWFJ4RBhrPWlFqUcDWjGC3tbOW5slJER_N2eo5-Ao
				Accept=*/*
				Content-Type=application/json
Cookies:		<none>
Multiparts:		<none>
Body:			<none>
Request method:	DELETE
Request URI:	https://stellarburgers.nomoreparties.site/api/auth/user
Proxy:			<none>
Request params:	<none>
Query params:	<none>
Form params:	<none>
Path params:	<none>
Headers:		Authorization=Bearer eyJhbGciOiJIUzI1NiIsInR5cCI6IkpXVCJ9.eyJpZCI6IjY4OTVjNDM3OWVkMjgwMDAxYjY3M2FjMyIsImlhdCI6MTc1NDY0NTU2MCwiZXhwIjoxNzU0NjQ2NzYwfQ.fZkWFJ4RBhrPWlFqUcDWjGC3tbOW5slJER_N2eo5-Ao
				Accept=*/*
				Content-Type=application/json
Cookies:		<none>
Multiparts:		<none>
Body:			<none>
Request method:	DELETE
Request URI:	https://stellarburgers.nomoreparties.site/api/auth/user
Proxy:			<none>
Request params:	<none>
Query params:	<none>
Form params:	<none>
Path params:	<none>
Headers:		Authorization=Bearer eyJhbGciOiJIUzI1NiIsInR5cCI6IkpXVCJ9.eyJpZCI6IjY4OTVjNDM3OWVkMjgwMDAxYjY3M2FjMyIsImlhdCI6MTc1NDY0NTU2MCwiZXhwIjoxNzU0NjQ2NzYwfQ.fZkWFJ4RBhrPWlFqUcDWjGC3tbOW5slJER_N2eo5-Ao
				Accept=*/*
				Content-Type=application/json
Cookies:		<none>
Multiparts:		<none>
Body:			<none>
Request method:	DELETE
Request URI:	https://stellarburgers.nomoreparties.site/api/auth/user
Proxy:			<none>
Request params:	<none>
Query params:	<none>
Form params:	<none>
Path params:	<none>
Headers:		Authorization=Bearer eyJhbGciOiJIUzI1NiIsInR5cCI6IkpXVCJ9.eyJpZCI6IjY4OTVjNDM3OWVkMjgwMDAxYjY3M2FjMyIsImlhdCI6MTc1NDY0NTU2MCwiZXhwIjoxNzU0NjQ2NzYwfQ.fZkWFJ4RBhrPWlFqUcDWjGC3tbOW5slJER_N2eo5-Ao
				Accept=*/*
				Content-Type=application/json
Cookies:		<none>
Multiparts:		<none>
Body:			<none>
Request method:	DELETE
Request URI:	https://stellarburgers.nomoreparties.site/api/auth/user
Proxy:			<none>
Request params:	<none>
Query params:	<none>
Form params:	<none>
Path params:	<none>
Headers:		Authorization=Bearer eyJhbGciOiJIUzI1NiIsInR5cCI6IkpXVCJ9.eyJpZCI6IjY4OTVjNDM3OWVkMjgwMDAxYjY3M2FjMyIsImlhdCI6MTc1NDY0NTU2MCwiZXhwIjoxNzU0NjQ2NzYwfQ.fZkWFJ4RBhrPWlFqUcDWjGC3tbOW5slJER_N2eo5-Ao
				Accept=*/*
				Content-Type=application/json
Cookies:		<none>
Multiparts:		<none>
Body:			<none>
HTTP/1.1 202 Accepted
Server: nginx/1.18.0 (Ubuntu)
Date: Fri, 08 Aug 2025 09:32:41 GMT
Content-Type: application/json; charset=utf-8
Content-Length: 54
Connection: keep-alive
X-Powered-By: Express
Access-Control-Allow-Origin: *
ETag: W/"36-hDmZnQ3Ou/ynnqAeC6TYmyseuzY"

{
    "success": true,
    "message": "User successfully removed"
}
HTTP/1.1 202 Accepted
Server: nginx/1.18.0 (Ubuntu)
Date: Fri, 08 Aug 2025 09:32:41 GMT
Content-Type: application/json; charset=utf-8
Content-Length: 54
Connection: keep-alive
X-Powered-By: Express
Access-Control-Allow-Origin: *
ETag: W/"36-hDmZnQ3Ou/ynnqAeC6TYmyseuzY"

{
    "success": true,
    "message": "User successfully removed"
}
HTTP/1.1 202 Accepted
Server: nginx/1.18.0 (Ubuntu)
Date: Fri, 08 Aug 2025 09:32:41 GMT
Content-Type: application/json; charset=utf-8
Content-Length: 54
Connection: keep-alive
X-Powered-By: Express
Access-Control-Allow-Origin: *
ETag: W/"36-hDmZnQ3Ou/ynnqAeC6TYmyseuzY"

{
    "success": true,
    "message": "User successfully removed"
}
HTTP/1.1 202 Accepted
Server: nginx/1.18.0 (Ubuntu)
Date: Fri, 08 Aug 2025 09:32:41 GMT
Content-Type: application/json; charset=utf-8
Content-Length: 54
Connection: keep-alive
X-Powered-By: Express
Access-Control-Allow-Origin: *
ETag: W/"36-hDmZnQ3Ou/ynnqAeC6TYmyseuzY"

{
    "success": true,
    "message": "User successfully removed"
}
HTTP/1.1 202 Accepted
Server: nginx/1.18.0 (Ubuntu)
Date: Fri, 08 Aug 2025 09:32:41 GMT
Content-Type: application/json; charset=utf-8
Content-Length: 54
Connection: keep-alive
X-Powered-By: Express
Access-Control-Allow-Origin: *
ETag: W/"36-hDmZnQ3Ou/ynnqAeC6TYmyseuzY"

{
    "success": true,
    "message": "User successfully removed"
}
HTTP/1.1 202 Accepted
Server: nginx/1.18.0 (Ubuntu)
Date: Fri, 08 Aug 2025 09:32:41 GMT
Content-Type: application/json; charset=utf-8
Content-Length: 54
Connection: keep-alive
X-Powered-By: Express
Access-Control-Allow-Origin: *
ETag: W/"36-hDmZnQ3Ou/ynnqAeC6TYmyseuzY"

{
    "success": true,
    "message": "User successfully removed"
}
]]></system-out>
  </testcase>
  <testcase name="shouldNotCreateDuplicateUserTest" classname="praktikum.CreateUserTests" time="0.853">
    <system-out><![CDATA[Request method:	POST
Request URI:	https://stellarburgers.nomoreparties.site/api/auth/register
Proxy:			<none>
Request params:	<none>
Query params:	<none>
Form params:	<none>
Path params:	<none>
Headers:		Accept=*/*
				Content-Type=application/json
Cookies:		<none>
Multiparts:		<none>
Body:
{
    "email": "burt.blanda@example.com",
    "password": "5t8e6ijb9ex7908",
    "name": "tory.murazik"
}
Request method:	POST
Request URI:	https://stellarburgers.nomoreparties.site/api/auth/register
Proxy:			<none>
Request params:	<none>
Query params:	<none>
Form params:	<none>
Path params:	<none>
Headers:		Accept=*/*
				Content-Type=application/json
Cookies:		<none>
Multiparts:		<none>
Body:
{
    "email": "burt.blanda@example.com",
    "password": "5t8e6ijb9ex7908",
    "name": "tory.murazik"
}
Request method:	POST
Request URI:	https://stellarburgers.nomoreparties.site/api/auth/register
Proxy:			<none>
Request params:	<none>
Query params:	<none>
Form params:	<none>
Path params:	<none>
Headers:		Accept=*/*
				Content-Type=application/json
Cookies:		<none>
Multiparts:		<none>
Body:
{
    "email": "burt.blanda@example.com",
    "password": "5t8e6ijb9ex7908",
    "name": "tory.murazik"
}
Request method:	POST
Request URI:	https://stellarburgers.nomoreparties.site/api/auth/register
Proxy:			<none>
Request params:	<none>
Query params:	<none>
Form params:	<none>
Path params:	<none>
Headers:		Accept=*/*
				Content-Type=application/json
Cookies:		<none>
Multiparts:		<none>
Body:
{
    "email": "burt.blanda@example.com",
    "password": "5t8e6ijb9ex7908",
    "name": "tory.murazik"
}
Request method:	POST
Request URI:	https://stellarburgers.nomoreparties.site/api/auth/register
Proxy:			<none>
Request params:	<none>
Query params:	<none>
Form params:	<none>
Path params:	<none>
Headers:		Accept=*/*
				Content-Type=application/json
Cookies:		<none>
Multiparts:		<none>
Body:
{
    "email": "burt.blanda@example.com",
    "password": "5t8e6ijb9ex7908",
    "name": "tory.murazik"
}
Request method:	POST
Request URI:	https://stellarburgers.nomoreparties.site/api/auth/register
Proxy:			<none>
Request params:	<none>
Query params:	<none>
Form params:	<none>
Path params:	<none>
Headers:		Accept=*/*
				Content-Type=application/json
Cookies:		<none>
Multiparts:		<none>
Body:
{
    "email": "burt.blanda@example.com",
    "password": "5t8e6ijb9ex7908",
    "name": "tory.murazik"
}
Request method:	POST
Request URI:	https://stellarburgers.nomoreparties.site/api/auth/register
Proxy:			<none>
Request params:	<none>
Query params:	<none>
Form params:	<none>
Path params:	<none>
Headers:		Accept=*/*
				Content-Type=application/json
Cookies:		<none>
Multiparts:		<none>
Body:
{
    "email": "burt.blanda@example.com",
    "password": "5t8e6ijb9ex7908",
    "name": "tory.murazik"
}
HTTP/1.1 200 OK
Server: nginx/1.18.0 (Ubuntu)
Date: Fri, 08 Aug 2025 09:32:41 GMT
Content-Type: application/json; charset=utf-8
Content-Length: 374
Connection: keep-alive
X-Powered-By: Express
Access-Control-Allow-Origin: *
authorization: Bearer eyJhbGciOiJIUzI1NiIsInR5cCI6IkpXVCJ9.eyJpZCI6IjY4OTVjNDM5OWVkMjgwMDAxYjY3M2FjNiIsImlhdCI6MTc1NDY0NTU2MSwiZXhwIjoxNzU0NjQ2NzYxfQ.TLGRMDXu9RflhZTn9CVsAyP68eu2ypsAAtdv10fD4RE
ETag: W/"176-1hM0o/VCp0Wm5uU/ux+3FT/Gqp8"

{
    "success": true,
    "user": {
        "email": "burt.blanda@example.com",
        "name": "tory.murazik"
    },
    "accessToken": "Bearer eyJhbGciOiJIUzI1NiIsInR5cCI6IkpXVCJ9.eyJpZCI6IjY4OTVjNDM5OWVkMjgwMDAxYjY3M2FjNiIsImlhdCI6MTc1NDY0NTU2MSwiZXhwIjoxNzU0NjQ2NzYxfQ.TLGRMDXu9RflhZTn9CVsAyP68eu2ypsAAtdv10fD4RE",
    "refreshToken": "660bc75ad5015917564c30813618b88d3231f91d61a1bebc2e552561a421c5a80ae3a30160c94902"
}
HTTP/1.1 200 OK
Server: nginx/1.18.0 (Ubuntu)
Date: Fri, 08 Aug 2025 09:32:41 GMT
Content-Type: application/json; charset=utf-8
Content-Length: 374
Connection: keep-alive
X-Powered-By: Express
Access-Control-Allow-Origin: *
authorization: Bearer eyJhbGciOiJIUzI1NiIsInR5cCI6IkpXVCJ9.eyJpZCI6IjY4OTVjNDM5OWVkMjgwMDAxYjY3M2FjNiIsImlhdCI6MTc1NDY0NTU2MSwiZXhwIjoxNzU0NjQ2NzYxfQ.TLGRMDXu9RflhZTn9CVsAyP68eu2ypsAAtdv10fD4RE
ETag: W/"176-1hM0o/VCp0Wm5uU/ux+3FT/Gqp8"

{
    "success": true,
    "user": {
        "email": "burt.blanda@example.com",
        "name": "tory.murazik"
    },
    "accessToken": "Bearer eyJhbGciOiJIUzI1NiIsInR5cCI6IkpXVCJ9.eyJpZCI6IjY4OTVjNDM5OWVkMjgwMDAxYjY3M2FjNiIsImlhdCI6MTc1NDY0NTU2MSwiZXhwIjoxNzU0NjQ2NzYxfQ.TLGRMDXu9RflhZTn9CVsAyP68eu2ypsAAtdv10fD4RE",
    "refreshToken": "660bc75ad5015917564c30813618b88d3231f91d61a1bebc2e552561a421c5a80ae3a30160c94902"
}
HTTP/1.1 200 OK
Server: nginx/1.18.0 (Ubuntu)
Date: Fri, 08 Aug 2025 09:32:41 GMT
Content-Type: application/json; charset=utf-8
Content-Length: 374
Connection: keep-alive
X-Powered-By: Express
Access-Control-Allow-Origin: *
authorization: Bearer eyJhbGciOiJIUzI1NiIsInR5cCI6IkpXVCJ9.eyJpZCI6IjY4OTVjNDM5OWVkMjgwMDAxYjY3M2FjNiIsImlhdCI6MTc1NDY0NTU2MSwiZXhwIjoxNzU0NjQ2NzYxfQ.TLGRMDXu9RflhZTn9CVsAyP68eu2ypsAAtdv10fD4RE
ETag: W/"176-1hM0o/VCp0Wm5uU/ux+3FT/Gqp8"

{
    "success": true,
    "user": {
        "email": "burt.blanda@example.com",
        "name": "tory.murazik"
    },
    "accessToken": "Bearer eyJhbGciOiJIUzI1NiIsInR5cCI6IkpXVCJ9.eyJpZCI6IjY4OTVjNDM5OWVkMjgwMDAxYjY3M2FjNiIsImlhdCI6MTc1NDY0NTU2MSwiZXhwIjoxNzU0NjQ2NzYxfQ.TLGRMDXu9RflhZTn9CVsAyP68eu2ypsAAtdv10fD4RE",
    "refreshToken": "660bc75ad5015917564c30813618b88d3231f91d61a1bebc2e552561a421c5a80ae3a30160c94902"
}
HTTP/1.1 200 OK
Server: nginx/1.18.0 (Ubuntu)
Date: Fri, 08 Aug 2025 09:32:41 GMT
Content-Type: application/json; charset=utf-8
Content-Length: 374
Connection: keep-alive
X-Powered-By: Express
Access-Control-Allow-Origin: *
authorization: Bearer eyJhbGciOiJIUzI1NiIsInR5cCI6IkpXVCJ9.eyJpZCI6IjY4OTVjNDM5OWVkMjgwMDAxYjY3M2FjNiIsImlhdCI6MTc1NDY0NTU2MSwiZXhwIjoxNzU0NjQ2NzYxfQ.TLGRMDXu9RflhZTn9CVsAyP68eu2ypsAAtdv10fD4RE
ETag: W/"176-1hM0o/VCp0Wm5uU/ux+3FT/Gqp8"

{
    "success": true,
    "user": {
        "email": "burt.blanda@example.com",
        "name": "tory.murazik"
    },
    "accessToken": "Bearer eyJhbGciOiJIUzI1NiIsInR5cCI6IkpXVCJ9.eyJpZCI6IjY4OTVjNDM5OWVkMjgwMDAxYjY3M2FjNiIsImlhdCI6MTc1NDY0NTU2MSwiZXhwIjoxNzU0NjQ2NzYxfQ.TLGRMDXu9RflhZTn9CVsAyP68eu2ypsAAtdv10fD4RE",
    "refreshToken": "660bc75ad5015917564c30813618b88d3231f91d61a1bebc2e552561a421c5a80ae3a30160c94902"
}
HTTP/1.1 200 OK
Server: nginx/1.18.0 (Ubuntu)
Date: Fri, 08 Aug 2025 09:32:41 GMT
Content-Type: application/json; charset=utf-8
Content-Length: 374
Connection: keep-alive
X-Powered-By: Express
Access-Control-Allow-Origin: *
authorization: Bearer eyJhbGciOiJIUzI1NiIsInR5cCI6IkpXVCJ9.eyJpZCI6IjY4OTVjNDM5OWVkMjgwMDAxYjY3M2FjNiIsImlhdCI6MTc1NDY0NTU2MSwiZXhwIjoxNzU0NjQ2NzYxfQ.TLGRMDXu9RflhZTn9CVsAyP68eu2ypsAAtdv10fD4RE
ETag: W/"176-1hM0o/VCp0Wm5uU/ux+3FT/Gqp8"

{
    "success": true,
    "user": {
        "email": "burt.blanda@example.com",
        "name": "tory.murazik"
    },
    "accessToken": "Bearer eyJhbGciOiJIUzI1NiIsInR5cCI6IkpXVCJ9.eyJpZCI6IjY4OTVjNDM5OWVkMjgwMDAxYjY3M2FjNiIsImlhdCI6MTc1NDY0NTU2MSwiZXhwIjoxNzU0NjQ2NzYxfQ.TLGRMDXu9RflhZTn9CVsAyP68eu2ypsAAtdv10fD4RE",
    "refreshToken": "660bc75ad5015917564c30813618b88d3231f91d61a1bebc2e552561a421c5a80ae3a30160c94902"
}
HTTP/1.1 200 OK
Server: nginx/1.18.0 (Ubuntu)
Date: Fri, 08 Aug 2025 09:32:41 GMT
Content-Type: application/json; charset=utf-8
Content-Length: 374
Connection: keep-alive
X-Powered-By: Express
Access-Control-Allow-Origin: *
authorization: Bearer eyJhbGciOiJIUzI1NiIsInR5cCI6IkpXVCJ9.eyJpZCI6IjY4OTVjNDM5OWVkMjgwMDAxYjY3M2FjNiIsImlhdCI6MTc1NDY0NTU2MSwiZXhwIjoxNzU0NjQ2NzYxfQ.TLGRMDXu9RflhZTn9CVsAyP68eu2ypsAAtdv10fD4RE
ETag: W/"176-1hM0o/VCp0Wm5uU/ux+3FT/Gqp8"

{
    "success": true,
    "user": {
        "email": "burt.blanda@example.com",
        "name": "tory.murazik"
    },
    "accessToken": "Bearer eyJhbGciOiJIUzI1NiIsInR5cCI6IkpXVCJ9.eyJpZCI6IjY4OTVjNDM5OWVkMjgwMDAxYjY3M2FjNiIsImlhdCI6MTc1NDY0NTU2MSwiZXhwIjoxNzU0NjQ2NzYxfQ.TLGRMDXu9RflhZTn9CVsAyP68eu2ypsAAtdv10fD4RE",
    "refreshToken": "660bc75ad5015917564c30813618b88d3231f91d61a1bebc2e552561a421c5a80ae3a30160c94902"
}
HTTP/1.1 200 OK
Server: nginx/1.18.0 (Ubuntu)
Date: Fri, 08 Aug 2025 09:32:41 GMT
Content-Type: application/json; charset=utf-8
Content-Length: 374
Connection: keep-alive
X-Powered-By: Express
Access-Control-Allow-Origin: *
authorization: Bearer eyJhbGciOiJIUzI1NiIsInR5cCI6IkpXVCJ9.eyJpZCI6IjY4OTVjNDM5OWVkMjgwMDAxYjY3M2FjNiIsImlhdCI6MTc1NDY0NTU2MSwiZXhwIjoxNzU0NjQ2NzYxfQ.TLGRMDXu9RflhZTn9CVsAyP68eu2ypsAAtdv10fD4RE
ETag: W/"176-1hM0o/VCp0Wm5uU/ux+3FT/Gqp8"

{
    "success": true,
    "user": {
        "email": "burt.blanda@example.com",
        "name": "tory.murazik"
    },
    "accessToken": "Bearer eyJhbGciOiJIUzI1NiIsInR5cCI6IkpXVCJ9.eyJpZCI6IjY4OTVjNDM5OWVkMjgwMDAxYjY3M2FjNiIsImlhdCI6MTc1NDY0NTU2MSwiZXhwIjoxNzU0NjQ2NzYxfQ.TLGRMDXu9RflhZTn9CVsAyP68eu2ypsAAtdv10fD4RE",
    "refreshToken": "660bc75ad5015917564c30813618b88d3231f91d61a1bebc2e552561a421c5a80ae3a30160c94902"
}
Request method:	POST
Request URI:	https://stellarburgers.nomoreparties.site/api/auth/register
Proxy:			<none>
Request params:	<none>
Query params:	<none>
Form params:	<none>
Path params:	<none>
Headers:		Accept=*/*
				Content-Type=application/json
Cookies:		<none>
Multiparts:		<none>
Body:
{
    "email": "burt.blanda@example.com",
    "password": "5t8e6ijb9ex7908",
    "name": "tory.murazik"
}
Request method:	POST
Request URI:	https://stellarburgers.nomoreparties.site/api/auth/register
Proxy:			<none>
Request params:	<none>
Query params:	<none>
Form params:	<none>
Path params:	<none>
Headers:		Accept=*/*
				Content-Type=application/json
Cookies:		<none>
Multiparts:		<none>
Body:
{
    "email": "burt.blanda@example.com",
    "password": "5t8e6ijb9ex7908",
    "name": "tory.murazik"
}
Request method:	POST
Request URI:	https://stellarburgers.nomoreparties.site/api/auth/register
Proxy:			<none>
Request params:	<none>
Query params:	<none>
Form params:	<none>
Path params:	<none>
Headers:		Accept=*/*
				Content-Type=application/json
Cookies:		<none>
Multiparts:		<none>
Body:
{
    "email": "burt.blanda@example.com",
    "password": "5t8e6ijb9ex7908",
    "name": "tory.murazik"
}
Request method:	POST
Request URI:	https://stellarburgers.nomoreparties.site/api/auth/register
Proxy:			<none>
Request params:	<none>
Query params:	<none>
Form params:	<none>
Path params:	<none>
Headers:		Accept=*/*
				Content-Type=application/json
Cookies:		<none>
Multiparts:		<none>
Body:
{
    "email": "burt.blanda@example.com",
    "password": "5t8e6ijb9ex7908",
    "name": "tory.murazik"
}
Request method:	POST
Request URI:	https://stellarburgers.nomoreparties.site/api/auth/register
Proxy:			<none>
Request params:	<none>
Query params:	<none>
Form params:	<none>
Path params:	<none>
Headers:		Accept=*/*
				Content-Type=application/json
Cookies:		<none>
Multiparts:		<none>
Body:
{
    "email": "burt.blanda@example.com",
    "password": "5t8e6ijb9ex7908",
    "name": "tory.murazik"
}
Request method:	POST
Request URI:	https://stellarburgers.nomoreparties.site/api/auth/register
Proxy:			<none>
Request params:	<none>
Query params:	<none>
Form params:	<none>
Path params:	<none>
Headers:		Accept=*/*
				Content-Type=application/json
Cookies:		<none>
Multiparts:		<none>
Body:
{
    "email": "burt.blanda@example.com",
    "password": "5t8e6ijb9ex7908",
    "name": "tory.murazik"
}
Request method:	POST
Request URI:	https://stellarburgers.nomoreparties.site/api/auth/register
Proxy:			<none>
Request params:	<none>
Query params:	<none>
Form params:	<none>
Path params:	<none>
Headers:		Accept=*/*
				Content-Type=application/json
Cookies:		<none>
Multiparts:		<none>
Body:
{
    "email": "burt.blanda@example.com",
    "password": "5t8e6ijb9ex7908",
    "name": "tory.murazik"
}
HTTP/1.1 403 Forbidden
Server: nginx/1.18.0 (Ubuntu)
Date: Fri, 08 Aug 2025 09:32:42 GMT
Content-Type: application/json; charset=utf-8
Content-Length: 49
Connection: keep-alive
X-Powered-By: Express
Access-Control-Allow-Origin: *
ETag: W/"31-WKEMg8zALB1Ko0WjUHi/6RBGHVc"

{
    "success": false,
    "message": "User already exists"
}
HTTP/1.1 403 Forbidden
Server: nginx/1.18.0 (Ubuntu)
Date: Fri, 08 Aug 2025 09:32:42 GMT
Content-Type: application/json; charset=utf-8
Content-Length: 49
Connection: keep-alive
X-Powered-By: Express
Access-Control-Allow-Origin: *
ETag: W/"31-WKEMg8zALB1Ko0WjUHi/6RBGHVc"

{
    "success": false,
    "message": "User already exists"
}
HTTP/1.1 403 Forbidden
Server: nginx/1.18.0 (Ubuntu)
Date: Fri, 08 Aug 2025 09:32:42 GMT
Content-Type: application/json; charset=utf-8
Content-Length: 49
Connection: keep-alive
X-Powered-By: Express
Access-Control-Allow-Origin: *
ETag: W/"31-WKEMg8zALB1Ko0WjUHi/6RBGHVc"

{
    "success": false,
    "message": "User already exists"
}
HTTP/1.1 403 Forbidden
Server: nginx/1.18.0 (Ubuntu)
Date: Fri, 08 Aug 2025 09:32:42 GMT
Content-Type: application/json; charset=utf-8
Content-Length: 49
Connection: keep-alive
X-Powered-By: Express
Access-Control-Allow-Origin: *
ETag: W/"31-WKEMg8zALB1Ko0WjUHi/6RBGHVc"

{
    "success": false,
    "message": "User already exists"
}
HTTP/1.1 403 Forbidden
Server: nginx/1.18.0 (Ubuntu)
Date: Fri, 08 Aug 2025 09:32:42 GMT
Content-Type: application/json; charset=utf-8
Content-Length: 49
Connection: keep-alive
X-Powered-By: Express
Access-Control-Allow-Origin: *
ETag: W/"31-WKEMg8zALB1Ko0WjUHi/6RBGHVc"

{
    "success": false,
    "message": "User already exists"
}
HTTP/1.1 403 Forbidden
Server: nginx/1.18.0 (Ubuntu)
Date: Fri, 08 Aug 2025 09:32:42 GMT
Content-Type: application/json; charset=utf-8
Content-Length: 49
Connection: keep-alive
X-Powered-By: Express
Access-Control-Allow-Origin: *
ETag: W/"31-WKEMg8zALB1Ko0WjUHi/6RBGHVc"

{
    "success": false,
    "message": "User already exists"
}
HTTP/1.1 403 Forbidden
Server: nginx/1.18.0 (Ubuntu)
Date: Fri, 08 Aug 2025 09:32:42 GMT
Content-Type: application/json; charset=utf-8
Content-Length: 49
Connection: keep-alive
X-Powered-By: Express
Access-Control-Allow-Origin: *
ETag: W/"31-WKEMg8zALB1Ko0WjUHi/6RBGHVc"

{
    "success": false,
    "message": "User already exists"
}
]]></system-out>
  </testcase>
  <testcase name="shouldNotCreateUserWithoutEmailTest" classname="praktikum.CreateUserTests" time="0.579">
    <system-out><![CDATA[Request method:	POST
Request URI:	https://stellarburgers.nomoreparties.site/api/auth/register
Proxy:			<none>
Request params:	<none>
Query params:	<none>
Form params:	<none>
Path params:	<none>
Headers:		Accept=*/*
				Content-Type=application/json
Cookies:		<none>
Multiparts:		<none>
Body:
{
    "password": "00eyxwwr065g2oc",
    "name": "miquel.cummings"
}
Request method:	POST
Request URI:	https://stellarburgers.nomoreparties.site/api/auth/register
Proxy:			<none>
Request params:	<none>
Query params:	<none>
Form params:	<none>
Path params:	<none>
Headers:		Accept=*/*
				Content-Type=application/json
Cookies:		<none>
Multiparts:		<none>
Body:
{
    "password": "00eyxwwr065g2oc",
    "name": "miquel.cummings"
}
Request method:	POST
Request URI:	https://stellarburgers.nomoreparties.site/api/auth/register
Proxy:			<none>
Request params:	<none>
Query params:	<none>
Form params:	<none>
Path params:	<none>
Headers:		Accept=*/*
				Content-Type=application/json
Cookies:		<none>
Multiparts:		<none>
Body:
{
    "password": "00eyxwwr065g2oc",
    "name": "miquel.cummings"
}
Request method:	POST
Request URI:	https://stellarburgers.nomoreparties.site/api/auth/register
Proxy:			<none>
Request params:	<none>
Query params:	<none>
Form params:	<none>
Path params:	<none>
Headers:		Accept=*/*
				Content-Type=application/json
Cookies:		<none>
Multiparts:		<none>
Body:
{
    "password": "00eyxwwr065g2oc",
    "name": "miquel.cummings"
}
Request method:	POST
Request URI:	https://stellarburgers.nomoreparties.site/api/auth/register
Proxy:			<none>
Request params:	<none>
Query params:	<none>
Form params:	<none>
Path params:	<none>
Headers:		Accept=*/*
				Content-Type=application/json
Cookies:		<none>
Multiparts:		<none>
Body:
{
    "password": "00eyxwwr065g2oc",
    "name": "miquel.cummings"
}
Request method:	POST
Request URI:	https://stellarburgers.nomoreparties.site/api/auth/register
Proxy:			<none>
Request params:	<none>
Query params:	<none>
Form params:	<none>
Path params:	<none>
Headers:		Accept=*/*
				Content-Type=application/json
Cookies:		<none>
Multiparts:		<none>
Body:
{
    "password": "00eyxwwr065g2oc",
    "name": "miquel.cummings"
}
Request method:	POST
Request URI:	https://stellarburgers.nomoreparties.site/api/auth/register
Proxy:			<none>
Request params:	<none>
Query params:	<none>
Form params:	<none>
Path params:	<none>
Headers:		Accept=*/*
				Content-Type=application/json
Cookies:		<none>
Multiparts:		<none>
Body:
{
    "password": "00eyxwwr065g2oc",
    "name": "miquel.cummings"
}
Request method:	POST
Request URI:	https://stellarburgers.nomoreparties.site/api/auth/register
Proxy:			<none>
Request params:	<none>
Query params:	<none>
Form params:	<none>
Path params:	<none>
Headers:		Accept=*/*
				Content-Type=application/json
Cookies:		<none>
Multiparts:		<none>
Body:
{
    "password": "00eyxwwr065g2oc",
    "name": "miquel.cummings"
}
HTTP/1.1 403 Forbidden
Server: nginx/1.18.0 (Ubuntu)
Date: Fri, 08 Aug 2025 09:32:42 GMT
Content-Type: application/json; charset=utf-8
Content-Length: 74
Connection: keep-alive
X-Powered-By: Express
Access-Control-Allow-Origin: *
ETag: W/"4a-EmWdisR78lCFKIQWVZ3yQkk5Ixs"

{
    "success": false,
    "message": "Email, password and name are required fields"
}
HTTP/1.1 403 Forbidden
Server: nginx/1.18.0 (Ubuntu)
Date: Fri, 08 Aug 2025 09:32:42 GMT
Content-Type: application/json; charset=utf-8
Content-Length: 74
Connection: keep-alive
X-Powered-By: Express
Access-Control-Allow-Origin: *
ETag: W/"4a-EmWdisR78lCFKIQWVZ3yQkk5Ixs"

{
    "success": false,
    "message": "Email, password and name are required fields"
}
HTTP/1.1 403 Forbidden
Server: nginx/1.18.0 (Ubuntu)
Date: Fri, 08 Aug 2025 09:32:42 GMT
Content-Type: application/json; charset=utf-8
Content-Length: 74
Connection: keep-alive
X-Powered-By: Express
Access-Control-Allow-Origin: *
ETag: W/"4a-EmWdisR78lCFKIQWVZ3yQkk5Ixs"

{
    "success": false,
    "message": "Email, password and name are required fields"
}
HTTP/1.1 403 Forbidden
Server: nginx/1.18.0 (Ubuntu)
Date: Fri, 08 Aug 2025 09:32:42 GMT
Content-Type: application/json; charset=utf-8
Content-Length: 74
Connection: keep-alive
X-Powered-By: Express
Access-Control-Allow-Origin: *
ETag: W/"4a-EmWdisR78lCFKIQWVZ3yQkk5Ixs"

{
    "success": false,
    "message": "Email, password and name are required fields"
}
HTTP/1.1 403 Forbidden
Server: nginx/1.18.0 (Ubuntu)
Date: Fri, 08 Aug 2025 09:32:42 GMT
Content-Type: application/json; charset=utf-8
Content-Length: 74
Connection: keep-alive
X-Powered-By: Express
Access-Control-Allow-Origin: *
ETag: W/"4a-EmWdisR78lCFKIQWVZ3yQkk5Ixs"

{
    "success": false,
    "message": "Email, password and name are required fields"
}
HTTP/1.1 403 Forbidden
Server: nginx/1.18.0 (Ubuntu)
Date: Fri, 08 Aug 2025 09:32:42 GMT
Content-Type: application/json; charset=utf-8
Content-Length: 74
Connection: keep-alive
X-Powered-By: Express
Access-Control-Allow-Origin: *
ETag: W/"4a-EmWdisR78lCFKIQWVZ3yQkk5Ixs"

{
    "success": false,
    "message": "Email, password and name are required fields"
}
HTTP/1.1 403 Forbidden
Server: nginx/1.18.0 (Ubuntu)
Date: Fri, 08 Aug 2025 09:32:42 GMT
Content-Type: application/json; charset=utf-8
Content-Length: 74
Connection: keep-alive
X-Powered-By: Express
Access-Control-Allow-Origin: *
ETag: W/"4a-EmWdisR78lCFKIQWVZ3yQkk5Ixs"

{
    "success": false,
    "message": "Email, password and name are required fields"
}
HTTP/1.1 403 Forbidden
Server: nginx/1.18.0 (Ubuntu)
Date: Fri, 08 Aug 2025 09:32:42 GMT
Content-Type: application/json; charset=utf-8
Content-Length: 74
Connection: keep-alive
X-Powered-By: Express
Access-Control-Allow-Origin: *
ETag: W/"4a-EmWdisR78lCFKIQWVZ3yQkk5Ixs"

{
    "success": false,
    "message": "Email, password and name are required fields"
}
]]></system-out>
  </testcase>
</testsuite>