<?xml version="1.0" encoding="UTF-8"?>
<testsuite xmlns:xsi="http://www.w3.org/2001/XMLSchema-instance" xsi:noNamespaceSchemaLocation="https://maven.apache.org/surefire/maven-surefire-plugin/xsd/surefire-test-report-3.0.xsd" version="3.0" name="praktikum.LoginUserTests" time="6.963" tests="3" errors="0" skipped="0" failures="0">
  <properties>
[...]
</properties>
  <testcase name="shouldNotLoginUserWithWrongEmailTest" classname="praktikum.LoginUserTests" time="2.702">
    <system-out><![CDATA[Request method:	POST
Request URI:	https://stellarburgers.nomoreparties.site/api/auth/register
Proxy:			<none>
Request params:	<none>
Query params:	<none>
Form params:	<none>
Path params:	<none>
Headers:		Accept=*/*
				Content-Type=application/json
Cookies:		<none>
Multiparts:		<none>
Body:
{
    "email": "elise.schaefer@example.com",
    "password": "o66tn561am",
    "name": "melanie.mills"
}
Request method:	POST
Request URI:	https://stellarburgers.nomoreparties.site/api/auth/register
Proxy:			<none>
Request params:	<none>
Query params:	<none>
Form params:	<none>
Path params:	<none>
Headers:		Accept=*/*
				Content-Type=application/json
Cookies:		<none>
Multiparts:		<none>
Body:
{
    "email": "elise.schaefer@example.com",
    "password": "o66tn561am",
    "name": "melanie.mills"
}
Request method:	POST
Request URI:	https://stellarburgers.nomoreparties.site/api/auth/register
Proxy:			<none>
Request params:	<none>
Query params:	<none>
Form params:	<none>
Path params:	<none>
Headers:		Accept=*/*
				Content-Type=application/json
Cookies:		<none>
Multiparts:		<none>
Body:
{
    "email": "elise.schaefer@example.com",
    "password": "o66tn561am",
    "name": "melanie.mills"
}
Request method:	POST
Request URI:	https://stellarburgers.nomoreparties.site/api/auth/register
Proxy:			<none>
Request params:	<none>
Query params:	<none>
Form params:	<none>
Path params:	<none>
Headers:		Accept=*/*
				Content-Type=application/json
Cookies:		<none>
Multiparts:		<none>
Body:
{
    "email": "elise.schaefer@example.com",
    "password": "o66tn561am",
    "name": "melanie.mills"
}
Request method:	POST
Request URI:	https://stellarburgers.nomoreparties.site/api/auth/register
Proxy:			<none>
Request params:	<none>
Query params:	<none>
Form params:	<none>
Path params:	<none>
Headers:		Accept=*/*
				Content-Type=application/json
Cookies:		<none>
Multiparts:		<none>
Body:
{
    "email": "elise.schaefer@example.com",
    "password": "o66tn561am",
    "name": "melanie.mills"
}
Request method:	POST
Request URI:	https://stellarburgers.nomoreparties.site/api/auth/register
Proxy:			<none>
Request params:	<none>
Query params:	<none>
Form params:	<none>
Path params:	<none>
Headers:		Accept=*/*
				Content-Type=application/json
Cookies:		<none>
Multiparts:		<none>
Body:
{
    "email": "elise.schaefer@example.com",
    "password": "o66tn561am",
    "name": "melanie.mills"
}
Request method:	POST
Request URI:	https://stellarburgers.nomoreparties.site/api/auth/register
Proxy:			<none>
Request params:	<none>
Query params:	<none>
Form params:	<none>
Path params:	<none>
Headers:		Accept=*/*
				Content-Type=application/json
Cookies:		<none>
Multiparts:		<none>
Body:
{
    "email": "elise.schaefer@example.com",
    "password": "o66tn561am",
    "name": "melanie.mills"
}
Request method:	POST
Request URI:	https://stellarburgers.nomoreparties.site/api/auth/register
Proxy:			<none>
Request params:	<none>
Query params:	<none>
Form params:	<none>
Path params:	<none>
Headers:		Accept=*/*
				Content-Type=application/json
Cookies:		<none>
Multiparts:		<none>
Body:
{
    "email": "elise.schaefer@example.com",
    "password": "o66tn561am",
    "name": "melanie.mills"
}
Request method:	POST
Request URI:	https://stellarburgers.nomoreparties.site/api/auth/register
Proxy:			<none>
Request params:	<none>
Query params:	<none>
Form params:	<none>
Path params:	<none>
Headers:		Accept=*/*
				Content-Type=application/json
Cookies:		<none>
Multiparts:		<none>
Body:
{
    "email": "elise.schaefer@example.com",
    "password": "o66tn561am",
    "name": "melanie.mills"
}
HTTP/1.1 200 OK
Server: nginx/1.18.0 (Ubuntu)
Date: Fri, 08 Aug 2025 09:32:43 GMT
Content-Type: application/json; charset=utf-8
Content-Length: 378
Connection: keep-alive
X-Powered-By: Express
Access-Control-Allow-Origin: *
authorization: Bearer eyJhbGciOiJIUzI1NiIsInR5cCI6IkpXVCJ9.eyJpZCI6IjY4OTVjNDNiOWVkMjgwMDAxYjY3M2FjOCIsImlhdCI6MTc1NDY0NTU2MywiZXhwIjoxNzU0NjQ2NzYzfQ.PjxcVail9xpXGqwIv5VylTiVWpjCXdOLoVcmmgGMM2Y
ETag: W/"17a-tzOoQH0Uy32tojVnz3/oGeQC+e4"

{
    "success": true,
    "user": {
        "email": "elise.schaefer@example.com",
        "name": "melanie.mills"
    },
    "accessToken": "Bearer eyJhbGciOiJIUzI1NiIsInR5cCI6IkpXVCJ9.eyJpZCI6IjY4OTVjNDNiOWVkMjgwMDAxYjY3M2FjOCIsImlhdCI6MTc1NDY0NTU2MywiZXhwIjoxNzU0NjQ2NzYzfQ.PjxcVail9xpXGqwIv5VylTiVWpjCXdOLoVcmmgGMM2Y",
    "refreshToken": "f354b5c8d327f38f921a5d269caf78011d97fa505660e22488c039bd72ef57430dd07cefc4336e4c"
}
HTTP/1.1 200 OK
Server: nginx/1.18.0 (Ubuntu)
Date: Fri, 08 Aug 2025 09:32:43 GMT
Content-Type: application/json; charset=utf-8
Content-Length: 378
Connection: keep-alive
X-Powered-By: Express
Access-Control-Allow-Origin: *
authorization: Bearer eyJhbGciOiJIUzI1NiIsInR5cCI6IkpXVCJ9.eyJpZCI6IjY4OTVjNDNiOWVkMjgwMDAxYjY3M2FjOCIsImlhdCI6MTc1NDY0NTU2MywiZXhwIjoxNzU0NjQ2NzYzfQ.PjxcVail9xpXGqwIv5VylTiVWpjCXdOLoVcmmgGMM2Y
ETag: W/"17a-tzOoQH0Uy32tojVnz3/oGeQC+e4"

{
    "success": true,
    "user": {
        "email": "elise.schaefer@example.com",
        "name": "melanie.mills"
    },
    "accessToken": "Bearer eyJhbGciOiJIUzI1NiIsInR5cCI6IkpXVCJ9.eyJpZCI6IjY4OTVjNDNiOWVkMjgwMDAxYjY3M2FjOCIsImlhdCI6MTc1NDY0NTU2MywiZXhwIjoxNzU0NjQ2NzYzfQ.PjxcVail9xpXGqwIv5VylTiVWpjCXdOLoVcmmgGMM2Y",
    "refreshToken": "f354b5c8d327f38f921a5d269caf78011d97fa505660e22488c039bd72ef57430dd07cefc4336e4c"
}
HTTP/1.1 200 OK
Server: nginx/1.18.0 (Ubuntu)
Date: Fri, 08 Aug 2025 09:32:43 GMT
Content-Type: application/json; charset=utf-8
Content-Length: 378
Connection: keep-alive
X-Powered-By: Express
Access-Control-Allow-Origin: *
authorization: Bearer eyJhbGciOiJIUzI1NiIsInR5cCI6IkpXVCJ9.eyJpZCI6IjY4OTVjNDNiOWVkMjgwMDAxYjY3M2FjOCIsImlhdCI6MTc1NDY0NTU2MywiZXhwIjoxNzU0NjQ2NzYzfQ.PjxcVail9xpXGqwIv5VylTiVWpjCXdOLoVcmmgGMM2Y
ETag: W/"17a-tzOoQH0Uy32tojVnz3/oGeQC+e4"

{
    "success": true,
    "user": {
        "email": "elise.schaefer@example.com",
        "name": "melanie.mills"
    },
    "accessToken": "Bearer eyJhbGciOiJIUzI1NiIsInR5cCI6IkpXVCJ9.eyJpZCI6IjY4OTVjNDNiOWVkMjgwMDAxYjY3M2FjOCIsImlhdCI6MTc1NDY0NTU2MywiZXhwIjoxNzU0NjQ2NzYzfQ.PjxcVail9xpXGqwIv5VylTiVWpjCXdOLoVcmmgGMM2Y",
    "refreshToken": "f354b5c8d327f38f921a5d269caf78011d97fa505660e22488c039bd72ef57430dd07cefc4336e4c"
}
HTTP/1.1 200 OK
Server: nginx/1.18.0 (Ubuntu)
Date: Fri, 08 Aug 2025 09:32:43 GMT
Content-Type: application/json; charset=utf-8
Content-Length: 378
Connection: keep-alive
X-Powered-By: Express
Access-Control-Allow-Origin: *
authorization: Bearer eyJhbGciOiJIUzI1NiIsInR5cCI6IkpXVCJ9.eyJpZCI6IjY4OTVjNDNiOWVkMjgwMDAxYjY3M2FjOCIsImlhdCI6MTc1NDY0NTU2MywiZXhwIjoxNzU0NjQ2NzYzfQ.PjxcVail9xpXGqwIv5VylTiVWpjCXdOLoVcmmgGMM2Y
ETag: W/"17a-tzOoQH0Uy32tojVnz3/oGeQC+e4"

{
    "success": true,
    "user": {
        "email": "elise.schaefer@example.com",
        "name": "melanie.mills"
    },
    "accessToken": "Bearer eyJhbGciOiJIUzI1NiIsInR5cCI6IkpXVCJ9.eyJpZCI6IjY4OTVjNDNiOWVkMjgwMDAxYjY3M2FjOCIsImlhdCI6MTc1NDY0NTU2MywiZXhwIjoxNzU0NjQ2NzYzfQ.PjxcVail9xpXGqwIv5VylTiVWpjCXdOLoVcmmgGMM2Y",
    "refreshToken": "f354b5c8d327f38f921a5d269caf78011d97fa505660e22488c039bd72ef57430dd07cefc4336e4c"
}
HTTP/1.1 200 OK
Server: nginx/1.18.0 (Ubuntu)
Date: Fri, 08 Aug 2025 09:32:43 GMT
Content-Type: application/json; charset=utf-8
Content-Length: 378
Connection: keep-alive
X-Powered-By: Express
Access-Control-Allow-Origin: *
authorization: Bearer eyJhbGciOiJIUzI1NiIsInR5cCI6IkpXVCJ9.eyJpZCI6IjY4OTVjNDNiOWVkMjgwMDAxYjY3M2FjOCIsImlhdCI6MTc1NDY0NTU2MywiZXhwIjoxNzU0NjQ2NzYzfQ.PjxcVail9xpXGqwIv5VylTiVWpjCXdOLoVcmmgGMM2Y
ETag: W/"17a-tzOoQH0Uy32tojVnz3/oGeQC+e4"

{
    "success": true,
    "user": {
        "email": "elise.schaefer@example.com",
        "name": "melanie.mills"
    },
    "accessToken": "Bearer eyJhbGciOiJIUzI1NiIsInR5cCI6IkpXVCJ9.eyJpZCI6IjY4OTVjNDNiOWVkMjgwMDAxYjY3M2FjOCIsImlhdCI6MTc1NDY0NTU2MywiZXhwIjoxNzU0NjQ2NzYzfQ.PjxcVail9xpXGqwIv5VylTiVWpjCXdOLoVcmmgGMM2Y",
    "refreshToken": "f354b5c8d327f38f921a5d269caf78011d97fa505660e22488c039bd72ef57430dd07cefc4336e4c"
}
HTTP/1.1 200 OK
Server: nginx/1.18.0 (Ubuntu)
Date: Fri, 08 Aug 2025 09:32:43 GMT
Content-Type: application/json; charset=utf-8
Content-Length: 378
Connection: keep-alive
X-Powered-By: Express
Access-Control-Allow-Origin: *
authorization: Bearer eyJhbGciOiJIUzI1NiIsInR5cCI6IkpXVCJ9.eyJpZCI6IjY4OTVjNDNiOWVkMjgwMDAxYjY3M2FjOCIsImlhdCI6MTc1NDY0NTU2MywiZXhwIjoxNzU0NjQ2NzYzfQ.PjxcVail9xpXGqwIv5VylTiVWpjCXdOLoVcmmgGMM2Y
ETag: W/"17a-tzOoQH0Uy32tojVnz3/oGeQC+e4"

{
    "success": true,
    "user": {
        "email": "elise.schaefer@example.com",
        "name": "melanie.mills"
    },
    "accessToken": "Bearer eyJhbGciOiJIUzI1NiIsInR5cCI6IkpXVCJ9.eyJpZCI6IjY4OTVjNDNiOWVkMjgwMDAxYjY3M2FjOCIsImlhdCI6MTc1NDY0NTU2MywiZXhwIjoxNzU0NjQ2NzYzfQ.PjxcVail9xpXGqwIv5VylTiVWpjCXdOLoVcmmgGMM2Y",
    "refreshToken": "f354b5c8d327f38f921a5d269caf78011d97fa505660e22488c039bd72ef57430dd07cefc4336e4c"
}
HTTP/1.1 200 OK
Server: nginx/1.18.0 (Ubuntu)
Date: Fri, 08 Aug 2025 09:32:43 GMT
Content-Type: application/json; charset=utf-8
Content-Length: 378
Connection: keep-alive
X-Powered-By: Express
Access-Control-Allow-Origin: *
authorization: Bearer eyJhbGciOiJIUzI1NiIsInR5cCI6IkpXVCJ9.eyJpZCI6IjY4OTVjNDNiOWVkMjgwMDAxYjY3M2FjOCIsImlhdCI6MTc1NDY0NTU2MywiZXhwIjoxNzU0NjQ2NzYzfQ.PjxcVail9xpXGqwIv5VylTiVWpjCXdOLoVcmmgGMM2Y
ETag: W/"17a-tzOoQH0Uy32tojVnz3/oGeQC+e4"

{
    "success": true,
    "user": {
        "email": "elise.schaefer@example.com",
        "name": "melanie.mills"
    },
    "accessToken": "Bearer eyJhbGciOiJIUzI1NiIsInR5cCI6IkpXVCJ9.eyJpZCI6IjY4OTVjNDNiOWVkMjgwMDAxYjY3M2FjOCIsImlhdCI6MTc1NDY0NTU2MywiZXhwIjoxNzU0NjQ2NzYzfQ.PjxcVail9xpXGqwIv5VylTiVWpjCXdOLoVcmmgGMM2Y",
    "refreshToken": "f354b5c8d327f38f921a5d269caf78011d97fa505660e22488c039bd72ef57430dd07cefc4336e4c"
}
HTTP/1.1 200 OK
Server: nginx/1.18.0 (Ubuntu)
Date: Fri, 08 Aug 2025 09:32:43 GMT
Content-Type: application/json; charset=utf-8
Content-Length: 378
Connection: keep-alive
X-Powered-By: Express
Access-Control-Allow-Origin: *
authorization: Bearer eyJhbGciOiJIUzI1NiIsInR5cCI6IkpXVCJ9.eyJpZCI6IjY4OTVjNDNiOWVkMjgwMDAxYjY3M2FjOCIsImlhdCI6MTc1NDY0NTU2MywiZXhwIjoxNzU0NjQ2NzYzfQ.PjxcVail9xpXGqwIv5VylTiVWpjCXdOLoVcmmgGMM2Y
ETag: W/"17a-tzOoQH0Uy32tojVnz3/oGeQC+e4"

{
    "success": true,
    "user": {
        "email": "elise.schaefer@example.com",
        "name": "melanie.mills"
    },
    "accessToken": "Bearer eyJhbGciOiJIUzI1NiIsInR5cCI6IkpXVCJ9.eyJpZCI6IjY4OTVjNDNiOWVkMjgwMDAxYjY3M2FjOCIsImlhdCI6MTc1NDY0NTU2MywiZXhwIjoxNzU0NjQ2NzYzfQ.PjxcVail9xpXGqwIv5VylTiVWpjCXdOLoVcmmgGMM2Y",
    "refreshToken": "f354b5c8d327f38f921a5d269caf78011d97fa505660e22488c039bd72ef57430dd07cefc4336e4c"
}
HTTP/1.1 200 OK
Server: nginx/1.18.0 (Ubuntu)
Date: Fri, 08 Aug 2025 09:32:43 GMT
Content-Type: application/json; charset=utf-8
Content-Length: 378
Connection: keep-alive
X-Powered-By: Express
Access-Control-Allow-Origin: *
authorization: Bearer eyJhbGciOiJIUzI1NiIsInR5cCI6IkpXVCJ9.eyJpZCI6IjY4OTVjNDNiOWVkMjgwMDAxYjY3M2FjOCIsImlhdCI6MTc1NDY0NTU2MywiZXhwIjoxNzU0NjQ2NzYzfQ.PjxcVail9xpXGqwIv5VylTiVWpjCXdOLoVcmmgGMM2Y
ETag: W/"17a-tzOoQH0Uy32tojVnz3/oGeQC+e4"

{
    "success": true,
    "user": {
        "email": "elise.schaefer@example.com",
        "name": "melanie.mills"
    },
    "accessToken": "Bearer eyJhbGciOiJIUzI1NiIsInR5cCI6IkpXVCJ9.eyJpZCI6IjY4OTVjNDNiOWVkMjgwMDAxYjY3M2FjOCIsImlhdCI6MTc1NDY0NTU2MywiZXhwIjoxNzU0NjQ2NzYzfQ.PjxcVail9xpXGqwIv5VylTiVWpjCXdOLoVcmmgGMM2Y",
    "refreshToken": "f354b5c8d327f38f921a5d269caf78011d97fa505660e22488c039bd72ef57430dd07cefc4336e4c"
}
Request method:	POST
Request URI:	https://stellarburgers.nomoreparties.site/api/auth/login
Proxy:			<none>
Request params:	<none>
Query params:	<none>
Form params:	<none>
Path params:	<none>
Headers:		Accept=*/*
				Content-Type=application/json
Cookies:		<none>
Multiparts:		<none>
Body:
{
    "email": "1234",
    "password": "o66tn561am"
}
Request method:	POST
Request URI:	https://stellarburgers.nomoreparties.site/api/auth/login
Proxy:			<none>
Request params:	<none>
Query params:	<none>
Form params:	<none>
Path params:	<none>
Headers:		Accept=*/*
				Content-Type=application/json
Cookies:		<none>
Multiparts:		<none>
Body:
{
    "email": "1234",
    "password": "o66tn561am"
}
Request method:	POST
Request URI:	https://stellarburgers.nomoreparties.site/api/auth/login
Proxy:			<none>
Request params:	<none>
Query params:	<none>
Form params:	<none>
Path params:	<none>
Headers:		Accept=*/*
				Content-Type=application/json
Cookies:		<none>
Multiparts:		<none>
Body:
{
    "email": "1234",
    "password": "o66tn561am"
}
Request method:	POST
Request URI:	https://stellarburgers.nomoreparties.site/api/auth/login
Proxy:			<none>
Request params:	<none>
Query params:	<none>
Form params:	<none>
Path params:	<none>
Headers:		Accept=*/*
				Content-Type=application/json
Cookies:		<none>
Multiparts:		<none>
Body:
{
    "email": "1234",
    "password": "o66tn561am"
}
Request method:	POST
Request URI:	https://stellarburgers.nomoreparties.site/api/auth/login
Proxy:			<none>
Request params:	<none>
Query params:	<none>
Form params:	<none>
Path params:	<none>
Headers:		Accept=*/*
				Content-Type=application/json
Cookies:		<none>
Multiparts:		<none>
Body:
{
    "email": "1234",
    "password": "o66tn561am"
}
Request method:	POST
Request URI:	https://stellarburgers.nomoreparties.site/api/auth/login
Proxy:			<none>
Request params:	<none>
Query params:	<none>
Form params:	<none>
Path params:	<none>
Headers:		Accept=*/*
				Content-Type=application/json
Cookies:		<none>
Multiparts:		<none>
Body:
{
    "email": "1234",
    "password": "o66tn561am"
}
Request method:	POST
Request URI:	https://stellarburgers.nomoreparties.site/api/auth/login
Proxy:			<none>
Request params:	<none>
Query params:	<none>
Form params:	<none>
Path params:	<none>
Headers:		Accept=*/*
				Content-Type=application/json
Cookies:		<none>
Multiparts:		<none>
Body:
{
    "email": "1234",
    "password": "o66tn561am"
}
Request method:	POST
Request URI:	https://stellarburgers.nomoreparties.site/api/auth/login
Proxy:			<none>
Request params:	<none>
Query params:	<none>
Form params:	<none>
Path params:	<none>
Headers:		Accept=*/*
				Content-Type=application/json
Cookies:		<none>
Multiparts:		<none>
Body:
{
    "email": "1234",
    "password": "o66tn561am"
}
Request method:	POST
Request URI:	https://stellarburgers.nomoreparties.site/api/auth/login
Proxy:			<none>
Request params:	<none>
Query params:	<none>
Form params:	<none>
Path params:	<none>
Headers:		Accept=*/*
				Content-Type=application/json
Cookies:		<none>
Multiparts:		<none>
Body:
{
    "email": "1234",
    "password": "o66tn561am"
}
HTTP/1.1 401 Unauthorized
Server: nginx/1.18.0 (Ubuntu)
Date: Fri, 08 Aug 2025 09:32:43 GMT
Content-Type: application/json; charset=utf-8
Content-Length: 61
Connection: keep-alive
X-Powered-By: Express
Access-Control-Allow-Origin: *
ETag: W/"3d-ad9nrqlzQBuoZ0AId1U3rIgKU84"

{
    "success": false,
    "message": "email or password are incorrect"
}
HTTP/1.1 401 Unauthorized
Server: nginx/1.18.0 (Ubuntu)
Date: Fri, 08 Aug 2025 09:32:43 GMT
Content-Type: application/json; charset=utf-8
Content-Length: 61
Connection: keep-alive
X-Powered-By: Express
Access-Control-Allow-Origin: *
ETag: W/"3d-ad9nrqlzQBuoZ0AId1U3rIgKU84"

{
    "success": false,
    "message": "email or password are incorrect"
}
HTTP/1.1 401 Unauthorized
Server: nginx/1.18.0 (Ubuntu)
Date: Fri, 08 Aug 2025 09:32:43 GMT
Content-Type: application/json; charset=utf-8
Content-Length: 61
Connection: keep-alive
X-Powered-By: Express
Access-Control-Allow-Origin: *
ETag: W/"3d-ad9nrqlzQBuoZ0AId1U3rIgKU84"

{
    "success": false,
    "message": "email or password are incorrect"
}
HTTP/1.1 401 Unauthorized
Server: nginx/1.18.0 (Ubuntu)
Date: Fri, 08 Aug 2025 09:32:43 GMT
Content-Type: application/json; charset=utf-8
Content-Length: 61
Connection: keep-alive
X-Powered-By: Express
Access-Control-Allow-Origin: *
ETag: W/"3d-ad9nrqlzQBuoZ0AId1U3rIgKU84"

{
    "success": false,
    "message": "email or password are incorrect"
}
HTTP/1.1 401 Unauthorized
Server: nginx/1.18.0 (Ubuntu)
Date: Fri, 08 Aug 2025 09:32:43 GMT
Content-Type: application/json; charset=utf-8
Content-Length: 61
Connection: keep-alive
X-Powered-By: Express
Access-Control-Allow-Origin: *
ETag: W/"3d-ad9nrqlzQBuoZ0AId1U3rIgKU84"

{
    "success": false,
    "message": "email or password are incorrect"
}
HTTP/1.1 401 Unauthorized
Server: nginx/1.18.0 (Ubuntu)
Date: Fri, 08 Aug 2025 09:32:43 GMT
Content-Type: application/json; charset=utf-8
Content-Length: 61
Connection: keep-alive
X-Powered-By: Express
Access-Control-Allow-Origin: *
ETag: W/"3d-ad9nrqlzQBuoZ0AId1U3rIgKU84"

{
    "success": false,
    "message": "email or password are incorrect"
}
HTTP/1.1 401 Unauthorized
Server: nginx/1.18.0 (Ubuntu)
Date: Fri, 08 Aug 2025 09:32:43 GMT
Content-Type: application/json; charset=utf-8
Content-Length: 61
Connection: keep-alive
X-Powered-By: Express
Access-Control-Allow-Origin: *
ETag: W/"3d-ad9nrqlzQBuoZ0AId1U3rIgKU84"

{
    "success": false,
    "message": "email or password are incorrect"
}
HTTP/1.1 401 Unauthorized
Server: nginx/1.18.0 (Ubuntu)
Date: Fri, 08 Aug 2025 09:32:43 GMT
Content-Type: application/json; charset=utf-8
Content-Length: 61
Connection: keep-alive
X-Powered-By: Express
Access-Control-Allow-Origin: *
ETag: W/"3d-ad9nrqlzQBuoZ0AId1U3rIgKU84"

{
    "success": false,
    "message": "email or password are incorrect"
}
HTTP/1.1 401 Unauthorized
Server: nginx/1.18.0 (Ubuntu)
Date: Fri, 08 Aug 2025 09:32:43 GMT
Content-Type: application/json; charset=utf-8
Content-Length: 61
Connection: keep-alive
X-Powered-By: Express
Access-Control-Allow-Origin: *
ETag: W/"3d-ad9nrqlzQBuoZ0AId1U3rIgKU84"

{
    "success": false,
    "message": "email or password are incorrect"
}
Request method:	POST
Request URI:	https://stellarburgers.nomoreparties.site/api/auth/login
Proxy:			<none>
Request params:	<none>
Query params:	<none>
Form params:	<none>
Path params:	<none>
Headers:		Accept=*/*
				Content-Type=application/json
Cookies:		<none>
Multiparts:		<none>
Body:
{
    "email": "elise.schaefer@example.com",
    "password": "o66tn561am",
    "name": "melanie.mills"
}
Request method:	POST
Request URI:	https://stellarburgers.nomoreparties.site/api/auth/login
Proxy:			<none>
Request params:	<none>
Query params:	<none>
Form params:	<none>
Path params:	<none>
Headers:		Accept=*/*
				Content-Type=application/json
Cookies:		<none>
Multiparts:		<none>
Body:
{
    "email": "elise.schaefer@example.com",
    "password": "o66tn561am",
    "name": "melanie.mills"
}
Request method:	POST
Request URI:	https://stellarburgers.nomoreparties.site/api/auth/login
Proxy:			<none>
Request params:	<none>
Query params:	<none>
Form params:	<none>
Path params:	<none>
Headers:		Accept=*/*
				Content-Type=application/json
Cookies:		<none>
Multiparts:		<none>
Body:
{
    "email": "elise.schaefer@example.com",
    "password": "o66tn561am",
    "name": "melanie.mills"
}
Request method:	POST
Request URI:	https://stellarburgers.nomoreparties.site/api/auth/login
Proxy:			<none>
Request params:	<none>
Query params:	<none>
Form params:	<none>
Path params:	<none>
Headers:		Accept=*/*
				Content-Type=application/json
Cookies:		<none>
Multiparts:		<none>
Body:
{
    "email": "elise.schaefer@example.com",
    "password": "o66tn561am",
    "name": "melanie.mills"
}
Request method:	POST
Request URI:	https://stellarburgers.nomoreparties.site/api/auth/login
Proxy:			<none>
Request params:	<none>
Query params:	<none>
Form params:	<none>
Path params:	<none>
Headers:		Accept=*/*
				Content-Type=application/json
Cookies:		<none>
Multiparts:		<none>
Body:
{
    "email": "elise.schaefer@example.com",
    "password": "o66tn561am",
    "name": "melanie.mills"
}
Request method:	POST
Request URI:	https://stellarburgers.nomoreparties.site/api/auth/login
Proxy:			<none>
Request params:	<none>
Query params:	<none>
Form params:	<none>
Path params:	<none>
Headers:		Accept=*/*
				Content-Type=application/json
Cookies:		<none>
Multiparts:		<none>
Body:
{
    "email": "elise.schaefer@example.com",
    "password": "o66tn561am",
    "name": "melanie.mills"
}
Request method:	POST
Request URI:	https://stellarburgers.nomoreparties.site/api/auth/login
Proxy:			<none>
Request params:	<none>
Query params:	<none>
Form params:	<none>
Path params:	<none>
Headers:		Accept=*/*
				Content-Type=application/json
Cookies:		<none>
Multiparts:		<none>
Body:
{
    "email": "elise.schaefer@example.com",
    "password": "o66tn561am",
    "name": "melanie.mills"
}
Request method:	POST
Request URI:	https://stellarburgers.nomoreparties.site/api/auth/login
Proxy:			<none>
Request params:	<none>
Query params:	<none>
Form params:	<none>
Path params:	<none>
Headers:		Accept=*/*
				Content-Type=application/json
Cookies:		<none>
Multiparts:		<none>
Body:
{
    "email": "elise.schaefer@example.com",
    "password": "o66tn561am",
    "name": "melanie.mills"
}
Request method:	POST
Request URI:	https://stellarburgers.nomoreparties.site/api/auth/login
Proxy:			<none>
Request params:	<none>
Query params:	<none>
Form params:	<none>
Path params:	<none>
Headers:		Accept=*/*
				Content-Type=application/json
Cookies:		<none>
Multiparts:		<none>
Body:
{
    "email": "elise.schaefer@example.com",
    "password": "o66tn561am",
    "name": "melanie.mills"
}
HTTP/1.1 200 OK
Server: nginx/1.18.0 (Ubuntu)
Date: Fri, 08 Aug 2025 09:32:44 GMT
Content-Type: application/json; charset=utf-8
Content-Length: 378
Connection: keep-alive
X-Powered-By: Express
Access-Control-Allow-Origin: *
ETag: W/"17a-tDT9mAQ2rO+prTbm6NucWK9EwXs"

{
    "success": true,
    "accessToken": "Bearer eyJhbGciOiJIUzI1NiIsInR5cCI6IkpXVCJ9.eyJpZCI6IjY4OTVjNDNiOWVkMjgwMDAxYjY3M2FjOCIsImlhdCI6MTc1NDY0NTU2NCwiZXhwIjoxNzU0NjQ2NzY0fQ.69OPy3iqwxP_e9yocSwkBaSblMagvXx7bSbB_SJYK-c",
    "refreshToken": "257255273cd60217fa5073c93fe96279827e2228a789a5558300d48406fc3d4323f666c694dcc323",
    "user": {
        "email": "elise.schaefer@example.com",
        "name": "melanie.mills"
    }
}
HTTP/1.1 200 OK
Server: nginx/1.18.0 (Ubuntu)
Date: Fri, 08 Aug 2025 09:32:44 GMT
Content-Type: application/json; charset=utf-8
Content-Length: 378
Connection: keep-alive
X-Powered-By: Express
Access-Control-Allow-Origin: *
ETag: W/"17a-tDT9mAQ2rO+prTbm6NucWK9EwXs"

{
    "success": true,
    "accessToken": "Bearer eyJhbGciOiJIUzI1NiIsInR5cCI6IkpXVCJ9.eyJpZCI6IjY4OTVjNDNiOWVkMjgwMDAxYjY3M2FjOCIsImlhdCI6MTc1NDY0NTU2NCwiZXhwIjoxNzU0NjQ2NzY0fQ.69OPy3iqwxP_e9yocSwkBaSblMagvXx7bSbB_SJYK-c",
    "refreshToken": "257255273cd60217fa5073c93fe96279827e2228a789a5558300d48406fc3d4323f666c694dcc323",
    "user": {
        "email": "elise.schaefer@example.com",
        "name": "melanie.mills"
    }
}
HTTP/1.1 200 OK
Server: nginx/1.18.0 (Ubuntu)
Date: Fri, 08 Aug 2025 09:32:44 GMT
Content-Type: application/json; charset=utf-8
Content-Length: 378
Connection: keep-alive
X-Powered-By: Express
Access-Control-Allow-Origin: *
ETag: W/"17a-tDT9mAQ2rO+prTbm6NucWK9EwXs"

{
    "success": true,
    "accessToken": "Bearer eyJhbGciOiJIUzI1NiIsInR5cCI6IkpXVCJ9.eyJpZCI6IjY4OTVjNDNiOWVkMjgwMDAxYjY3M2FjOCIsImlhdCI6MTc1NDY0NTU2NCwiZXhwIjoxNzU0NjQ2NzY0fQ.69OPy3iqwxP_e9yocSwkBaSblMagvXx7bSbB_SJYK-c",
    "refreshToken": "257255273cd60217fa5073c93fe96279827e2228a789a5558300d48406fc3d4323f666c694dcc323",
    "user": {
        "email": "elise.schaefer@example.com",
        "name": "melanie.mills"
    }
}
HTTP/1.1 200 OK
Server: nginx/1.18.0 (Ubuntu)
Date: Fri, 08 Aug 2025 09:32:44 GMT
Content-Type: application/json; charset=utf-8
Content-Length: 378
Connection: keep-alive
X-Powered-By: Express
Access-Control-Allow-Origin: *
ETag: W/"17a-tDT9mAQ2rO+prTbm6NucWK9EwXs"

{
    "success": true,
    "accessToken": "Bearer eyJhbGciOiJIUzI1NiIsInR5cCI6IkpXVCJ9.eyJpZCI6IjY4OTVjNDNiOWVkMjgwMDAxYjY3M2FjOCIsImlhdCI6MTc1NDY0NTU2NCwiZXhwIjoxNzU0NjQ2NzY0fQ.69OPy3iqwxP_e9yocSwkBaSblMagvXx7bSbB_SJYK-c",
    "refreshToken": "257255273cd60217fa5073c93fe96279827e2228a789a5558300d48406fc3d4323f666c694dcc323",
    "user": {
        "email": "elise.schaefer@example.com",
        "name": "melanie.mills"
    }
}
HTTP/1.1 200 OK
Server: nginx/1.18.0 (Ubuntu)
Date: Fri, 08 Aug 2025 09:32:44 GMT
Content-Type: application/json; charset=utf-8
Content-Length: 378
Connection: keep-alive
X-Powered-By: Express
Access-Control-Allow-Origin: *
ETag: W/"17a-tDT9mAQ2rO+prTbm6NucWK9EwXs"

{
    "success": true,
    "accessToken": "Bearer eyJhbGciOiJIUzI1NiIsInR5cCI6IkpXVCJ9.eyJpZCI6IjY4OTVjNDNiOWVkMjgwMDAxYjY3M2FjOCIsImlhdCI6MTc1NDY0NTU2NCwiZXhwIjoxNzU0NjQ2NzY0fQ.69OPy3iqwxP_e9yocSwkBaSblMagvXx7bSbB_SJYK-c",
    "refreshToken": "257255273cd60217fa5073c93fe96279827e2228a789a5558300d48406fc3d4323f666c694dcc323",
    "user": {
        "email": "elise.schaefer@example.com",
        "name": "melanie.mills"
    }
}
HTTP/1.1 200 OK
Server: nginx/1.18.0 (Ubuntu)
Date: Fri, 08 Aug 2025 09:32:44 GMT
Content-Type: application/json; charset=utf-8
Content-Length: 378
Connection: keep-alive
X-Powered-By: Express
Access-Control-Allow-Origin: *
ETag: W/"17a-tDT9mAQ2rO+prTbm6NucWK9EwXs"

{
    "success": true,
    "accessToken": "Bearer eyJhbGciOiJIUzI1NiIsInR5cCI6IkpXVCJ9.eyJpZCI6IjY4OTVjNDNiOWVkMjgwMDAxYjY3M2FjOCIsImlhdCI6MTc1NDY0NTU2NCwiZXhwIjoxNzU0NjQ2NzY0fQ.69OPy3iqwxP_e9yocSwkBaSblMagvXx7bSbB_SJYK-c",
    "refreshToken": "257255273cd60217fa5073c93fe96279827e2228a789a5558300d48406fc3d4323f666c694dcc323",
    "user": {
        "email": "elise.schaefer@example.com",
        "name": "melanie.mills"
    }
}
HTTP/1.1 200 OK
Server: nginx/1.18.0 (Ubuntu)
Date: Fri, 08 Aug 2025 09:32:44 GMT
Content-Type: application/json; charset=utf-8
Content-Length: 378
Connection: keep-alive
X-Powered-By: Express
Access-Control-Allow-Origin: *
ETag: W/"17a-tDT9mAQ2rO+prTbm6NucWK9EwXs"

{
    "success": true,
    "accessToken": "Bearer eyJhbGciOiJIUzI1NiIsInR5cCI6IkpXVCJ9.eyJpZCI6IjY4OTVjNDNiOWVkMjgwMDAxYjY3M2FjOCIsImlhdCI6MTc1NDY0NTU2NCwiZXhwIjoxNzU0NjQ2NzY0fQ.69OPy3iqwxP_e9yocSwkBaSblMagvXx7bSbB_SJYK-c",
    "refreshToken": "257255273cd60217fa5073c93fe96279827e2228a789a5558300d48406fc3d4323f666c694dcc323",
    "user": {
        "email": "elise.schaefer@example.com",
        "name": "melanie.mills"
    }
}
HTTP/1.1 200 OK
Server: nginx/1.18.0 (Ubuntu)
Date: Fri, 08 Aug 2025 09:32:44 GMT
Content-Type: application/json; charset=utf-8
Content-Length: 378
Connection: keep-alive
X-Powered-By: Express
Access-Control-Allow-Origin: *
ETag: W/"17a-tDT9mAQ2rO+prTbm6NucWK9EwXs"

{
    "success": true,
    "accessToken": "Bearer eyJhbGciOiJIUzI1NiIsInR5cCI6IkpXVCJ9.eyJpZCI6IjY4OTVjNDNiOWVkMjgwMDAxYjY3M2FjOCIsImlhdCI6MTc1NDY0NTU2NCwiZXhwIjoxNzU0NjQ2NzY0fQ.69OPy3iqwxP_e9yocSwkBaSblMagvXx7bSbB_SJYK-c",
    "refreshToken": "257255273cd60217fa5073c93fe96279827e2228a789a5558300d48406fc3d4323f666c694dcc323",
    "user": {
        "email": "elise.schaefer@example.com",
        "name": "melanie.mills"
    }
}
HTTP/1.1 200 OK
Server: nginx/1.18.0 (Ubuntu)
Date: Fri, 08 Aug 2025 09:32:44 GMT
Content-Type: application/json; charset=utf-8
Content-Length: 378
Connection: keep-alive
X-Powered-By: Express
Access-Control-Allow-Origin: *
ETag: W/"17a-tDT9mAQ2rO+prTbm6NucWK9EwXs"

{
    "success": true,
    "accessToken": "Bearer eyJhbGciOiJIUzI1NiIsInR5cCI6IkpXVCJ9.eyJpZCI6IjY4OTVjNDNiOWVkMjgwMDAxYjY3M2FjOCIsImlhdCI6MTc1NDY0NTU2NCwiZXhwIjoxNzU0NjQ2NzY0fQ.69OPy3iqwxP_e9yocSwkBaSblMagvXx7bSbB_SJYK-c",
    "refreshToken": "257255273cd60217fa5073c93fe96279827e2228a789a5558300d48406fc3d4323f666c694dcc323",
    "user": {
        "email": "elise.schaefer@example.com",
        "name": "melanie.mills"
    }
}
Request method:	DELETE
Request URI:	https://stellarburgers.nomoreparties.site/api/auth/user
Proxy:			<none>
Request params:	<none>
Query params:	<none>
Form params:	<none>
Path params:	<none>
Headers:		Authorization=Bearer eyJhbGciOiJIUzI1NiIsInR5cCI6IkpXVCJ9.eyJpZCI6IjY4OTVjNDNiOWVkMjgwMDAxYjY3M2FjOCIsImlhdCI6MTc1NDY0NTU2NCwiZXhwIjoxNzU0NjQ2NzY0fQ.69OPy3iqwxP_e9yocSwkBaSblMagvXx7bSbB_SJYK-c
				Accept=*/*
				Content-Type=application/json
Cookies:		<none>
Multiparts:		<none>
Body:			<none>
Request method:	DELETE
Request URI:	https://stellarburgers.nomoreparties.site/api/auth/user
Proxy:			<none>
Request params:	<none>
Query params:	<none>
Form params:	<none>
Path params:	<none>
Headers:		Authorization=Bearer eyJhbGciOiJIUzI1NiIsInR5cCI6IkpXVCJ9.eyJpZCI6IjY4OTVjNDNiOWVkMjgwMDAxYjY3M2FjOCIsImlhdCI6MTc1NDY0NTU2NCwiZXhwIjoxNzU0NjQ2NzY0fQ.69OPy3iqwxP_e9yocSwkBaSblMagvXx7bSbB_SJYK-c
				Accept=*/*
				Content-Type=application/json
Cookies:		<none>
Multiparts:		<none>
Body:			<none>
Request method:	DELETE
Request URI:	https://stellarburgers.nomoreparties.site/api/auth/user
Proxy:			<none>
Request params:	<none>
Query params:	<none>
Form params:	<none>
Path params:	<none>
Headers:		Authorization=Bearer eyJhbGciOiJIUzI1NiIsInR5cCI6IkpXVCJ9.eyJpZCI6IjY4OTVjNDNiOWVkMjgwMDAxYjY3M2FjOCIsImlhdCI6MTc1NDY0NTU2NCwiZXhwIjoxNzU0NjQ2NzY0fQ.69OPy3iqwxP_e9yocSwkBaSblMagvXx7bSbB_SJYK-c
				Accept=*/*
				Content-Type=application/json
Cookies:		<none>
Multiparts:		<none>
Body:			<none>
Request method:	DELETE
Request URI:	https://stellarburgers.nomoreparties.site/api/auth/user
Proxy:			<none>
Request params:	<none>
Query params:	<none>
Form params:	<none>
Path params:	<none>
Headers:		Authorization=Bearer eyJhbGciOiJIUzI1NiIsInR5cCI6IkpXVCJ9.eyJpZCI6IjY4OTVjNDNiOWVkMjgwMDAxYjY3M2FjOCIsImlhdCI6MTc1NDY0NTU2NCwiZXhwIjoxNzU0NjQ2NzY0fQ.69OPy3iqwxP_e9yocSwkBaSblMagvXx7bSbB_SJYK-c
				Accept=*/*
				Content-Type=application/json
Cookies:		<none>
Multiparts:		<none>
Body:			<none>
Request method:	DELETE
Request URI:	https://stellarburgers.nomoreparties.site/api/auth/user
Proxy:			<none>
Request params:	<none>
Query params:	<none>
Form params:	<none>
Path params:	<none>
Headers:		Authorization=Bearer eyJhbGciOiJIUzI1NiIsInR5cCI6IkpXVCJ9.eyJpZCI6IjY4OTVjNDNiOWVkMjgwMDAxYjY3M2FjOCIsImlhdCI6MTc1NDY0NTU2NCwiZXhwIjoxNzU0NjQ2NzY0fQ.69OPy3iqwxP_e9yocSwkBaSblMagvXx7bSbB_SJYK-c
				Accept=*/*
				Content-Type=application/json
Cookies:		<none>
Multiparts:		<none>
Body:			<none>
Request method:	DELETE
Request URI:	https://stellarburgers.nomoreparties.site/api/auth/user
Proxy:			<none>
Request params:	<none>
Query params:	<none>
Form params:	<none>
Path params:	<none>
Headers:		Authorization=Bearer eyJhbGciOiJIUzI1NiIsInR5cCI6IkpXVCJ9.eyJpZCI6IjY4OTVjNDNiOWVkMjgwMDAxYjY3M2FjOCIsImlhdCI6MTc1NDY0NTU2NCwiZXhwIjoxNzU0NjQ2NzY0fQ.69OPy3iqwxP_e9yocSwkBaSblMagvXx7bSbB_SJYK-c
				Accept=*/*
				Content-Type=application/json
Cookies:		<none>
Multiparts:		<none>
Body:			<none>
Request method:	DELETE
Request URI:	https://stellarburgers.nomoreparties.site/api/auth/user
Proxy:			<none>
Request params:	<none>
Query params:	<none>
Form params:	<none>
Path params:	<none>
Headers:		Authorization=Bearer eyJhbGciOiJIUzI1NiIsInR5cCI6IkpXVCJ9.eyJpZCI6IjY4OTVjNDNiOWVkMjgwMDAxYjY3M2FjOCIsImlhdCI6MTc1NDY0NTU2NCwiZXhwIjoxNzU0NjQ2NzY0fQ.69OPy3iqwxP_e9yocSwkBaSblMagvXx7bSbB_SJYK-c
				Accept=*/*
				Content-Type=application/json
Cookies:		<none>
Multiparts:		<none>
Body:			<none>
Request method:	DELETE
Request URI:	https://stellarburgers.nomoreparties.site/api/auth/user
Proxy:			<none>
Request params:	<none>
Query params:	<none>
Form params:	<none>
Path params:	<none>
Headers:		Authorization=Bearer eyJhbGciOiJIUzI1NiIsInR5cCI6IkpXVCJ9.eyJpZCI6IjY4OTVjNDNiOWVkMjgwMDAxYjY3M2FjOCIsImlhdCI6MTc1NDY0NTU2NCwiZXhwIjoxNzU0NjQ2NzY0fQ.69OPy3iqwxP_e9yocSwkBaSblMagvXx7bSbB_SJYK-c
				Accept=*/*
				Content-Type=application/json
Cookies:		<none>
Multiparts:		<none>
Body:			<none>
Request method:	DELETE
Request URI:	https://stellarburgers.nomoreparties.site/api/auth/user
Proxy:			<none>
Request params:	<none>
Query params:	<none>
Form params:	<none>
Path params:	<none>
Headers:		Authorization=Bearer eyJhbGciOiJIUzI1NiIsInR5cCI6IkpXVCJ9.eyJpZCI6IjY4OTVjNDNiOWVkMjgwMDAxYjY3M2FjOCIsImlhdCI6MTc1NDY0NTU2NCwiZXhwIjoxNzU0NjQ2NzY0fQ.69OPy3iqwxP_e9yocSwkBaSblMagvXx7bSbB_SJYK-c
				Accept=*/*
				Content-Type=application/json
Cookies:		<none>
Multiparts:		<none>
Body:			<none>
HTTP/1.1 202 Accepted
Server: nginx/1.18.0 (Ubuntu)
Date: Fri, 08 Aug 2025 09:32:45 GMT
Content-Type: application/json; charset=utf-8
Content-Length: 54
Connection: keep-alive
X-Powered-By: Express
Access-Control-Allow-Origin: *
ETag: W/"36-hDmZnQ3Ou/ynnqAeC6TYmyseuzY"

{
    "success": true,
    "message": "User successfully removed"
}
HTTP/1.1 202 Accepted
Server: nginx/1.18.0 (Ubuntu)
Date: Fri, 08 Aug 2025 09:32:45 GMT
Content-Type: application/json; charset=utf-8
Content-Length: 54
Connection: keep-alive
X-Powered-By: Express
Access-Control-Allow-Origin: *
ETag: W/"36-hDmZnQ3Ou/ynnqAeC6TYmyseuzY"

{
    "success": true,
    "message": "User successfully removed"
}
HTTP/1.1 202 Accepted
Server: nginx/1.18.0 (Ubuntu)
Date: Fri, 08 Aug 2025 09:32:45 GMT
Content-Type: application/json; charset=utf-8
Content-Length: 54
Connection: keep-alive
X-Powered-By: Express
Access-Control-Allow-Origin: *
ETag: W/"36-hDmZnQ3Ou/ynnqAeC6TYmyseuzY"

{
    "success": true,
    "message": "User successfully removed"
}
HTTP/1.1 202 Accepted
Server: nginx/1.18.0 (Ubuntu)
Date: Fri, 08 Aug 2025 09:32:45 GMT
Content-Type: application/json; charset=utf-8
Content-Length: 54
Connection: keep-alive
X-Powered-By: Express
Access-Control-Allow-Origin: *
ETag: W/"36-hDmZnQ3Ou/ynnqAeC6TYmyseuzY"

{
    "success": true,
    "message": "User successfully removed"
}
HTTP/1.1 202 Accepted
Server: nginx/1.18.0 (Ubuntu)
Date: Fri, 08 Aug 2025 09:32:45 GMT
Content-Type: application/json; charset=utf-8
Content-Length: 54
Connection: keep-alive
X-Powered-By: Express
Access-Control-Allow-Origin: *
ETag: W/"36-hDmZnQ3Ou/ynnqAeC6TYmyseuzY"

{
    "success": true,
    "message": "User successfully removed"
}
HTTP/1.1 202 Accepted
Server: nginx/1.18.0 (Ubuntu)
Date: Fri, 08 Aug 2025 09:32:45 GMT
Content-Type: application/json; charset=utf-8
Content-Length: 54
Connection: keep-alive
X-Powered-By: Express
Access-Control-Allow-Origin: *
ETag: W/"36-hDmZnQ3Ou/ynnqAeC6TYmyseuzY"

{
    "success": true,
    "message": "User successfully removed"
}
HTTP/1.1 202 Accepted
Server: nginx/1.18.0 (Ubuntu)
Date: Fri, 08 Aug 2025 09:32:45 GMT
Content-Type: application/json; charset=utf-8
Content-Length: 54
Connection: keep-alive
X-Powered-By: Express
Access-Control-Allow-Origin: *
ETag: W/"36-hDmZnQ3Ou/ynnqAeC6TYmyseuzY"

{
    "success": true,
    "message": "User successfully removed"
}
HTTP/1.1 202 Accepted
Server: nginx/1.18.0 (Ubuntu)
Date: Fri, 08 Aug 2025 09:32:45 GMT
Content-Type: application/json; charset=utf-8
Content-Length: 54
Connection: keep-alive
X-Powered-By: Express
Access-Control-Allow-Origin: *
ETag: W/"36-hDmZnQ3Ou/ynnqAeC6TYmyseuzY"

{
    "success": true,
    "message": "User successfully removed"
}
HTTP/1.1 202 Accepted
Server: nginx/1.18.0 (Ubuntu)
Date: Fri, 08 Aug 2025 09:32:45 GMT
Content-Type: application/json; charset=utf-8
Content-Length: 54
Connection: keep-alive
X-Powered-By: Express
Access-Control-Allow-Origin: *
ETag: W/"36-hDmZnQ3Ou/ynnqAeC6TYmyseuzY"

{
    "success": true,
    "message": "User successfully removed"
}
]]></system-out>
  </testcase>
  <testcase name="shouldNotLoginWithWrongPasswordTest" classname="praktikum.LoginUserTests" time="2.002">
    <system-out><![CDATA[Request method:	POST
Request URI:	https://stellarburgers.nomoreparties.site/api/auth/register
Proxy:			<none>
Request params:	<none>
Query params:	<none>
Form params:	<none>
Path params:	<none>
Headers:		Accept=*/*
				Content-Type=application/json
Cookies:		<none>
Multiparts:		<none>
Body:
{
    "email": "hettie.purdy@example.com",
    "password": "ty00581qqb9763",
    "name": "whitney.ferry"
}
Request method:	POST
Request URI:	https://stellarburgers.nomoreparties.site/api/auth/register
Proxy:			<none>
Request params:	<none>
Query params:	<none>
Form params:	<none>
Path params:	<none>
Headers:		Accept=*/*
				Content-Type=application/json
Cookies:		<none>
Multiparts:		<none>
Body:
{
    "email": "hettie.purdy@example.com",
    "password": "ty00581qqb9763",
    "name": "whitney.ferry"
}
Request method:	POST
Request URI:	https://stellarburgers.nomoreparties.site/api/auth/register
Proxy:			<none>
Request params:	<none>
Query params:	<none>
Form params:	<none>
Path params:	<none>
Headers:		Accept=*/*
				Content-Type=application/json
Cookies:		<none>
Multiparts:		<none>
Body:
{
    "email": "hettie.purdy@example.com",
    "password": "ty00581qqb9763",
    "name": "whitney.ferry"
}
Request method:	POST
Request URI:	https://stellarburgers.nomoreparties.site/api/auth/register
Proxy:			<none>
Request params:	<none>
Query params:	<none>
Form params:	<none>
Path params:	<none>
Headers:		Accept=*/*
				Content-Type=application/json
Cookies:		<none>
Multiparts:		<none>
Body:
{
    "email": "hettie.purdy@example.com",
    "password": "ty00581qqb9763",
    "name": "whitney.ferry"
}
Request method:	POST
Request URI:	https://stellarburgers.nomoreparties.site/api/auth/register
Proxy:			<none>
Request params:	<none>
Query params:	<none>
Form params:	<none>
Path params:	<none>
Headers:		Accept=*/*
				Content-Type=application/json
Cookies:		<none>
Multiparts:		<none>
Body:
{
    "email": "hettie.purdy@example.com",
    "password": "ty00581qqb9763",
    "name": "whitney.ferry"
}
Request method:	POST
Request URI:	https://stellarburgers.nomoreparties.site/api/auth/register
Proxy:			<none>
Request params:	<none>
Query params:	<none>
Form params:	<none>
Path params:	<none>
Headers:		Accept=*/*
				Content-Type=application/json
Cookies:		<none>
Multiparts:		<none>
Body:
{
    "email": "hettie.purdy@example.com",
    "password": "ty00581qqb9763",
    "name": "whitney.ferry"
}
Request method:	POST
Request URI:	https://stellarburgers.nomoreparties.site/api/auth/register
Proxy:			<none>
Request params:	<none>
Query params:	<none>
Form params:	<none>
Path params:	<none>
Headers:		Accept=*/*
				Content-Type=application/json
Cookies:		<none>
Multiparts:		<none>
Body:
{
    "email": "hettie.purdy@example.com",
    "password": "ty00581qqb9763",
    "name": "whitney.ferry"
}
Request method:	POST
Request URI:	https://stellarburgers.nomoreparties.site/api/auth/register
Proxy:			<none>
Request params:	<none>
Query params:	<none>
Form params:	<none>
Path params:	<none>
Headers:		Accept=*/*
				Content-Type=application/json
Cookies:		<none>
Multiparts:		<none>
Body:
{
    "email": "hettie.purdy@example.com",
    "password": "ty00581qqb9763",
    "name": "whitney.ferry"
}
Request method:	POST
Request URI:	https://stellarburgers.nomoreparties.site/api/auth/register
Proxy:			<none>
Request params:	<none>
Query params:	<none>
Form params:	<none>
Path params:	<none>
Headers:		Accept=*/*
				Content-Type=application/json
Cookies:		<none>
Multiparts:		<none>
Body:
{
    "email": "hettie.purdy@example.com",
    "password": "ty00581qqb9763",
    "name": "whitney.ferry"
}
Request method:	POST
Request URI:	https://stellarburgers.nomoreparties.site/api/auth/register
Proxy:			<none>
Request params:	<none>
Query params:	<none>
Form params:	<none>
Path params:	<none>
Headers:		Accept=*/*
				Content-Type=application/json
Cookies:		<none>
Multiparts:		<none>
Body:
{
    "email": "hettie.purdy@example.com",
    "password": "ty00581qqb9763",
    "name": "whitney.ferry"
}
HTTP/1.1 200 OK
Server: nginx/1.18.0 (Ubuntu)
Date: Fri, 08 Aug 2025 09:32:45 GMT
Content-Type: application/json; charset=utf-8
Content-Length: 376
Connection: keep-alive
X-Powered-By: Express
Access-Control-Allow-Origin: *
authorization: Bearer eyJhbGciOiJIUzI1NiIsInR5cCI6IkpXVCJ9.eyJpZCI6IjY4OTVjNDNkOWVkMjgwMDAxYjY3M2FjYiIsImlhdCI6MTc1NDY0NTU2NSwiZXhwIjoxNzU0NjQ2NzY1fQ.iBGsYwTijV42A0n1REpUQ4PSDySxad27jBXAAnnXH8E
ETag: W/"178-e67XF1oSYMqZ7lIJulId7ik4WLc"

{
    "success": true,
    "user": {
        "email": "hettie.purdy@example.com",
        "name": "whitney.ferry"
    },
    "accessToken": "Bearer eyJhbGciOiJIUzI1NiIsInR5cCI6IkpXVCJ9.eyJpZCI6IjY4OTVjNDNkOWVkMjgwMDAxYjY3M2FjYiIsImlhdCI6MTc1NDY0NTU2NSwiZXhwIjoxNzU0NjQ2NzY1fQ.iBGsYwTijV42A0n1REpUQ4PSDySxad27jBXAAnnXH8E",
    "refreshToken": "5ca92effea7511f45afcb6d7f5494c84e17c671a05d48970db93bc8d79870a27434af0c5f1daedcc"
}
HTTP/1.1 200 OK
Server: nginx/1.18.0 (Ubuntu)
Date: Fri, 08 Aug 2025 09:32:45 GMT
Content-Type: application/json; charset=utf-8
Content-Length: 376
Connection: keep-alive
X-Powered-By: Express
Access-Control-Allow-Origin: *
authorization: Bearer eyJhbGciOiJIUzI1NiIsInR5cCI6IkpXVCJ9.eyJpZCI6IjY4OTVjNDNkOWVkMjgwMDAxYjY3M2FjYiIsImlhdCI6MTc1NDY0NTU2NSwiZXhwIjoxNzU0NjQ2NzY1fQ.iBGsYwTijV42A0n1REpUQ4PSDySxad27jBXAAnnXH8E
ETag: W/"178-e67XF1oSYMqZ7lIJulId7ik4WLc"

{
    "success": true,
    "user": {
        "email": "hettie.purdy@example.com",
        "name": "whitney.ferry"
    },
    "accessToken": "Bearer eyJhbGciOiJIUzI1NiIsInR5cCI6IkpXVCJ9.eyJpZCI6IjY4OTVjNDNkOWVkMjgwMDAxYjY3M2FjYiIsImlhdCI6MTc1NDY0NTU2NSwiZXhwIjoxNzU0NjQ2NzY1fQ.iBGsYwTijV42A0n1REpUQ4PSDySxad27jBXAAnnXH8E",
    "refreshToken": "5ca92effea7511f45afcb6d7f5494c84e17c671a05d48970db93bc8d79870a27434af0c5f1daedcc"
}
HTTP/1.1 200 OK
Server: nginx/1.18.0 (Ubuntu)
Date: Fri, 08 Aug 2025 09:32:45 GMT
Content-Type: application/json; charset=utf-8
Content-Length: 376
Connection: keep-alive
X-Powered-By: Express
Access-Control-Allow-Origin: *
authorization: Bearer eyJhbGciOiJIUzI1NiIsInR5cCI6IkpXVCJ9.eyJpZCI6IjY4OTVjNDNkOWVkMjgwMDAxYjY3M2FjYiIsImlhdCI6MTc1NDY0NTU2NSwiZXhwIjoxNzU0NjQ2NzY1fQ.iBGsYwTijV42A0n1REpUQ4PSDySxad27jBXAAnnXH8E
ETag: W/"178-e67XF1oSYMqZ7lIJulId7ik4WLc"

{
    "success": true,
    "user": {
        "email": "hettie.purdy@example.com",
        "name": "whitney.ferry"
    },
    "accessToken": "Bearer eyJhbGciOiJIUzI1NiIsInR5cCI6IkpXVCJ9.eyJpZCI6IjY4OTVjNDNkOWVkMjgwMDAxYjY3M2FjYiIsImlhdCI6MTc1NDY0NTU2NSwiZXhwIjoxNzU0NjQ2NzY1fQ.iBGsYwTijV42A0n1REpUQ4PSDySxad27jBXAAnnXH8E",
    "refreshToken": "5ca92effea7511f45afcb6d7f5494c84e17c671a05d48970db93bc8d79870a27434af0c5f1daedcc"
}
HTTP/1.1 200 OK
Server: nginx/1.18.0 (Ubuntu)
Date: Fri, 08 Aug 2025 09:32:45 GMT
Content-Type: application/json; charset=utf-8
Content-Length: 376
Connection: keep-alive
X-Powered-By: Express
Access-Control-Allow-Origin: *
authorization: Bearer eyJhbGciOiJIUzI1NiIsInR5cCI6IkpXVCJ9.eyJpZCI6IjY4OTVjNDNkOWVkMjgwMDAxYjY3M2FjYiIsImlhdCI6MTc1NDY0NTU2NSwiZXhwIjoxNzU0NjQ2NzY1fQ.iBGsYwTijV42A0n1REpUQ4PSDySxad27jBXAAnnXH8E
ETag: W/"178-e67XF1oSYMqZ7lIJulId7ik4WLc"

{
    "success": true,
    "user": {
        "email": "hettie.purdy@example.com",
        "name": "whitney.ferry"
    },
    "accessToken": "Bearer eyJhbGciOiJIUzI1NiIsInR5cCI6IkpXVCJ9.eyJpZCI6IjY4OTVjNDNkOWVkMjgwMDAxYjY3M2FjYiIsImlhdCI6MTc1NDY0NTU2NSwiZXhwIjoxNzU0NjQ2NzY1fQ.iBGsYwTijV42A0n1REpUQ4PSDySxad27jBXAAnnXH8E",
    "refreshToken": "5ca92effea7511f45afcb6d7f5494c84e17c671a05d48970db93bc8d79870a27434af0c5f1daedcc"
}
HTTP/1.1 200 OK
Server: nginx/1.18.0 (Ubuntu)
Date: Fri, 08 Aug 2025 09:32:45 GMT
Content-Type: application/json; charset=utf-8
Content-Length: 376
Connection: keep-alive
X-Powered-By: Express
Access-Control-Allow-Origin: *
authorization: Bearer eyJhbGciOiJIUzI1NiIsInR5cCI6IkpXVCJ9.eyJpZCI6IjY4OTVjNDNkOWVkMjgwMDAxYjY3M2FjYiIsImlhdCI6MTc1NDY0NTU2NSwiZXhwIjoxNzU0NjQ2NzY1fQ.iBGsYwTijV42A0n1REpUQ4PSDySxad27jBXAAnnXH8E
ETag: W/"178-e67XF1oSYMqZ7lIJulId7ik4WLc"

{
    "success": true,
    "user": {
        "email": "hettie.purdy@example.com",
        "name": "whitney.ferry"
    },
    "accessToken": "Bearer eyJhbGciOiJIUzI1NiIsInR5cCI6IkpXVCJ9.eyJpZCI6IjY4OTVjNDNkOWVkMjgwMDAxYjY3M2FjYiIsImlhdCI6MTc1NDY0NTU2NSwiZXhwIjoxNzU0NjQ2NzY1fQ.iBGsYwTijV42A0n1REpUQ4PSDySxad27jBXAAnnXH8E",
    "refreshToken": "5ca92effea7511f45afcb6d7f5494c84e17c671a05d48970db93bc8d79870a27434af0c5f1daedcc"
}
HTTP/1.1 200 OK
Server: nginx/1.18.0 (Ubuntu)
Date: Fri, 08 Aug 2025 09:32:45 GMT
Content-Type: application/json; charset=utf-8
Content-Length: 376
Connection: keep-alive
X-Powered-By: Express
Access-Control-Allow-Origin: *
authorization: Bearer eyJhbGciOiJIUzI1NiIsInR5cCI6IkpXVCJ9.eyJpZCI6IjY4OTVjNDNkOWVkMjgwMDAxYjY3M2FjYiIsImlhdCI6MTc1NDY0NTU2NSwiZXhwIjoxNzU0NjQ2NzY1fQ.iBGsYwTijV42A0n1REpUQ4PSDySxad27jBXAAnnXH8E
ETag: W/"178-e67XF1oSYMqZ7lIJulId7ik4WLc"

{
    "success": true,
    "user": {
        "email": "hettie.purdy@example.com",
        "name": "whitney.ferry"
    },
    "accessToken": "Bearer eyJhbGciOiJIUzI1NiIsInR5cCI6IkpXVCJ9.eyJpZCI6IjY4OTVjNDNkOWVkMjgwMDAxYjY3M2FjYiIsImlhdCI6MTc1NDY0NTU2NSwiZXhwIjoxNzU0NjQ2NzY1fQ.iBGsYwTijV42A0n1REpUQ4PSDySxad27jBXAAnnXH8E",
    "refreshToken": "5ca92effea7511f45afcb6d7f5494c84e17c671a05d48970db93bc8d79870a27434af0c5f1daedcc"
}
HTTP/1.1 200 OK
Server: nginx/1.18.0 (Ubuntu)
Date: Fri, 08 Aug 2025 09:32:45 GMT
Content-Type: application/json; charset=utf-8
Content-Length: 376
Connection: keep-alive
X-Powered-By: Express
Access-Control-Allow-Origin: *
authorization: Bearer eyJhbGciOiJIUzI1NiIsInR5cCI6IkpXVCJ9.eyJpZCI6IjY4OTVjNDNkOWVkMjgwMDAxYjY3M2FjYiIsImlhdCI6MTc1NDY0NTU2NSwiZXhwIjoxNzU0NjQ2NzY1fQ.iBGsYwTijV42A0n1REpUQ4PSDySxad27jBXAAnnXH8E
ETag: W/"178-e67XF1oSYMqZ7lIJulId7ik4WLc"

{
    "success": true,
    "user": {
        "email": "hettie.purdy@example.com",
        "name": "whitney.ferry"
    },
    "accessToken": "Bearer eyJhbGciOiJIUzI1NiIsInR5cCI6IkpXVCJ9.eyJpZCI6IjY4OTVjNDNkOWVkMjgwMDAxYjY3M2FjYiIsImlhdCI6MTc1NDY0NTU2NSwiZXhwIjoxNzU0NjQ2NzY1fQ.iBGsYwTijV42A0n1REpUQ4PSDySxad27jBXAAnnXH8E",
    "refreshToken": "5ca92effea7511f45afcb6d7f5494c84e17c671a05d48970db93bc8d79870a27434af0c5f1daedcc"
}
HTTP/1.1 200 OK
Server: nginx/1.18.0 (Ubuntu)
Date: Fri, 08 Aug 2025 09:32:45 GMT
Content-Type: application/json; charset=utf-8
Content-Length: 376
Connection: keep-alive
X-Powered-By: Express
Access-Control-Allow-Origin: *
authorization: Bearer eyJhbGciOiJIUzI1NiIsInR5cCI6IkpXVCJ9.eyJpZCI6IjY4OTVjNDNkOWVkMjgwMDAxYjY3M2FjYiIsImlhdCI6MTc1NDY0NTU2NSwiZXhwIjoxNzU0NjQ2NzY1fQ.iBGsYwTijV42A0n1REpUQ4PSDySxad27jBXAAnnXH8E
ETag: W/"178-e67XF1oSYMqZ7lIJulId7ik4WLc"

{
    "success": true,
    "user": {
        "email": "hettie.purdy@example.com",
        "name": "whitney.ferry"
    },
    "accessToken": "Bearer eyJhbGciOiJIUzI1NiIsInR5cCI6IkpXVCJ9.eyJpZCI6IjY4OTVjNDNkOWVkMjgwMDAxYjY3M2FjYiIsImlhdCI6MTc1NDY0NTU2NSwiZXhwIjoxNzU0NjQ2NzY1fQ.iBGsYwTijV42A0n1REpUQ4PSDySxad27jBXAAnnXH8E",
    "refreshToken": "5ca92effea7511f45afcb6d7f5494c84e17c671a05d48970db93bc8d79870a27434af0c5f1daedcc"
}
HTTP/1.1 200 OK
Server: nginx/1.18.0 (Ubuntu)
Date: Fri, 08 Aug 2025 09:32:45 GMT
Content-Type: application/json; charset=utf-8
Content-Length: 376
Connection: keep-alive
X-Powered-By: Express
Access-Control-Allow-Origin: *
authorization: Bearer eyJhbGciOiJIUzI1NiIsInR5cCI6IkpXVCJ9.eyJpZCI6IjY4OTVjNDNkOWVkMjgwMDAxYjY3M2FjYiIsImlhdCI6MTc1NDY0NTU2NSwiZXhwIjoxNzU0NjQ2NzY1fQ.iBGsYwTijV42A0n1REpUQ4PSDySxad27jBXAAnnXH8E
ETag: W/"178-e67XF1oSYMqZ7lIJulId7ik4WLc"

{
    "success": true,
    "user": {
        "email": "hettie.purdy@example.com",
        "name": "whitney.ferry"
    },
    "accessToken": "Bearer eyJhbGciOiJIUzI1NiIsInR5cCI6IkpXVCJ9.eyJpZCI6IjY4OTVjNDNkOWVkMjgwMDAxYjY3M2FjYiIsImlhdCI6MTc1NDY0NTU2NSwiZXhwIjoxNzU0NjQ2NzY1fQ.iBGsYwTijV42A0n1REpUQ4PSDySxad27jBXAAnnXH8E",
    "refreshToken": "5ca92effea7511f45afcb6d7f5494c84e17c671a05d48970db93bc8d79870a27434af0c5f1daedcc"
}
HTTP/1.1 200 OK
Server: nginx/1.18.0 (Ubuntu)
Date: Fri, 08 Aug 2025 09:32:45 GMT
Content-Type: application/json; charset=utf-8
Content-Length: 376
Connection: keep-alive
X-Powered-By: Express
Access-Control-Allow-Origin: *
authorization: Bearer eyJhbGciOiJIUzI1NiIsInR5cCI6IkpXVCJ9.eyJpZCI6IjY4OTVjNDNkOWVkMjgwMDAxYjY3M2FjYiIsImlhdCI6MTc1NDY0NTU2NSwiZXhwIjoxNzU0NjQ2NzY1fQ.iBGsYwTijV42A0n1REpUQ4PSDySxad27jBXAAnnXH8E
ETag: W/"178-e67XF1oSYMqZ7lIJulId7ik4WLc"

{
    "success": true,
    "user": {
        "email": "hettie.purdy@example.com",
        "name": "whitney.ferry"
    },
    "accessToken": "Bearer eyJhbGciOiJIUzI1NiIsInR5cCI6IkpXVCJ9.eyJpZCI6IjY4OTVjNDNkOWVkMjgwMDAxYjY3M2FjYiIsImlhdCI6MTc1NDY0NTU2NSwiZXhwIjoxNzU0NjQ2NzY1fQ.iBGsYwTijV42A0n1REpUQ4PSDySxad27jBXAAnnXH8E",
    "refreshToken": "5ca92effea7511f45afcb6d7f5494c84e17c671a05d48970db93bc8d79870a27434af0c5f1daedcc"
}
Request method:	POST
Request URI:	https://stellarburgers.nomoreparties.site/api/auth/login
Proxy:			<none>
Request params:	<none>
Query params:	<none>
Form params:	<none>
Path params:	<none>
Headers:		Accept=*/*
				Content-Type=application/json
Cookies:		<none>
Multiparts:		<none>
Body:
{
    "email": "hettie.purdy@example.com",
    "password": "1234"
}
Request method:	POST
Request URI:	https://stellarburgers.nomoreparties.site/api/auth/login
Proxy:			<none>
Request params:	<none>
Query params:	<none>
Form params:	<none>
Path params:	<none>
Headers:		Accept=*/*
				Content-Type=application/json
Cookies:		<none>
Multiparts:		<none>
Body:
{
    "email": "hettie.purdy@example.com",
    "password": "1234"
}
Request method:	POST
Request URI:	https://stellarburgers.nomoreparties.site/api/auth/login
Proxy:			<none>
Request params:	<none>
Query params:	<none>
Form params:	<none>
Path params:	<none>
Headers:		Accept=*/*
				Content-Type=application/json
Cookies:		<none>
Multiparts:		<none>
Body:
{
    "email": "hettie.purdy@example.com",
    "password": "1234"
}
Request method:	POST
Request URI:	https://stellarburgers.nomoreparties.site/api/auth/login
Proxy:			<none>
Request params:	<none>
Query params:	<none>
Form params:	<none>
Path params:	<none>
Headers:		Accept=*/*
				Content-Type=application/json
Cookies:		<none>
Multiparts:		<none>
Body:
{
    "email": "hettie.purdy@example.com",
    "password": "1234"
}
Request method:	POST
Request URI:	https://stellarburgers.nomoreparties.site/api/auth/login
Proxy:			<none>
Request params:	<none>
Query params:	<none>
Form params:	<none>
Path params:	<none>
Headers:		Accept=*/*
				Content-Type=application/json
Cookies:		<none>
Multiparts:		<none>
Body:
{
    "email": "hettie.purdy@example.com",
    "password": "1234"
}
Request method:	POST
Request URI:	https://stellarburgers.nomoreparties.site/api/auth/login
Proxy:			<none>
Request params:	<none>
Query params:	<none>
Form params:	<none>
Path params:	<none>
Headers:		Accept=*/*
				Content-Type=application/json
Cookies:		<none>
Multiparts:		<none>
Body:
{
    "email": "hettie.purdy@example.com",
    "password": "1234"
}
Request method:	POST
Request URI:	https://stellarburgers.nomoreparties.site/api/auth/login
Proxy:			<none>
Request params:	<none>
Query params:	<none>
Form params:	<none>
Path params:	<none>
Headers:		Accept=*/*
				Content-Type=application/json
Cookies:		<none>
Multiparts:		<none>
Body:
{
    "email": "hettie.purdy@example.com",
    "password": "1234"
}
Request method:	POST
Request URI:	https://stellarburgers.nomoreparties.site/api/auth/login
Proxy:			<none>
Request params:	<none>
Query params:	<none>
Form params:	<none>
Path params:	<none>
Headers:		Accept=*/*
				Content-Type=application/json
Cookies:		<none>
Multiparts:		<none>
Body:
{
    "email": "hettie.purdy@example.com",
    "password": "1234"
}
Request method:	POST
Request URI:	https://stellarburgers.nomoreparties.site/api/auth/login
Proxy:			<none>
Request params:	<none>
Query params:	<none>
Form params:	<none>
Path params:	<none>
Headers:		Accept=*/*
				Content-Type=application/json
Cookies:		<none>
Multiparts:		<none>
Body:
{
    "email": "hettie.purdy@example.com",
    "password": "1234"
}
Request method:	POST
Request URI:	https://stellarburgers.nomoreparties.site/api/auth/login
Proxy:			<none>
Request params:	<none>
Query params:	<none>
Form params:	<none>
Path params:	<none>
Headers:		Accept=*/*
				Content-Type=application/json
Cookies:		<none>
Multiparts:		<none>
Body:
{
    "email": "hettie.purdy@example.com",
    "password": "1234"
}
HTTP/1.1 401 Unauthorized
Server: nginx/1.18.0 (Ubuntu)
Date: Fri, 08 Aug 2025 09:32:46 GMT
Content-Type: application/json; charset=utf-8
Content-Length: 61
Connection: keep-alive
X-Powered-By: Express
Access-Control-Allow-Origin: *
ETag: W/"3d-ad9nrqlzQBuoZ0AId1U3rIgKU84"

{
    "success": false,
    "message": "email or password are incorrect"
}
HTTP/1.1 401 Unauthorized
Server: nginx/1.18.0 (Ubuntu)
Date: Fri, 08 Aug 2025 09:32:46 GMT
Content-Type: application/json; charset=utf-8
Content-Length: 61
Connection: keep-alive
X-Powered-By: Express
Access-Control-Allow-Origin: *
ETag: W/"3d-ad9nrqlzQBuoZ0AId1U3rIgKU84"

{
    "success": false,
    "message": "email or password are incorrect"
}
HTTP/1.1 401 Unauthorized
Server: nginx/1.18.0 (Ubuntu)
Date: Fri, 08 Aug 2025 09:32:46 GMT
Content-Type: application/json; charset=utf-8
Content-Length: 61
Connection: keep-alive
X-Powered-By: Express
Access-Control-Allow-Origin: *
ETag: W/"3d-ad9nrqlzQBuoZ0AId1U3rIgKU84"

{
    "success": false,
    "message": "email or password are incorrect"
}
HTTP/1.1 401 Unauthorized
Server: nginx/1.18.0 (Ubuntu)
Date: Fri, 08 Aug 2025 09:32:46 GMT
Content-Type: application/json; charset=utf-8
Content-Length: 61
Connection: keep-alive
X-Powered-By: Express
Access-Control-Allow-Origin: *
ETag: W/"3d-ad9nrqlzQBuoZ0AId1U3rIgKU84"

{
    "success": false,
    "message": "email or password are incorrect"
}
HTTP/1.1 401 Unauthorized
Server: nginx/1.18.0 (Ubuntu)
Date: Fri, 08 Aug 2025 09:32:46 GMT
Content-Type: application/json; charset=utf-8
Content-Length: 61
Connection: keep-alive
X-Powered-By: Express
Access-Control-Allow-Origin: *
ETag: W/"3d-ad9nrqlzQBuoZ0AId1U3rIgKU84"

{
    "success": false,
    "message": "email or password are incorrect"
}
HTTP/1.1 401 Unauthorized
Server: nginx/1.18.0 (Ubuntu)
Date: Fri, 08 Aug 2025 09:32:46 GMT
Content-Type: application/json; charset=utf-8
Content-Length: 61
Connection: keep-alive
X-Powered-By: Express
Access-Control-Allow-Origin: *
ETag: W/"3d-ad9nrqlzQBuoZ0AId1U3rIgKU84"

{
    "success": false,
    "message": "email or password are incorrect"
}
HTTP/1.1 401 Unauthorized
Server: nginx/1.18.0 (Ubuntu)
Date: Fri, 08 Aug 2025 09:32:46 GMT
Content-Type: application/json; charset=utf-8
Content-Length: 61
Connection: keep-alive
X-Powered-By: Express
Access-Control-Allow-Origin: *
ETag: W/"3d-ad9nrqlzQBuoZ0AId1U3rIgKU84"

{
    "success": false,
    "message": "email or password are incorrect"
}
HTTP/1.1 401 Unauthorized
Server: nginx/1.18.0 (Ubuntu)
Date: Fri, 08 Aug 2025 09:32:46 GMT
Content-Type: application/json; charset=utf-8
Content-Length: 61
Connection: keep-alive
X-Powered-By: Express
Access-Control-Allow-Origin: *
ETag: W/"3d-ad9nrqlzQBuoZ0AId1U3rIgKU84"

{
    "success": false,
    "message": "email or password are incorrect"
}
HTTP/1.1 401 Unauthorized
Server: nginx/1.18.0 (Ubuntu)
Date: Fri, 08 Aug 2025 09:32:46 GMT
Content-Type: application/json; charset=utf-8
Content-Length: 61
Connection: keep-alive
X-Powered-By: Express
Access-Control-Allow-Origin: *
ETag: W/"3d-ad9nrqlzQBuoZ0AId1U3rIgKU84"

{
    "success": false,
    "message": "email or password are incorrect"
}
HTTP/1.1 401 Unauthorized
Server: nginx/1.18.0 (Ubuntu)
Date: Fri, 08 Aug 2025 09:32:46 GMT
Content-Type: application/json; charset=utf-8
Content-Length: 61
Connection: keep-alive
X-Powered-By: Express
Access-Control-Allow-Origin: *
ETag: W/"3d-ad9nrqlzQBuoZ0AId1U3rIgKU84"

{
    "success": false,
    "message": "email or password are incorrect"
}
Request method:	POST
Request URI:	https://stellarburgers.nomoreparties.site/api/auth/login
Proxy:			<none>
Request params:	<none>
Query params:	<none>
Form params:	<none>
Path params:	<none>
Headers:		Accept=*/*
				Content-Type=application/json
Cookies:		<none>
Multiparts:		<none>
Body:
{
    "email": "hettie.purdy@example.com",
    "password": "ty00581qqb9763",
    "name": "whitney.ferry"
}
Request method:	POST
Request URI:	https://stellarburgers.nomoreparties.site/api/auth/login
Proxy:			<none>
Request params:	<none>
Query params:	<none>
Form params:	<none>
Path params:	<none>
Headers:		Accept=*/*
				Content-Type=application/json
Cookies:		<none>
Multiparts:		<none>
Body:
{
    "email": "hettie.purdy@example.com",
    "password": "ty00581qqb9763",
    "name": "whitney.ferry"
}
Request method:	POST
Request URI:	https://stellarburgers.nomoreparties.site/api/auth/login
Proxy:			<none>
Request params:	<none>
Query params:	<none>
Form params:	<none>
Path params:	<none>
Headers:		Accept=*/*
				Content-Type=application/json
Cookies:		<none>
Multiparts:		<none>
Body:
{
    "email": "hettie.purdy@example.com",
    "password": "ty00581qqb9763",
    "name": "whitney.ferry"
}
Request method:	POST
Request URI:	https://stellarburgers.nomoreparties.site/api/auth/login
Proxy:			<none>
Request params:	<none>
Query params:	<none>
Form params:	<none>
Path params:	<none>
Headers:		Accept=*/*
				Content-Type=application/json
Cookies:		<none>
Multiparts:		<none>
Body:
{
    "email": "hettie.purdy@example.com",
    "password": "ty00581qqb9763",
    "name": "whitney.ferry"
}
Request method:	POST
Request URI:	https://stellarburgers.nomoreparties.site/api/auth/login
Proxy:			<none>
Request params:	<none>
Query params:	<none>
Form params:	<none>
Path params:	<none>
Headers:		Accept=*/*
				Content-Type=application/json
Cookies:		<none>
Multiparts:		<none>
Body:
{
    "email": "hettie.purdy@example.com",
    "password": "ty00581qqb9763",
    "name": "whitney.ferry"
}
Request method:	POST
Request URI:	https://stellarburgers.nomoreparties.site/api/auth/login
Proxy:			<none>
Request params:	<none>
Query params:	<none>
Form params:	<none>
Path params:	<none>
Headers:		Accept=*/*
				Content-Type=application/json
Cookies:		<none>
Multiparts:		<none>
Body:
{
    "email": "hettie.purdy@example.com",
    "password": "ty00581qqb9763",
    "name": "whitney.ferry"
}
Request method:	POST
Request URI:	https://stellarburgers.nomoreparties.site/api/auth/login
Proxy:			<none>
Request params:	<none>
Query params:	<none>
Form params:	<none>
Path params:	<none>
Headers:		Accept=*/*
				Content-Type=application/json
Cookies:		<none>
Multiparts:		<none>
Body:
{
    "email": "hettie.purdy@example.com",
    "password": "ty00581qqb9763",
    "name": "whitney.ferry"
}
Request method:	POST
Request URI:	https://stellarburgers.nomoreparties.site/api/auth/login
Proxy:			<none>
Request params:	<none>
Query params:	<none>
Form params:	<none>
Path params:	<none>
Headers:		Accept=*/*
				Content-Type=application/json
Cookies:		<none>
Multiparts:		<none>
Body:
{
    "email": "hettie.purdy@example.com",
    "password": "ty00581qqb9763",
    "name": "whitney.ferry"
}
Request method:	POST
Request URI:	https://stellarburgers.nomoreparties.site/api/auth/login
Proxy:			<none>
Request params:	<none>
Query params:	<none>
Form params:	<none>
Path params:	<none>
Headers:		Accept=*/*
				Content-Type=application/json
Cookies:		<none>
Multiparts:		<none>
Body:
{
    "email": "hettie.purdy@example.com",
    "password": "ty00581qqb9763",
    "name": "whitney.ferry"
}
Request method:	POST
Request URI:	https://stellarburgers.nomoreparties.site/api/auth/login
Proxy:			<none>
Request params:	<none>
Query params:	<none>
Form params:	<none>
Path params:	<none>
Headers:		Accept=*/*
				Content-Type=application/json
Cookies:		<none>
Multiparts:		<none>
Body:
{
    "email": "hettie.purdy@example.com",
    "password": "ty00581qqb9763",
    "name": "whitney.ferry"
}
HTTP/1.1 200 OK
Server: nginx/1.18.0 (Ubuntu)
Date: Fri, 08 Aug 2025 09:32:46 GMT
Content-Type: application/json; charset=utf-8
Content-Length: 376
Connection: keep-alive
X-Powered-By: Express
Access-Control-Allow-Origin: *
ETag: W/"178-Fj51ZDFrRbIEASelgjyeTB9mUZ4"

{
    "success": true,
    "accessToken": "Bearer eyJhbGciOiJIUzI1NiIsInR5cCI6IkpXVCJ9.eyJpZCI6IjY4OTVjNDNkOWVkMjgwMDAxYjY3M2FjYiIsImlhdCI6MTc1NDY0NTU2NiwiZXhwIjoxNzU0NjQ2NzY2fQ.aWdY3LKekORBBoWdTaHDOk5j9Ud-SyX5QnPOmYwNLFY",
    "refreshToken": "3420ce1dd67a1463c5c4099eaeae50c2fa79794e3944efa503d64386a449270b2e7603524ae0cc2e",
    "user": {
        "email": "hettie.purdy@example.com",
        "name": "whitney.ferry"
    }
}
HTTP/1.1 200 OK
Server: nginx/1.18.0 (Ubuntu)
Date: Fri, 08 Aug 2025 09:32:46 GMT
Content-Type: application/json; charset=utf-8
Content-Length: 376
Connection: keep-alive
X-Powered-By: Express
Access-Control-Allow-Origin: *
ETag: W/"178-Fj51ZDFrRbIEASelgjyeTB9mUZ4"

{
    "success": true,
    "accessToken": "Bearer eyJhbGciOiJIUzI1NiIsInR5cCI6IkpXVCJ9.eyJpZCI6IjY4OTVjNDNkOWVkMjgwMDAxYjY3M2FjYiIsImlhdCI6MTc1NDY0NTU2NiwiZXhwIjoxNzU0NjQ2NzY2fQ.aWdY3LKekORBBoWdTaHDOk5j9Ud-SyX5QnPOmYwNLFY",
    "refreshToken": "3420ce1dd67a1463c5c4099eaeae50c2fa79794e3944efa503d64386a449270b2e7603524ae0cc2e",
    "user": {
        "email": "hettie.purdy@example.com",
        "name": "whitney.ferry"
    }
}
HTTP/1.1 200 OK
Server: nginx/1.18.0 (Ubuntu)
Date: Fri, 08 Aug 2025 09:32:46 GMT
Content-Type: application/json; charset=utf-8
Content-Length: 376
Connection: keep-alive
X-Powered-By: Express
Access-Control-Allow-Origin: *
ETag: W/"178-Fj51ZDFrRbIEASelgjyeTB9mUZ4"

{
    "success": true,
    "accessToken": "Bearer eyJhbGciOiJIUzI1NiIsInR5cCI6IkpXVCJ9.eyJpZCI6IjY4OTVjNDNkOWVkMjgwMDAxYjY3M2FjYiIsImlhdCI6MTc1NDY0NTU2NiwiZXhwIjoxNzU0NjQ2NzY2fQ.aWdY3LKekORBBoWdTaHDOk5j9Ud-SyX5QnPOmYwNLFY",
    "refreshToken": "3420ce1dd67a1463c5c4099eaeae50c2fa79794e3944efa503d64386a449270b2e7603524ae0cc2e",
    "user": {
        "email": "hettie.purdy@example.com",
        "name": "whitney.ferry"
    }
}
HTTP/1.1 200 OK
Server: nginx/1.18.0 (Ubuntu)
Date: Fri, 08 Aug 2025 09:32:46 GMT
Content-Type: application/json; charset=utf-8
Content-Length: 376
Connection: keep-alive
X-Powered-By: Express
Access-Control-Allow-Origin: *
ETag: W/"178-Fj51ZDFrRbIEASelgjyeTB9mUZ4"

{
    "success": true,
    "accessToken": "Bearer eyJhbGciOiJIUzI1NiIsInR5cCI6IkpXVCJ9.eyJpZCI6IjY4OTVjNDNkOWVkMjgwMDAxYjY3M2FjYiIsImlhdCI6MTc1NDY0NTU2NiwiZXhwIjoxNzU0NjQ2NzY2fQ.aWdY3LKekORBBoWdTaHDOk5j9Ud-SyX5QnPOmYwNLFY",
    "refreshToken": "3420ce1dd67a1463c5c4099eaeae50c2fa79794e3944efa503d64386a449270b2e7603524ae0cc2e",
    "user": {
        "email": "hettie.purdy@example.com",
        "name": "whitney.ferry"
    }
}
HTTP/1.1 200 OK
Server: nginx/1.18.0 (Ubuntu)
Date: Fri, 08 Aug 2025 09:32:46 GMT
Content-Type: application/json; charset=utf-8
Content-Length: 376
Connection: keep-alive
X-Powered-By: Express
Access-Control-Allow-Origin: *
ETag: W/"178-Fj51ZDFrRbIEASelgjyeTB9mUZ4"

{
    "success": true,
    "accessToken": "Bearer eyJhbGciOiJIUzI1NiIsInR5cCI6IkpXVCJ9.eyJpZCI6IjY4OTVjNDNkOWVkMjgwMDAxYjY3M2FjYiIsImlhdCI6MTc1NDY0NTU2NiwiZXhwIjoxNzU0NjQ2NzY2fQ.aWdY3LKekORBBoWdTaHDOk5j9Ud-SyX5QnPOmYwNLFY",
    "refreshToken": "3420ce1dd67a1463c5c4099eaeae50c2fa79794e3944efa503d64386a449270b2e7603524ae0cc2e",
    "user": {
        "email": "hettie.purdy@example.com",
        "name": "whitney.ferry"
    }
}
HTTP/1.1 200 OK
Server: nginx/1.18.0 (Ubuntu)
Date: Fri, 08 Aug 2025 09:32:46 GMT
Content-Type: application/json; charset=utf-8
Content-Length: 376
Connection: keep-alive
X-Powered-By: Express
Access-Control-Allow-Origin: *
ETag: W/"178-Fj51ZDFrRbIEASelgjyeTB9mUZ4"

{
    "success": true,
    "accessToken": "Bearer eyJhbGciOiJIUzI1NiIsInR5cCI6IkpXVCJ9.eyJpZCI6IjY4OTVjNDNkOWVkMjgwMDAxYjY3M2FjYiIsImlhdCI6MTc1NDY0NTU2NiwiZXhwIjoxNzU0NjQ2NzY2fQ.aWdY3LKekORBBoWdTaHDOk5j9Ud-SyX5QnPOmYwNLFY",
    "refreshToken": "3420ce1dd67a1463c5c4099eaeae50c2fa79794e3944efa503d64386a449270b2e7603524ae0cc2e",
    "user": {
        "email": "hettie.purdy@example.com",
        "name": "whitney.ferry"
    }
}
HTTP/1.1 200 OK
Server: nginx/1.18.0 (Ubuntu)
Date: Fri, 08 Aug 2025 09:32:46 GMT
Content-Type: application/json; charset=utf-8
Content-Length: 376
Connection: keep-alive
X-Powered-By: Express
Access-Control-Allow-Origin: *
ETag: W/"178-Fj51ZDFrRbIEASelgjyeTB9mUZ4"

{
    "success": true,
    "accessToken": "Bearer eyJhbGciOiJIUzI1NiIsInR5cCI6IkpXVCJ9.eyJpZCI6IjY4OTVjNDNkOWVkMjgwMDAxYjY3M2FjYiIsImlhdCI6MTc1NDY0NTU2NiwiZXhwIjoxNzU0NjQ2NzY2fQ.aWdY3LKekORBBoWdTaHDOk5j9Ud-SyX5QnPOmYwNLFY",
    "refreshToken": "3420ce1dd67a1463c5c4099eaeae50c2fa79794e3944efa503d64386a449270b2e7603524ae0cc2e",
    "user": {
        "email": "hettie.purdy@example.com",
        "name": "whitney.ferry"
    }
}
HTTP/1.1 200 OK
Server: nginx/1.18.0 (Ubuntu)
Date: Fri, 08 Aug 2025 09:32:46 GMT
Content-Type: application/json; charset=utf-8
Content-Length: 376
Connection: keep-alive
X-Powered-By: Express
Access-Control-Allow-Origin: *
ETag: W/"178-Fj51ZDFrRbIEASelgjyeTB9mUZ4"

{
    "success": true,
    "accessToken": "Bearer eyJhbGciOiJIUzI1NiIsInR5cCI6IkpXVCJ9.eyJpZCI6IjY4OTVjNDNkOWVkMjgwMDAxYjY3M2FjYiIsImlhdCI6MTc1NDY0NTU2NiwiZXhwIjoxNzU0NjQ2NzY2fQ.aWdY3LKekORBBoWdTaHDOk5j9Ud-SyX5QnPOmYwNLFY",
    "refreshToken": "3420ce1dd67a1463c5c4099eaeae50c2fa79794e3944efa503d64386a449270b2e7603524ae0cc2e",
    "user": {
        "email": "hettie.purdy@example.com",
        "name": "whitney.ferry"
    }
}
HTTP/1.1 200 OK
Server: nginx/1.18.0 (Ubuntu)
Date: Fri, 08 Aug 2025 09:32:46 GMT
Content-Type: application/json; charset=utf-8
Content-Length: 376
Connection: keep-alive
X-Powered-By: Express
Access-Control-Allow-Origin: *
ETag: W/"178-Fj51ZDFrRbIEASelgjyeTB9mUZ4"

{
    "success": true,
    "accessToken": "Bearer eyJhbGciOiJIUzI1NiIsInR5cCI6IkpXVCJ9.eyJpZCI6IjY4OTVjNDNkOWVkMjgwMDAxYjY3M2FjYiIsImlhdCI6MTc1NDY0NTU2NiwiZXhwIjoxNzU0NjQ2NzY2fQ.aWdY3LKekORBBoWdTaHDOk5j9Ud-SyX5QnPOmYwNLFY",
    "refreshToken": "3420ce1dd67a1463c5c4099eaeae50c2fa79794e3944efa503d64386a449270b2e7603524ae0cc2e",
    "user": {
        "email": "hettie.purdy@example.com",
        "name": "whitney.ferry"
    }
}
HTTP/1.1 200 OK
Server: nginx/1.18.0 (Ubuntu)
Date: Fri, 08 Aug 2025 09:32:46 GMT
Content-Type: application/json; charset=utf-8
Content-Length: 376
Connection: keep-alive
X-Powered-By: Express
Access-Control-Allow-Origin: *
ETag: W/"178-Fj51ZDFrRbIEASelgjyeTB9mUZ4"

{
    "success": true,
    "accessToken": "Bearer eyJhbGciOiJIUzI1NiIsInR5cCI6IkpXVCJ9.eyJpZCI6IjY4OTVjNDNkOWVkMjgwMDAxYjY3M2FjYiIsImlhdCI6MTc1NDY0NTU2NiwiZXhwIjoxNzU0NjQ2NzY2fQ.aWdY3LKekORBBoWdTaHDOk5j9Ud-SyX5QnPOmYwNLFY",
    "refreshToken": "3420ce1dd67a1463c5c4099eaeae50c2fa79794e3944efa503d64386a449270b2e7603524ae0cc2e",
    "user": {
        "email": "hettie.purdy@example.com",
        "name": "whitney.ferry"
    }
}
Request method:	DELETE
Request URI:	https://stellarburgers.nomoreparties.site/api/auth/user
Proxy:			<none>
Request params:	<none>
Query params:	<none>
Form params:	<none>
Path params:	<none>
Headers:		Authorization=Bearer eyJhbGciOiJIUzI1NiIsInR5cCI6IkpXVCJ9.eyJpZCI6IjY4OTVjNDNkOWVkMjgwMDAxYjY3M2FjYiIsImlhdCI6MTc1NDY0NTU2NiwiZXhwIjoxNzU0NjQ2NzY2fQ.aWdY3LKekORBBoWdTaHDOk5j9Ud-SyX5QnPOmYwNLFY
				Accept=*/*
				Content-Type=application/json
Cookies:		<none>
Multiparts:		<none>
Body:			<none>
Request method:	DELETE
Request URI:	https://stellarburgers.nomoreparties.site/api/auth/user
Proxy:			<none>
Request params:	<none>
Query params:	<none>
Form params:	<none>
Path params:	<none>
Headers:		Authorization=Bearer eyJhbGciOiJIUzI1NiIsInR5cCI6IkpXVCJ9.eyJpZCI6IjY4OTVjNDNkOWVkMjgwMDAxYjY3M2FjYiIsImlhdCI6MTc1NDY0NTU2NiwiZXhwIjoxNzU0NjQ2NzY2fQ.aWdY3LKekORBBoWdTaHDOk5j9Ud-SyX5QnPOmYwNLFY
				Accept=*/*
				Content-Type=application/json
Cookies:		<none>
Multiparts:		<none>
Body:			<none>
Request method:	DELETE
Request URI:	https://stellarburgers.nomoreparties.site/api/auth/user
Proxy:			<none>
Request params:	<none>
Query params:	<none>
Form params:	<none>
Path params:	<none>
Headers:		Authorization=Bearer eyJhbGciOiJIUzI1NiIsInR5cCI6IkpXVCJ9.eyJpZCI6IjY4OTVjNDNkOWVkMjgwMDAxYjY3M2FjYiIsImlhdCI6MTc1NDY0NTU2NiwiZXhwIjoxNzU0NjQ2NzY2fQ.aWdY3LKekORBBoWdTaHDOk5j9Ud-SyX5QnPOmYwNLFY
				Accept=*/*
				Content-Type=application/json
Cookies:		<none>
Multiparts:		<none>
Body:			<none>
Request method:	DELETE
Request URI:	https://stellarburgers.nomoreparties.site/api/auth/user
Proxy:			<none>
Request params:	<none>
Query params:	<none>
Form params:	<none>
Path params:	<none>
Headers:		Authorization=Bearer eyJhbGciOiJIUzI1NiIsInR5cCI6IkpXVCJ9.eyJpZCI6IjY4OTVjNDNkOWVkMjgwMDAxYjY3M2FjYiIsImlhdCI6MTc1NDY0NTU2NiwiZXhwIjoxNzU0NjQ2NzY2fQ.aWdY3LKekORBBoWdTaHDOk5j9Ud-SyX5QnPOmYwNLFY
				Accept=*/*
				Content-Type=application/json
Cookies:		<none>
Multiparts:		<none>
Body:			<none>
Request method:	DELETE
Request URI:	https://stellarburgers.nomoreparties.site/api/auth/user
Proxy:			<none>
Request params:	<none>
Query params:	<none>
Form params:	<none>
Path params:	<none>
Headers:		Authorization=Bearer eyJhbGciOiJIUzI1NiIsInR5cCI6IkpXVCJ9.eyJpZCI6IjY4OTVjNDNkOWVkMjgwMDAxYjY3M2FjYiIsImlhdCI6MTc1NDY0NTU2NiwiZXhwIjoxNzU0NjQ2NzY2fQ.aWdY3LKekORBBoWdTaHDOk5j9Ud-SyX5QnPOmYwNLFY
				Accept=*/*
				Content-Type=application/json
Cookies:		<none>
Multiparts:		<none>
Body:			<none>
Request method:	DELETE
Request URI:	https://stellarburgers.nomoreparties.site/api/auth/user
Proxy:			<none>
Request params:	<none>
Query params:	<none>
Form params:	<none>
Path params:	<none>
Headers:		Authorization=Bearer eyJhbGciOiJIUzI1NiIsInR5cCI6IkpXVCJ9.eyJpZCI6IjY4OTVjNDNkOWVkMjgwMDAxYjY3M2FjYiIsImlhdCI6MTc1NDY0NTU2NiwiZXhwIjoxNzU0NjQ2NzY2fQ.aWdY3LKekORBBoWdTaHDOk5j9Ud-SyX5QnPOmYwNLFY
				Accept=*/*
				Content-Type=application/json
Cookies:		<none>
Multiparts:		<none>
Body:			<none>
Request method:	DELETE
Request URI:	https://stellarburgers.nomoreparties.site/api/auth/user
Proxy:			<none>
Request params:	<none>
Query params:	<none>
Form params:	<none>
Path params:	<none>
Headers:		Authorization=Bearer eyJhbGciOiJIUzI1NiIsInR5cCI6IkpXVCJ9.eyJpZCI6IjY4OTVjNDNkOWVkMjgwMDAxYjY3M2FjYiIsImlhdCI6MTc1NDY0NTU2NiwiZXhwIjoxNzU0NjQ2NzY2fQ.aWdY3LKekORBBoWdTaHDOk5j9Ud-SyX5QnPOmYwNLFY
				Accept=*/*
				Content-Type=application/json
Cookies:		<none>
Multiparts:		<none>
Body:			<none>
Request method:	DELETE
Request URI:	https://stellarburgers.nomoreparties.site/api/auth/user
Proxy:			<none>
Request params:	<none>
Query params:	<none>
Form params:	<none>
Path params:	<none>
Headers:		Authorization=Bearer eyJhbGciOiJIUzI1NiIsInR5cCI6IkpXVCJ9.eyJpZCI6IjY4OTVjNDNkOWVkMjgwMDAxYjY3M2FjYiIsImlhdCI6MTc1NDY0NTU2NiwiZXhwIjoxNzU0NjQ2NzY2fQ.aWdY3LKekORBBoWdTaHDOk5j9Ud-SyX5QnPOmYwNLFY
				Accept=*/*
				Content-Type=application/json
Cookies:		<none>
Multiparts:		<none>
Body:			<none>
Request method:	DELETE
Request URI:	https://stellarburgers.nomoreparties.site/api/auth/user
Proxy:			<none>
Request params:	<none>
Query params:	<none>
Form params:	<none>
Path params:	<none>
Headers:		Authorization=Bearer eyJhbGciOiJIUzI1NiIsInR5cCI6IkpXVCJ9.eyJpZCI6IjY4OTVjNDNkOWVkMjgwMDAxYjY3M2FjYiIsImlhdCI6MTc1NDY0NTU2NiwiZXhwIjoxNzU0NjQ2NzY2fQ.aWdY3LKekORBBoWdTaHDOk5j9Ud-SyX5QnPOmYwNLFY
				Accept=*/*
				Content-Type=application/json
Cookies:		<none>
Multiparts:		<none>
Body:			<none>
Request method:	DELETE
Request URI:	https://stellarburgers.nomoreparties.site/api/auth/user
Proxy:			<none>
Request params:	<none>
Query params:	<none>
Form params:	<none>
Path params:	<none>
Headers:		Authorization=Bearer eyJhbGciOiJIUzI1NiIsInR5cCI6IkpXVCJ9.eyJpZCI6IjY4OTVjNDNkOWVkMjgwMDAxYjY3M2FjYiIsImlhdCI6MTc1NDY0NTU2NiwiZXhwIjoxNzU0NjQ2NzY2fQ.aWdY3LKekORBBoWdTaHDOk5j9Ud-SyX5QnPOmYwNLFY
				Accept=*/*
				Content-Type=application/json
Cookies:		<none>
Multiparts:		<none>
Body:			<none>
HTTP/1.1 202 Accepted
Server: nginx/1.18.0 (Ubuntu)
Date: Fri, 08 Aug 2025 09:32:47 GMT
Content-Type: application/json; charset=utf-8
Content-Length: 54
Connection: keep-alive
X-Powered-By: Express
Access-Control-Allow-Origin: *
ETag: W/"36-hDmZnQ3Ou/ynnqAeC6TYmyseuzY"

{
    "success": true,
    "message": "User successfully removed"
}
HTTP/1.1 202 Accepted
Server: nginx/1.18.0 (Ubuntu)
Date: Fri, 08 Aug 2025 09:32:47 GMT
Content-Type: application/json; charset=utf-8
Content-Length: 54
Connection: keep-alive
X-Powered-By: Express
Access-Control-Allow-Origin: *
ETag: W/"36-hDmZnQ3Ou/ynnqAeC6TYmyseuzY"

{
    "success": true,
    "message": "User successfully removed"
}
HTTP/1.1 202 Accepted
Server: nginx/1.18.0 (Ubuntu)
Date: Fri, 08 Aug 2025 09:32:47 GMT
Content-Type: application/json; charset=utf-8
Content-Length: 54
Connection: keep-alive
X-Powered-By: Express
Access-Control-Allow-Origin: *
ETag: W/"36-hDmZnQ3Ou/ynnqAeC6TYmyseuzY"

{
    "success": true,
    "message": "User successfully removed"
}
HTTP/1.1 202 Accepted
Server: nginx/1.18.0 (Ubuntu)
Date: Fri, 08 Aug 2025 09:32:47 GMT
Content-Type: application/json; charset=utf-8
Content-Length: 54
Connection: keep-alive
X-Powered-By: Express
Access-Control-Allow-Origin: *
ETag: W/"36-hDmZnQ3Ou/ynnqAeC6TYmyseuzY"

{
    "success": true,
    "message": "User successfully removed"
}
HTTP/1.1 202 Accepted
Server: nginx/1.18.0 (Ubuntu)
Date: Fri, 08 Aug 2025 09:32:47 GMT
Content-Type: application/json; charset=utf-8
Content-Length: 54
Connection: keep-alive
X-Powered-By: Express
Access-Control-Allow-Origin: *
ETag: W/"36-hDmZnQ3Ou/ynnqAeC6TYmyseuzY"

{
    "success": true,
    "message": "User successfully removed"
}
HTTP/1.1 202 Accepted
Server: nginx/1.18.0 (Ubuntu)
Date: Fri, 08 Aug 2025 09:32:47 GMT
Content-Type: application/json; charset=utf-8
Content-Length: 54
Connection: keep-alive
X-Powered-By: Express
Access-Control-Allow-Origin: *
ETag: W/"36-hDmZnQ3Ou/ynnqAeC6TYmyseuzY"

{
    "success": true,
    "message": "User successfully removed"
}
HTTP/1.1 202 Accepted
Server: nginx/1.18.0 (Ubuntu)
Date: Fri, 08 Aug 2025 09:32:47 GMT
Content-Type: application/json; charset=utf-8
Content-Length: 54
Connection: keep-alive
X-Powered-By: Express
Access-Control-Allow-Origin: *
ETag: W/"36-hDmZnQ3Ou/ynnqAeC6TYmyseuzY"

{
    "success": true,
    "message": "User successfully removed"
}
HTTP/1.1 202 Accepted
Server: nginx/1.18.0 (Ubuntu)
Date: Fri, 08 Aug 2025 09:32:47 GMT
Content-Type: application/json; charset=utf-8
Content-Length: 54
Connection: keep-alive
X-Powered-By: Express
Access-Control-Allow-Origin: *
ETag: W/"36-hDmZnQ3Ou/ynnqAeC6TYmyseuzY"

{
    "success": true,
    "message": "User successfully removed"
}
HTTP/1.1 202 Accepted
Server: nginx/1.18.0 (Ubuntu)
Date: Fri, 08 Aug 2025 09:32:47 GMT
Content-Type: application/json; charset=utf-8
Content-Length: 54
Connection: keep-alive
X-Powered-By: Express
Access-Control-Allow-Origin: *
ETag: W/"36-hDmZnQ3Ou/ynnqAeC6TYmyseuzY"

{
    "success": true,
    "message": "User successfully removed"
}
HTTP/1.1 202 Accepted
Server: nginx/1.18.0 (Ubuntu)
Date: Fri, 08 Aug 2025 09:32:47 GMT
Content-Type: application/json; charset=utf-8
Content-Length: 54
Connection: keep-alive
X-Powered-By: Express
Access-Control-Allow-Origin: *
ETag: W/"36-hDmZnQ3Ou/ynnqAeC6TYmyseuzY"

{
    "success": true,
    "message": "User successfully removed"
}
]]></system-out>
  </testcase>
  <testcase name="shouldLoginExistingUserTest" classname="praktikum.LoginUserTests" time="2.242">
    <system-out><![CDATA[Request method:	POST
Request URI:	https://stellarburgers.nomoreparties.site/api/auth/register
Proxy:			<none>
Request params:	<none>
Query params:	<none>
Form params:	<none>
Path params:	<none>
Headers:		Accept=*/*
				Content-Type=application/json
Cookies:		<none>
Multiparts:		<none>
Body:
{
    "email": "guillermo.schowalter@example.com",
    "password": "evwq3c6u9",
    "name": "francesco.skiles"
}
Request method:	POST
Request URI:	https://stellarburgers.nomoreparties.site/api/auth/register
Proxy:			<none>
Request params:	<none>
Query params:	<none>
Form params:	<none>
Path params:	<none>
Headers:		Accept=*/*
				Content-Type=application/json
Cookies:		<none>
Multiparts:		<none>
Body:
{
    "email": "guillermo.schowalter@example.com",
    "password": "evwq3c6u9",
    "name": "francesco.skiles"
}
Request method:	POST
Request URI:	https://stellarburgers.nomoreparties.site/api/auth/register
Proxy:			<none>
Request params:	<none>
Query params:	<none>
Form params:	<none>
Path params:	<none>
Headers:		Accept=*/*
				Content-Type=application/json
Cookies:		<none>
Multiparts:		<none>
Body:
{
    "email": "guillermo.schowalter@example.com",
    "password": "evwq3c6u9",
    "name": "francesco.skiles"
}
Request method:	POST
Request URI:	https://stellarburgers.nomoreparties.site/api/auth/register
Proxy:			<none>
Request params:	<none>
Query params:	<none>
Form params:	<none>
Path params:	<none>
Headers:		Accept=*/*
				Content-Type=application/json
Cookies:		<none>
Multiparts:		<none>
Body:
{
    "email": "guillermo.schowalter@example.com",
    "password": "evwq3c6u9",
    "name": "francesco.skiles"
}
Request method:	POST
Request URI:	https://stellarburgers.nomoreparties.site/api/auth/register
Proxy:			<none>
Request params:	<none>
Query params:	<none>
Form params:	<none>
Path params:	<none>
Headers:		Accept=*/*
				Content-Type=application/json
Cookies:		<none>
Multiparts:		<none>
Body:
{
    "email": "guillermo.schowalter@example.com",
    "password": "evwq3c6u9",
    "name": "francesco.skiles"
}
Request method:	POST
Request URI:	https://stellarburgers.nomoreparties.site/api/auth/register
Proxy:			<none>
Request params:	<none>
Query params:	<none>
Form params:	<none>
Path params:	<none>
Headers:		Accept=*/*
				Content-Type=application/json
Cookies:		<none>
Multiparts:		<none>
Body:
{
    "email": "guillermo.schowalter@example.com",
    "password": "evwq3c6u9",
    "name": "francesco.skiles"
}
Request method:	POST
Request URI:	https://stellarburgers.nomoreparties.site/api/auth/register
Proxy:			<none>
Request params:	<none>
Query params:	<none>
Form params:	<none>
Path params:	<none>
Headers:		Accept=*/*
				Content-Type=application/json
Cookies:		<none>
Multiparts:		<none>
Body:
{
    "email": "guillermo.schowalter@example.com",
    "password": "evwq3c6u9",
    "name": "francesco.skiles"
}
Request method:	POST
Request URI:	https://stellarburgers.nomoreparties.site/api/auth/register
Proxy:			<none>
Request params:	<none>
Query params:	<none>
Form params:	<none>
Path params:	<none>
Headers:		Accept=*/*
				Content-Type=application/json
Cookies:		<none>
Multiparts:		<none>
Body:
{
    "email": "guillermo.schowalter@example.com",
    "password": "evwq3c6u9",
    "name": "francesco.skiles"
}
Request method:	POST
Request URI:	https://stellarburgers.nomoreparties.site/api/auth/register
Proxy:			<none>
Request params:	<none>
Query params:	<none>
Form params:	<none>
Path params:	<none>
Headers:		Accept=*/*
				Content-Type=application/json
Cookies:		<none>
Multiparts:		<none>
Body:
{
    "email": "guillermo.schowalter@example.com",
    "password": "evwq3c6u9",
    "name": "francesco.skiles"
}
Request method:	POST
Request URI:	https://stellarburgers.nomoreparties.site/api/auth/register
Proxy:			<none>
Request params:	<none>
Query params:	<none>
Form params:	<none>
Path params:	<none>
Headers:		Accept=*/*
				Content-Type=application/json
Cookies:		<none>
Multiparts:		<none>
Body:
{
    "email": "guillermo.schowalter@example.com",
    "password": "evwq3c6u9",
    "name": "francesco.skiles"
}
Request method:	POST
Request URI:	https://stellarburgers.nomoreparties.site/api/auth/register
Proxy:			<none>
Request params:	<none>
Query params:	<none>
Form params:	<none>
Path params:	<none>
Headers:		Accept=*/*
				Content-Type=application/json
Cookies:		<none>
Multiparts:		<none>
Body:
{
    "email": "guillermo.schowalter@example.com",
    "password": "evwq3c6u9",
    "name": "francesco.skiles"
}
HTTP/1.1 200 OK
Server: nginx/1.18.0 (Ubuntu)
Date: Fri, 08 Aug 2025 09:32:47 GMT
Content-Type: application/json; charset=utf-8
Content-Length: 387
Connection: keep-alive
X-Powered-By: Express
Access-Control-Allow-Origin: *
[...]
				Content-Type=application/json
Cookies:		<none>
Multiparts:		<none>
Body:
{
    "email": "guillermo.schowalter@example.com",
    "password": "evwq3c6u9",
    "name": "francesco.skiles"
}
Request method:	POST
Request URI:	https://stellarburgers.nomoreparties.site/api/auth/login
Proxy:			<none>
Request params:	<none>
Query params:	<none>
Form params:	<none>
Path params:	<none>
Headers:		Accept=*/*
				Content-Type=application/json
Cookies:		<none>
Multiparts:		<none>
Body:
{
    "email": "guillermo.schowalter@example.com",
    "password": "evwq3c6u9",
    "name": "francesco.skiles"
}
Request method:	POST
Request URI:	https://stellarburgers.nomoreparties.site/api/auth/login
Proxy:			<none>
Request params:	<none>
Query params:	<none>
Form params:	<none>
Path params:	<none>
Headers:		Accept=*/*
				Content-Type=application/json
Cookies:		<none>
Multiparts:		<none>
Body:
{
    "email": "guillermo.schowalter@example.com",
    "password": "evwq3c6u9",
    "name": "francesco.skiles"
}
Request method:	POST
Request URI:	https://stellarburgers.nomoreparties.site/api/auth/login
Proxy:			<none>
Request params:	<none>
Query params:	<none>
Form params:	<none>
Path params:	<none>
Headers:		Accept=*/*
				Content-Type=application/json
Cookies:		<none>
Multiparts:		<none>
Body:
{
    "email": "guillermo.schowalter@example.com",
    "password": "evwq3c6u9",
    "name": "francesco.skiles"
}
Request method:	POST
Request URI:	https://stellarburgers.nomoreparties.site/api/auth/login
Proxy:			<none>
Request params:	<none>
Query params:	<none>
Form params:	<none>
Path params:	<none>
Headers:		Accept=*/*
				Content-Type=application/json
Cookies:		<none>
Multiparts:		<none>
Body:
{
    "email": "guillermo.schowalter@example.com",
    "password": "evwq3c6u9",
    "name": "francesco.skiles"
}
Request method:	POST
Request URI:	https://stellarburgers.nomoreparties.site/api/auth/login
Proxy:			<none>
Request params:	<none>
Query params:	<none>
Form params:	<none>
Path params:	<none>
Headers:		Accept=*/*
				Content-Type=application/json
Cookies:		<none>
Multiparts:		<none>
Body:
{
    "email": "guillermo.schowalter@example.com",
    "password": "evwq3c6u9",
    "name": "francesco.skiles"
}
Request method:	POST
Request URI:	https://stellarburgers.nomoreparties.site/api/auth/login
Proxy:			<none>
Request params:	<none>
Query params:	<none>
Form params:	<none>
Path params:	<none>
Headers:		Accept=*/*
				Content-Type=application/json
Cookies:		<none>
Multiparts:		<none>
Body:
{
    "email": "guillermo.schowalter@example.com",
    "password": "evwq3c6u9",
    "name": "francesco.skiles"
}
Request method:	POST
Request URI:	https://stellarburgers.nomoreparties.site/api/auth/login
Proxy:			<none>
Request params:	<none>
Query params:	<none>
Form params:	<none>
Path params:	<none>
Headers:		Accept=*/*
				Content-Type=application/json
Cookies:		<none>
Multiparts:		<none>
Body:
{
    "email": "guillermo.schowalter@example.com",
    "password": "evwq3c6u9",
    "name": "francesco.skiles"
}
HTTP/1.1 200 OK
Server: nginx/1.18.0 (Ubuntu)
Date: Fri, 08 Aug 2025 09:32:48 GMT
Content-Type: application/json; charset=utf-8
Content-Length: 387
Connection: keep-alive
X-Powered-By: Express
Access-Control-Allow-Origin: *
ETag: W/"183-Z86DGb3Uat49M5GCSLZrnEGQOeY"

{
    "success": true,
    "accessToken": "Bearer eyJhbGciOiJIUzI1NiIsInR5cCI6IkpXVCJ9.eyJpZCI6IjY4OTVjNDNmOWVkMjgwMDAxYjY3M2FjZSIsImlhdCI6MTc1NDY0NTU2OCwiZXhwIjoxNzU0NjQ2NzY4fQ.ZHXiSxIMQOUNOKLIKgV8rxVvDgmERlhov3J0gtkW-vc",
    "refreshToken": "3a4ecb3ef3a957e7c6bb10da5ae3da8450b13198f10318550007093a23536a9a68787d3dc2223a35",
    "user": {
        "email": "guillermo.schowalter@example.com",
        "name": "francesco.skiles"
    }
}
HTTP/1.1 200 OK
Server: nginx/1.18.0 (Ubuntu)
Date: Fri, 08 Aug 2025 09:32:48 GMT
Content-Type: application/json; charset=utf-8
Content-Length: 387
Connection: keep-alive
X-Powered-By: Express
Access-Control-Allow-Origin: *
ETag: W/"183-Z86DGb3Uat49M5GCSLZrnEGQOeY"

{
    "success": true,
    "accessToken": "Bearer eyJhbGciOiJIUzI1NiIsInR5cCI6IkpXVCJ9.eyJpZCI6IjY4OTVjNDNmOWVkMjgwMDAxYjY3M2FjZSIsImlhdCI6MTc1NDY0NTU2OCwiZXhwIjoxNzU0NjQ2NzY4fQ.ZHXiSxIMQOUNOKLIKgV8rxVvDgmERlhov3J0gtkW-vc",
    "refreshToken": "3a4ecb3ef3a957e7c6bb10da5ae3da8450b13198f10318550007093a23536a9a68787d3dc2223a35",
    "user": {
        "email": "guillermo.schowalter@example.com",
        "name": "francesco.skiles"
    }
}
HTTP/1.1 200 OK
Server: nginx/1.18.0 (Ubuntu)
Date: Fri, 08 Aug 2025 09:32:48 GMT
Content-Type: application/json; charset=utf-8
Content-Length: 387
Connection: keep-alive
X-Powered-By: Express
Access-Control-Allow-Origin: *
ETag: W/"183-Z86DGb3Uat49M5GCSLZrnEGQOeY"

{
    "success": true,
    "accessToken": "Bearer eyJhbGciOiJIUzI1NiIsInR5cCI6IkpXVCJ9.eyJpZCI6IjY4OTVjNDNmOWVkMjgwMDAxYjY3M2FjZSIsImlhdCI6MTc1NDY0NTU2OCwiZXhwIjoxNzU0NjQ2NzY4fQ.ZHXiSxIMQOUNOKLIKgV8rxVvDgmERlhov3J0gtkW-vc",
    "refreshToken": "3a4ecb3ef3a957e7c6bb10da5ae3da8450b13198f10318550007093a23536a9a68787d3dc2223a35",
    "user": {
        "email": "guillermo.schowalter@example.com",
        "name": "francesco.skiles"
    }
}
HTTP/1.1 200 OK
Server: nginx/1.18.0 (Ubuntu)
Date: Fri, 08 Aug 2025 09:32:48 GMT
Content-Type: application/json; charset=utf-8
Content-Length: 387
Connection: keep-alive
X-Powered-By: Express
Access-Control-Allow-Origin: *
ETag: W/"183-Z86DGb3Uat49M5GCSLZrnEGQOeY"

{
    "success": true,
    "accessToken": "Bearer eyJhbGciOiJIUzI1NiIsInR5cCI6IkpXVCJ9.eyJpZCI6IjY4OTVjNDNmOWVkMjgwMDAxYjY3M2FjZSIsImlhdCI6MTc1NDY0NTU2OCwiZXhwIjoxNzU0NjQ2NzY4fQ.ZHXiSxIMQOUNOKLIKgV8rxVvDgmERlhov3J0gtkW-vc",
    "refreshToken": "3a4ecb3ef3a957e7c6bb10da5ae3da8450b13198f10318550007093a23536a9a68787d3dc2223a35",
    "user": {
        "email": "guillermo.schowalter@example.com",
        "name": "francesco.skiles"
    }
}
HTTP/1.1 200 OK
Server: nginx/1.18.0 (Ubuntu)
Date: Fri, 08 Aug 2025 09:32:48 GMT
Content-Type: application/json; charset=utf-8
Content-Length: 387
Connection: keep-alive
X-Powered-By: Express
Access-Control-Allow-Origin: *
ETag: W/"183-Z86DGb3Uat49M5GCSLZrnEGQOeY"

{
    "success": true,
    "accessToken": "Bearer eyJhbGciOiJIUzI1NiIsInR5cCI6IkpXVCJ9.eyJpZCI6IjY4OTVjNDNmOWVkMjgwMDAxYjY3M2FjZSIsImlhdCI6MTc1NDY0NTU2OCwiZXhwIjoxNzU0NjQ2NzY4fQ.ZHXiSxIMQOUNOKLIKgV8rxVvDgmERlhov3J0gtkW-vc",
    "refreshToken": "3a4ecb3ef3a957e7c6bb10da5ae3da8450b13198f10318550007093a23536a9a68787d3dc2223a35",
    "user": {
        "email": "guillermo.schowalter@example.com",
        "name": "francesco.skiles"
    }
}
HTTP/1.1 200 OK
Server: nginx/1.18.0 (Ubuntu)
Date: Fri, 08 Aug 2025 09:32:48 GMT
Content-Type: application/json; charset=utf-8
Content-Length: 387
Connection: keep-alive
X-Powered-By: Express
Access-Control-Allow-Origin: *
ETag: W/"183-Z86DGb3Uat49M5GCSLZrnEGQOeY"

{
    "success": true,
    "accessToken": "Bearer eyJhbGciOiJIUzI1NiIsInR5cCI6IkpXVCJ9.eyJpZCI6IjY4OTVjNDNmOWVkMjgwMDAxYjY3M2FjZSIsImlhdCI6MTc1NDY0NTU2OCwiZXhwIjoxNzU0NjQ2NzY4fQ.ZHXiSxIMQOUNOKLIKgV8rxVvDgmERlhov3J0gtkW-vc",
    "refreshToken": "3a4ecb3ef3a957e7c6bb10da5ae3da8450b13198f10318550007093a23536a9a68787d3dc2223a35",
    "user": {
        "email": "guillermo.schowalter@example.com",
        "name": "francesco.skiles"
    }
}
HTTP/1.1 200 OK
Server: nginx/1.18.0 (Ubuntu)
Date: Fri, 08 Aug 2025 09:32:48 GMT
Content-Type: application/json; charset=utf-8
Content-Length: 387
Connection: keep-alive
X-Powered-By: Express
Access-Control-Allow-Origin: *
ETag: W/"183-Z86DGb3Uat49M5GCSLZrnEGQOeY"

{
    "success": true,
    "accessToken": "Bearer eyJhbGciOiJIUzI1NiIsInR5cCI6IkpXVCJ9.eyJpZCI6IjY4OTVjNDNmOWVkMjgwMDAxYjY3M2FjZSIsImlhdCI6MTc1NDY0NTU2OCwiZXhwIjoxNzU0NjQ2NzY4fQ.ZHXiSxIMQOUNOKLIKgV8rxVvDgmERlhov3J0gtkW-vc",
    "refreshToken": "3a4ecb3ef3a957e7c6bb10da5ae3da8450b13198f10318550007093a23536a9a68787d3dc2223a35",
    "user": {
        "email": "guillermo.schowalter@example.com",
        "name": "francesco.skiles"
    }
}
HTTP/1.1 200 OK
Server: nginx/1.18.0 (Ubuntu)
Date: Fri, 08 Aug 2025 09:32:48 GMT
Content-Type: application/json; charset=utf-8
Content-Length: 387
Connection: keep-alive
X-Powered-By: Express
Access-Control-Allow-Origin: *
ETag: W/"183-Z86DGb3Uat49M5GCSLZrnEGQOeY"

{
    "success": true,
    "accessToken": "Bearer eyJhbGciOiJIUzI1NiIsInR5cCI6IkpXVCJ9.eyJpZCI6IjY4OTVjNDNmOWVkMjgwMDAxYjY3M2FjZSIsImlhdCI6MTc1NDY0NTU2OCwiZXhwIjoxNzU0NjQ2NzY4fQ.ZHXiSxIMQOUNOKLIKgV8rxVvDgmERlhov3J0gtkW-vc",
    "refreshToken": "3a4ecb3ef3a957e7c6bb10da5ae3da8450b13198f10318550007093a23536a9a68787d3dc2223a35",
    "user": {
        "email": "guillermo.schowalter@example.com",
        "name": "francesco.skiles"
    }
}
HTTP/1.1 200 OK
Server: nginx/1.18.0 (Ubuntu)
Date: Fri, 08 Aug 2025 09:32:48 GMT
Content-Type: application/json; charset=utf-8
Content-Length: 387
Connection: keep-alive
X-Powered-By: Express
Access-Control-Allow-Origin: *
ETag: W/"183-Z86DGb3Uat49M5GCSLZrnEGQOeY"

{
    "success": true,
    "accessToken": "Bearer eyJhbGciOiJIUzI1NiIsInR5cCI6IkpXVCJ9.eyJpZCI6IjY4OTVjNDNmOWVkMjgwMDAxYjY3M2FjZSIsImlhdCI6MTc1NDY0NTU2OCwiZXhwIjoxNzU0NjQ2NzY4fQ.ZHXiSxIMQOUNOKLIKgV8rxVvDgmERlhov3J0gtkW-vc",
    "refreshToken": "3a4ecb3ef3a957e7c6bb10da5ae3da8450b13198f10318550007093a23536a9a68787d3dc2223a35",
    "user": {
        "email": "guillermo.schowalter@example.com",
        "name": "francesco.skiles"
    }
}
HTTP/1.1 200 OK
Server: nginx/1.18.0 (Ubuntu)
Date: Fri, 08 Aug 2025 09:32:48 GMT
Content-Type: application/json; charset=utf-8
Content-Length: 387
Connection: keep-alive
X-Powered-By: Express
Access-Control-Allow-Origin: *
ETag: W/"183-Z86DGb3Uat49M5GCSLZrnEGQOeY"

{
    "success": true,
    "accessToken": "Bearer eyJhbGciOiJIUzI1NiIsInR5cCI6IkpXVCJ9.eyJpZCI6IjY4OTVjNDNmOWVkMjgwMDAxYjY3M2FjZSIsImlhdCI6MTc1NDY0NTU2OCwiZXhwIjoxNzU0NjQ2NzY4fQ.ZHXiSxIMQOUNOKLIKgV8rxVvDgmERlhov3J0gtkW-vc",
    "refreshToken": "3a4ecb3ef3a957e7c6bb10da5ae3da8450b13198f10318550007093a23536a9a68787d3dc2223a35",
    "user": {
        "email": "guillermo.schowalter@example.com",
        "name": "francesco.skiles"
    }
}
HTTP/1.1 200 OK
Server: nginx/1.18.0 (Ubuntu)
Date: Fri, 08 Aug 2025 09:32:48 GMT
Content-Type: application/json; charset=utf-8
Content-Length: 387
Connection: keep-alive
X-Powered-By: Express
Access-Control-Allow-Origin: *
ETag: W/"183-Z86DGb3Uat49M5GCSLZrnEGQOeY"

{
    "success": true,
    "accessToken": "Bearer eyJhbGciOiJIUzI1NiIsInR5cCI6IkpXVCJ9.eyJpZCI6IjY4OTVjNDNmOWVkMjgwMDAxYjY3M2FjZSIsImlhdCI6MTc1NDY0NTU2OCwiZXhwIjoxNzU0NjQ2NzY4fQ.ZHXiSxIMQOUNOKLIKgV8rxVvDgmERlhov3J0gtkW-vc",
    "refreshToken": "3a4ecb3ef3a957e7c6bb10da5ae3da8450b13198f10318550007093a23536a9a68787d3dc2223a35",
    "user": {
        "email": "guillermo.schowalter@example.com",
        "name": "francesco.skiles"
    }
}
Request method:	DELETE
Request URI:	https://stellarburgers.nomoreparties.site/api/auth/user
Proxy:			<none>
Request params:	<none>
Query params:	<none>
Form params:	<none>
Path params:	<none>
Headers:		Authorization=Bearer eyJhbGciOiJIUzI1NiIsInR5cCI6IkpXVCJ9.eyJpZCI6IjY4OTVjNDNmOWVkMjgwMDAxYjY3M2FjZSIsImlhdCI6MTc1NDY0NTU2OCwiZXhwIjoxNzU0NjQ2NzY4fQ.ZHXiSxIMQOUNOKLIKgV8rxVvDgmERlhov3J0gtkW-vc
				Accept=*/*
				Content-Type=application/json
Cookies:		<none>
Multiparts:		<none>
Body:			<none>
Request method:	DELETE
Request URI:	https://stellarburgers.nomoreparties.site/api/auth/user
Proxy:			<none>
Request params:	<none>
Query params:	<none>
Form params:	<none>
Path params:	<none>
Headers:		Authorization=Bearer eyJhbGciOiJIUzI1NiIsInR5cCI6IkpXVCJ9.eyJpZCI6IjY4OTVjNDNmOWVkMjgwMDAxYjY3M2FjZSIsImlhdCI6MTc1NDY0NTU2OCwiZXhwIjoxNzU0NjQ2NzY4fQ.ZHXiSxIMQOUNOKLIKgV8rxVvDgmERlhov3J0gtkW-vc
				Accept=*/*
				Content-Type=application/json
Cookies:		<none>
Multiparts:		<none>
Body:			<none>
Request method:	DELETE
Request URI:	https://stellarburgers.nomoreparties.site/api/auth/user
Proxy:			<none>
Request params:	<none>
Query params:	<none>
Form params:	<none>
Path params:	<none>
Headers:		Authorization=Bearer eyJhbGciOiJIUzI1NiIsInR5cCI6IkpXVCJ9.eyJpZCI6IjY4OTVjNDNmOWVkMjgwMDAxYjY3M2FjZSIsImlhdCI6MTc1NDY0NTU2OCwiZXhwIjoxNzU0NjQ2NzY4fQ.ZHXiSxIMQOUNOKLIKgV8rxVvDgmERlhov3J0gtkW-vc
				Accept=*/*
				Content-Type=application/json
Cookies:		<none>
Multiparts:		<none>
Body:			<none>
Request method:	DELETE
Request URI:	https://stellarburgers.nomoreparties.site/api/auth/user
Proxy:			<none>
Request params:	<none>
Query params:	<none>
Form params:	<none>
Path params:	<none>
Headers:		Authorization=Bearer eyJhbGciOiJIUzI1NiIsInR5cCI6IkpXVCJ9.eyJpZCI6IjY4OTVjNDNmOWVkMjgwMDAxYjY3M2FjZSIsImlhdCI6MTc1NDY0NTU2OCwiZXhwIjoxNzU0NjQ2NzY4fQ.ZHXiSxIMQOUNOKLIKgV8rxVvDgmERlhov3J0gtkW-vc
				Accept=*/*
				Content-Type=application/json
Cookies:		<none>
Multiparts:		<none>
Body:			<none>
Request method:	DELETE
Request URI:	https://stellarburgers.nomoreparties.site/api/auth/user
Proxy:			<none>
Request params:	<none>
Query params:	<none>
Form params:	<none>
Path params:	<none>
Headers:		Authorization=Bearer eyJhbGciOiJIUzI1NiIsInR5cCI6IkpXVCJ9.eyJpZCI6IjY4OTVjNDNmOWVkMjgwMDAxYjY3M2FjZSIsImlhdCI6MTc1NDY0NTU2OCwiZXhwIjoxNzU0NjQ2NzY4fQ.ZHXiSxIMQOUNOKLIKgV8rxVvDgmERlhov3J0gtkW-vc
				Accept=*/*
				Content-Type=application/json
Cookies:		<none>
Multiparts:		<none>
Body:			<none>
Request method:	DELETE
Request URI:	https://stellarburgers.nomoreparties.site/api/auth/user
Proxy:			<none>
Request params:	<none>
Query params:	<none>
Form params:	<none>
Path params:	<none>
Headers:		Authorization=Bearer eyJhbGciOiJIUzI1NiIsInR5cCI6IkpXVCJ9.eyJpZCI6IjY4OTVjNDNmOWVkMjgwMDAxYjY3M2FjZSIsImlhdCI6MTc1NDY0NTU2OCwiZXhwIjoxNzU0NjQ2NzY4fQ.ZHXiSxIMQOUNOKLIKgV8rxVvDgmERlhov3J0gtkW-vc
				Accept=*/*
				Content-Type=application/json
Cookies:		<none>
Multiparts:		<none>
Body:			<none>
Request method:	DELETE
Request URI:	https://stellarburgers.nomoreparties.site/api/auth/user
Proxy:			<none>
Request params:	<none>
Query params:	<none>
Form params:	<none>
Path params:	<none>
Headers:		Authorization=Bearer eyJhbGciOiJIUzI1NiIsInR5cCI6IkpXVCJ9.eyJpZCI6IjY4OTVjNDNmOWVkMjgwMDAxYjY3M2FjZSIsImlhdCI6MTc1NDY0NTU2OCwiZXhwIjoxNzU0NjQ2NzY4fQ.ZHXiSxIMQOUNOKLIKgV8rxVvDgmERlhov3J0gtkW-vc
				Accept=*/*
				Content-Type=application/json
Cookies:		<none>
Multiparts:		<none>
Body:			<none>
Request method:	DELETE
Request URI:	https://stellarburgers.nomoreparties.site/api/auth/user
Proxy:			<none>
Request params:	<none>
Query params:	<none>
Form params:	<none>
Path params:	<none>
Headers:		Authorization=Bearer eyJhbGciOiJIUzI1NiIsInR5cCI6IkpXVCJ9.eyJpZCI6IjY4OTVjNDNmOWVkMjgwMDAxYjY3M2FjZSIsImlhdCI6MTc1NDY0NTU2OCwiZXhwIjoxNzU0NjQ2NzY4fQ.ZHXiSxIMQOUNOKLIKgV8rxVvDgmERlhov3J0gtkW-vc
				Accept=*/*
				Content-Type=application/json
Cookies:		<none>
Multiparts:		<none>
Body:			<none>
Request method:	DELETE
Request URI:	https://stellarburgers.nomoreparties.site/api/auth/user
Proxy:			<none>
Request params:	<none>
Query params:	<none>
Form params:	<none>
Path params:	<none>
Headers:		Authorization=Bearer eyJhbGciOiJIUzI1NiIsInR5cCI6IkpXVCJ9.eyJpZCI6IjY4OTVjNDNmOWVkMjgwMDAxYjY3M2FjZSIsImlhdCI6MTc1NDY0NTU2OCwiZXhwIjoxNzU0NjQ2NzY4fQ.ZHXiSxIMQOUNOKLIKgV8rxVvDgmERlhov3J0gtkW-vc
				Accept=*/*
				Content-Type=application/json
Cookies:		<none>
Multiparts:		<none>
Body:			<none>
Request method:	DELETE
Request URI:	https://stellarburgers.nomoreparties.site/api/auth/user
Proxy:			<none>
Request params:	<none>
Query params:	<none>
Form params:	<none>
Path params:	<none>
Headers:		Authorization=Bearer eyJhbGciOiJIUzI1NiIsInR5cCI6IkpXVCJ9.eyJpZCI6IjY4OTVjNDNmOWVkMjgwMDAxYjY3M2FjZSIsImlhdCI6MTc1NDY0NTU2OCwiZXhwIjoxNzU0NjQ2NzY4fQ.ZHXiSxIMQOUNOKLIKgV8rxVvDgmERlhov3J0gtkW-vc
				Accept=*/*
				Content-Type=application/json
Cookies:		<none>
Multiparts:		<none>
Body:			<none>
Request method:	DELETE
Request URI:	https://stellarburgers.nomoreparties.site/api/auth/user
Proxy:			<none>
Request params:	<none>
Query params:	<none>
Form params:	<none>
Path params:	<none>
Headers:		Authorization=Bearer eyJhbGciOiJIUzI1NiIsInR5cCI6IkpXVCJ9.eyJpZCI6IjY4OTVjNDNmOWVkMjgwMDAxYjY3M2FjZSIsImlhdCI6MTc1NDY0NTU2OCwiZXhwIjoxNzU0NjQ2NzY4fQ.ZHXiSxIMQOUNOKLIKgV8rxVvDgmERlhov3J0gtkW-vc
				Accept=*/*
				Content-Type=application/json
Cookies:		<none>
Multiparts:		<none>
Body:			<none>
HTTP/1.1 202 Accepted
Server: nginx/1.18.0 (Ubuntu)
Date: Fri, 08 Aug 2025 09:32:49 GMT
Content-Type: application/json; charset=utf-8
Content-Length: 54
Connection: keep-alive
X-Powered-By: Express
Access-Control-Allow-Origin: *
ETag: W/"36-hDmZnQ3Ou/ynnqAeC6TYmyseuzY"

{
    "success": true,
    "message": "User successfully removed"
}
HTTP/1.1 202 Accepted
Server: nginx/1.18.0 (Ubuntu)
Date: Fri, 08 Aug 2025 09:32:49 GMT
Content-Type: application/json; charset=utf-8
Content-Length: 54
Connection: keep-alive
X-Powered-By: Express
Access-Control-Allow-Origin: *
ETag: W/"36-hDmZnQ3Ou/ynnqAeC6TYmyseuzY"

{
    "success": true,
    "message": "User successfully removed"
}
HTTP/1.1 202 Accepted
Server: nginx/1.18.0 (Ubuntu)
Date: Fri, 08 Aug 2025 09:32:49 GMT
Content-Type: application/json; charset=utf-8
Content-Length: 54
Connection: keep-alive
X-Powered-By: Express
Access-Control-Allow-Origin: *
ETag: W/"36-hDmZnQ3Ou/ynnqAeC6TYmyseuzY"

{
    "success": true,
    "message": "User successfully removed"
}
HTTP/1.1 202 Accepted
Server: nginx/1.18.0 (Ubuntu)
Date: Fri, 08 Aug 2025 09:32:49 GMT
Content-Type: application/json; charset=utf-8
Content-Length: 54
Connection: keep-alive
X-Powered-By: Express
Access-Control-Allow-Origin: *
ETag: W/"36-hDmZnQ3Ou/ynnqAeC6TYmyseuzY"

{
    "success": true,
    "message": "User successfully removed"
}
HTTP/1.1 202 Accepted
Server: nginx/1.18.0 (Ubuntu)
Date: Fri, 08 Aug 2025 09:32:49 GMT
Content-Type: application/json; charset=utf-8
Content-Length: 54
Connection: keep-alive
X-Powered-By: Express
Access-Control-Allow-Origin: *
ETag: W/"36-hDmZnQ3Ou/ynnqAeC6TYmyseuzY"

{
    "success": true,
    "message": "User successfully removed"
}
HTTP/1.1 202 Accepted
Server: nginx/1.18.0 (Ubuntu)
Date: Fri, 08 Aug 2025 09:32:49 GMT
Content-Type: application/json; charset=utf-8
Content-Length: 54
Connection: keep-alive
X-Powered-By: Express
Access-Control-Allow-Origin: *
ETag: W/"36-hDmZnQ3Ou/ynnqAeC6TYmyseuzY"

{
    "success": true,
    "message": "User successfully removed"
}
HTTP/1.1 202 Accepted
Server: nginx/1.18.0 (Ubuntu)
Date: Fri, 08 Aug 2025 09:32:49 GMT
Content-Type: application/json; charset=utf-8
Content-Length: 54
Connection: keep-alive
X-Powered-By: Express
Access-Control-Allow-Origin: *
ETag: W/"36-hDmZnQ3Ou/ynnqAeC6TYmyseuzY"

{
    "success": true,
    "message": "User successfully removed"
}
HTTP/1.1 202 Accepted
Server: nginx/1.18.0 (Ubuntu)
Date: Fri, 08 Aug 2025 09:32:49 GMT
Content-Type: application/json; charset=utf-8
Content-Length: 54
Connection: keep-alive
X-Powered-By: Express
Access-Control-Allow-Origin: *
ETag: W/"36-hDmZnQ3Ou/ynnqAeC6TYmyseuzY"

{
    "success": true,
    "message": "User successfully removed"
}
HTTP/1.1 202 Accepted
Server: nginx/1.18.0 (Ubuntu)
Date: Fri, 08 Aug 2025 09:32:49 GMT
Content-Type: application/json; charset=utf-8
Content-Length: 54
Connection: keep-alive
X-Powered-By: Express
Access-Control-Allow-Origin: *
ETag: W/"36-hDmZnQ3Ou/ynnqAeC6TYmyseuzY"

{
    "success": true,
    "message": "User successfully removed"
}
HTTP/1.1 202 Accepted
Server: nginx/1.18.0 (Ubuntu)
Date: Fri, 08 Aug 2025 09:32:49 GMT
Content-Type: application/json; charset=utf-8
Content-Length: 54
Connection: keep-alive
X-Powered-By: Express
Access-Control-Allow-Origin: *
ETag: W/"36-hDmZnQ3Ou/ynnqAeC6TYmyseuzY"

{
    "success": true,
    "message": "User successfully removed"
}
HTTP/1.1 202 Accepted
Server: nginx/1.18.0 (Ubuntu)
Date: Fri, 08 Aug 2025 09:32:49 GMT
Content-Type: application/json; charset=utf-8
Content-Length: 54
Connection: keep-alive
X-Powered-By: Express
Access-Control-Allow-Origin: *
ETag: W/"36-hDmZnQ3Ou/ynnqAeC6TYmyseuzY"

{
    "success": true,
    "message": "User successfully removed"
}
]]></system-out>
  </testcase>
</testsuite>