<?xml version="1.0" encoding="UTF-8"?>
<testsuite xmlns:xsi="http://www.w3.org/2001/XMLSchema-instance" xsi:noNamespaceSchemaLocation="https://maven.apache.org/surefire/maven-surefire-plugin/xsd/surefire-test-report-3.0.xsd" version="3.0" name="praktikum.LoginUserTests" time="5.736" tests="3" errors="0" skipped="0" failures="0">
  <properties>
[...]
</properties>
  <testcase name="shouldNotLoginUserWithWrongEmailTest" classname="praktikum.LoginUserTests" time="1.874">
    <system-out><![CDATA[Request method:	POST
Request URI:	https://stellarburgers.nomoreparties.site/api/auth/register
Proxy:			<none>
Request params:	<none>
Query params:	<none>
Form params:	<none>
Path params:	<none>
Headers:		Accept=*/*
				Content-Type=application/json
Cookies:		<none>
Multiparts:		<none>
Body:
{
    "email": "donovan.beatty@example.com",
    "password": "j0cv8q78",
    "name": "philip.stroman"
}
Request method:	POST
Request URI:	https://stellarburgers.nomoreparties.site/api/auth/register
Proxy:			<none>
Request params:	<none>
Query params:	<none>
Form params:	<none>
Path params:	<none>
Headers:		Accept=*/*
				Content-Type=application/json
Cookies:		<none>
Multiparts:		<none>
Body:
{
    "email": "donovan.beatty@example.com",
    "password": "j0cv8q78",
    "name": "philip.stroman"
}
Request method:	POST
Request URI:	https://stellarburgers.nomoreparties.site/api/auth/register
Proxy:			<none>
Request params:	<none>
Query params:	<none>
Form params:	<none>
Path params:	<none>
Headers:		Accept=*/*
				Content-Type=application/json
Cookies:		<none>
Multiparts:		<none>
Body:
{
    "email": "donovan.beatty@example.com",
    "password": "j0cv8q78",
    "name": "philip.stroman"
}
Request method:	POST
Request URI:	https://stellarburgers.nomoreparties.site/api/auth/register
Proxy:			<none>
Request params:	<none>
Query params:	<none>
Form params:	<none>
Path params:	<none>
Headers:		Accept=*/*
				Content-Type=application/json
Cookies:		<none>
Multiparts:		<none>
Body:
{
    "email": "donovan.beatty@example.com",
    "password": "j0cv8q78",
    "name": "philip.stroman"
}
Request method:	POST
Request URI:	https://stellarburgers.nomoreparties.site/api/auth/register
Proxy:			<none>
Request params:	<none>
Query params:	<none>
Form params:	<none>
Path params:	<none>
Headers:		Accept=*/*
				Content-Type=application/json
Cookies:		<none>
Multiparts:		<none>
Body:
{
    "email": "donovan.beatty@example.com",
    "password": "j0cv8q78",
    "name": "philip.stroman"
}
Request method:	POST
Request URI:	https://stellarburgers.nomoreparties.site/api/auth/register
Proxy:			<none>
Request params:	<none>
Query params:	<none>
Form params:	<none>
Path params:	<none>
Headers:		Accept=*/*
				Content-Type=application/json
Cookies:		<none>
Multiparts:		<none>
Body:
{
    "email": "donovan.beatty@example.com",
    "password": "j0cv8q78",
    "name": "philip.stroman"
}
Request method:	POST
Request URI:	https://stellarburgers.nomoreparties.site/api/auth/register
Proxy:			<none>
Request params:	<none>
Query params:	<none>
Form params:	<none>
Path params:	<none>
Headers:		Accept=*/*
				Content-Type=application/json
Cookies:		<none>
Multiparts:		<none>
Body:
{
    "email": "donovan.beatty@example.com",
    "password": "j0cv8q78",
    "name": "philip.stroman"
}
Request method:	POST
Request URI:	https://stellarburgers.nomoreparties.site/api/auth/register
Proxy:			<none>
Request params:	<none>
Query params:	<none>
Form params:	<none>
Path params:	<none>
Headers:		Accept=*/*
				Content-Type=application/json
Cookies:		<none>
Multiparts:		<none>
Body:
{
    "email": "donovan.beatty@example.com",
    "password": "j0cv8q78",
    "name": "philip.stroman"
}
Request method:	POST
Request URI:	https://stellarburgers.nomoreparties.site/api/auth/register
Proxy:			<none>
Request params:	<none>
Query params:	<none>
Form params:	<none>
Path params:	<none>
Headers:		Accept=*/*
				Content-Type=application/json
Cookies:		<none>
Multiparts:		<none>
Body:
{
    "email": "donovan.beatty@example.com",
    "password": "j0cv8q78",
    "name": "philip.stroman"
}
Request method:	POST
Request URI:	https://stellarburgers.nomoreparties.site/api/auth/register
Proxy:			<none>
Request params:	<none>
Query params:	<none>
Form params:	<none>
Path params:	<none>
Headers:		Accept=*/*
				Content-Type=application/json
Cookies:		<none>
Multiparts:		<none>
Body:
{
    "email": "donovan.beatty@example.com",
    "password": "j0cv8q78",
    "name": "philip.stroman"
}
HTTP/1.1 200 OK
Server: nginx/1.18.0 (Ubuntu)
Date: Mon, 18 Aug 2025 14:02:21 GMT
Content-Type: application/json; charset=utf-8
Content-Length: 379
Connection: keep-alive
X-Powered-By: Express
Access-Control-Allow-Origin: *
authorization: Bearer eyJhbGciOiJIUzI1NiIsInR5cCI6IkpXVCJ9.eyJpZCI6IjY4YTMzMjZkOWVkMjgwMDAxYjY4MDhkYyIsImlhdCI6MTc1NTUyNTc0MSwiZXhwIjoxNzU1NTI2OTQxfQ.r_tWCJuo9Q1kQanO1PaDtMi6gC90-4v4C63TTSjgxdg
ETag: W/"17b-HEmS6VKLM4G6l3Us9pT350Pv6CU"

{
    "success": true,
    "user": {
        "email": "donovan.beatty@example.com",
        "name": "philip.stroman"
    },
    "accessToken": "Bearer eyJhbGciOiJIUzI1NiIsInR5cCI6IkpXVCJ9.eyJpZCI6IjY4YTMzMjZkOWVkMjgwMDAxYjY4MDhkYyIsImlhdCI6MTc1NTUyNTc0MSwiZXhwIjoxNzU1NTI2OTQxfQ.r_tWCJuo9Q1kQanO1PaDtMi6gC90-4v4C63TTSjgxdg",
    "refreshToken": "376458d4e3680892e9a3586e2cda71f78f961c0b722b82ea08a8eaef681c5afc6cc9e1909c8ae2cd"
}
HTTP/1.1 200 OK
Server: nginx/1.18.0 (Ubuntu)
Date: Mon, 18 Aug 2025 14:02:21 GMT
Content-Type: application/json; charset=utf-8
Content-Length: 379
Connection: keep-alive
X-Powered-By: Express
Access-Control-Allow-Origin: *
authorization: Bearer eyJhbGciOiJIUzI1NiIsInR5cCI6IkpXVCJ9.eyJpZCI6IjY4YTMzMjZkOWVkMjgwMDAxYjY4MDhkYyIsImlhdCI6MTc1NTUyNTc0MSwiZXhwIjoxNzU1NTI2OTQxfQ.r_tWCJuo9Q1kQanO1PaDtMi6gC90-4v4C63TTSjgxdg
ETag: W/"17b-HEmS6VKLM4G6l3Us9pT350Pv6CU"

{
    "success": true,
    "user": {
        "email": "donovan.beatty@example.com",
        "name": "philip.stroman"
    },
    "accessToken": "Bearer eyJhbGciOiJIUzI1NiIsInR5cCI6IkpXVCJ9.eyJpZCI6IjY4YTMzMjZkOWVkMjgwMDAxYjY4MDhkYyIsImlhdCI6MTc1NTUyNTc0MSwiZXhwIjoxNzU1NTI2OTQxfQ.r_tWCJuo9Q1kQanO1PaDtMi6gC90-4v4C63TTSjgxdg",
    "refreshToken": "376458d4e3680892e9a3586e2cda71f78f961c0b722b82ea08a8eaef681c5afc6cc9e1909c8ae2cd"
}
HTTP/1.1 200 OK
Server: nginx/1.18.0 (Ubuntu)
Date: Mon, 18 Aug 2025 14:02:21 GMT
Content-Type: application/json; charset=utf-8
Content-Length: 379
Connection: keep-alive
X-Powered-By: Express
Access-Control-Allow-Origin: *
authorization: Bearer eyJhbGciOiJIUzI1NiIsInR5cCI6IkpXVCJ9.eyJpZCI6IjY4YTMzMjZkOWVkMjgwMDAxYjY4MDhkYyIsImlhdCI6MTc1NTUyNTc0MSwiZXhwIjoxNzU1NTI2OTQxfQ.r_tWCJuo9Q1kQanO1PaDtMi6gC90-4v4C63TTSjgxdg
ETag: W/"17b-HEmS6VKLM4G6l3Us9pT350Pv6CU"

{
    "success": true,
    "user": {
        "email": "donovan.beatty@example.com",
        "name": "philip.stroman"
    },
    "accessToken": "Bearer eyJhbGciOiJIUzI1NiIsInR5cCI6IkpXVCJ9.eyJpZCI6IjY4YTMzMjZkOWVkMjgwMDAxYjY4MDhkYyIsImlhdCI6MTc1NTUyNTc0MSwiZXhwIjoxNzU1NTI2OTQxfQ.r_tWCJuo9Q1kQanO1PaDtMi6gC90-4v4C63TTSjgxdg",
    "refreshToken": "376458d4e3680892e9a3586e2cda71f78f961c0b722b82ea08a8eaef681c5afc6cc9e1909c8ae2cd"
}
HTTP/1.1 200 OK
Server: nginx/1.18.0 (Ubuntu)
Date: Mon, 18 Aug 2025 14:02:21 GMT
Content-Type: application/json; charset=utf-8
Content-Length: 379
Connection: keep-alive
X-Powered-By: Express
Access-Control-Allow-Origin: *
authorization: Bearer eyJhbGciOiJIUzI1NiIsInR5cCI6IkpXVCJ9.eyJpZCI6IjY4YTMzMjZkOWVkMjgwMDAxYjY4MDhkYyIsImlhdCI6MTc1NTUyNTc0MSwiZXhwIjoxNzU1NTI2OTQxfQ.r_tWCJuo9Q1kQanO1PaDtMi6gC90-4v4C63TTSjgxdg
ETag: W/"17b-HEmS6VKLM4G6l3Us9pT350Pv6CU"

{
    "success": true,
    "user": {
        "email": "donovan.beatty@example.com",
        "name": "philip.stroman"
    },
    "accessToken": "Bearer eyJhbGciOiJIUzI1NiIsInR5cCI6IkpXVCJ9.eyJpZCI6IjY4YTMzMjZkOWVkMjgwMDAxYjY4MDhkYyIsImlhdCI6MTc1NTUyNTc0MSwiZXhwIjoxNzU1NTI2OTQxfQ.r_tWCJuo9Q1kQanO1PaDtMi6gC90-4v4C63TTSjgxdg",
    "refreshToken": "376458d4e3680892e9a3586e2cda71f78f961c0b722b82ea08a8eaef681c5afc6cc9e1909c8ae2cd"
}
HTTP/1.1 200 OK
Server: nginx/1.18.0 (Ubuntu)
Date: Mon, 18 Aug 2025 14:02:21 GMT
Content-Type: application/json; charset=utf-8
Content-Length: 379
Connection: keep-alive
X-Powered-By: Express
Access-Control-Allow-Origin: *
authorization: Bearer eyJhbGciOiJIUzI1NiIsInR5cCI6IkpXVCJ9.eyJpZCI6IjY4YTMzMjZkOWVkMjgwMDAxYjY4MDhkYyIsImlhdCI6MTc1NTUyNTc0MSwiZXhwIjoxNzU1NTI2OTQxfQ.r_tWCJuo9Q1kQanO1PaDtMi6gC90-4v4C63TTSjgxdg
ETag: W/"17b-HEmS6VKLM4G6l3Us9pT350Pv6CU"

{
    "success": true,
    "user": {
        "email": "donovan.beatty@example.com",
        "name": "philip.stroman"
    },
    "accessToken": "Bearer eyJhbGciOiJIUzI1NiIsInR5cCI6IkpXVCJ9.eyJpZCI6IjY4YTMzMjZkOWVkMjgwMDAxYjY4MDhkYyIsImlhdCI6MTc1NTUyNTc0MSwiZXhwIjoxNzU1NTI2OTQxfQ.r_tWCJuo9Q1kQanO1PaDtMi6gC90-4v4C63TTSjgxdg",
    "refreshToken": "376458d4e3680892e9a3586e2cda71f78f961c0b722b82ea08a8eaef681c5afc6cc9e1909c8ae2cd"
}
HTTP/1.1 200 OK
Server: nginx/1.18.0 (Ubuntu)
Date: Mon, 18 Aug 2025 14:02:21 GMT
Content-Type: application/json; charset=utf-8
Content-Length: 379
Connection: keep-alive
X-Powered-By: Express
Access-Control-Allow-Origin: *
authorization: Bearer eyJhbGciOiJIUzI1NiIsInR5cCI6IkpXVCJ9.eyJpZCI6IjY4YTMzMjZkOWVkMjgwMDAxYjY4MDhkYyIsImlhdCI6MTc1NTUyNTc0MSwiZXhwIjoxNzU1NTI2OTQxfQ.r_tWCJuo9Q1kQanO1PaDtMi6gC90-4v4C63TTSjgxdg
ETag: W/"17b-HEmS6VKLM4G6l3Us9pT350Pv6CU"

{
    "success": true,
    "user": {
        "email": "donovan.beatty@example.com",
        "name": "philip.stroman"
    },
    "accessToken": "Bearer eyJhbGciOiJIUzI1NiIsInR5cCI6IkpXVCJ9.eyJpZCI6IjY4YTMzMjZkOWVkMjgwMDAxYjY4MDhkYyIsImlhdCI6MTc1NTUyNTc0MSwiZXhwIjoxNzU1NTI2OTQxfQ.r_tWCJuo9Q1kQanO1PaDtMi6gC90-4v4C63TTSjgxdg",
    "refreshToken": "376458d4e3680892e9a3586e2cda71f78f961c0b722b82ea08a8eaef681c5afc6cc9e1909c8ae2cd"
}
HTTP/1.1 200 OK
Server: nginx/1.18.0 (Ubuntu)
Date: Mon, 18 Aug 2025 14:02:21 GMT
Content-Type: application/json; charset=utf-8
Content-Length: 379
Connection: keep-alive
X-Powered-By: Express
Access-Control-Allow-Origin: *
authorization: Bearer eyJhbGciOiJIUzI1NiIsInR5cCI6IkpXVCJ9.eyJpZCI6IjY4YTMzMjZkOWVkMjgwMDAxYjY4MDhkYyIsImlhdCI6MTc1NTUyNTc0MSwiZXhwIjoxNzU1NTI2OTQxfQ.r_tWCJuo9Q1kQanO1PaDtMi6gC90-4v4C63TTSjgxdg
ETag: W/"17b-HEmS6VKLM4G6l3Us9pT350Pv6CU"

{
    "success": true,
    "user": {
        "email": "donovan.beatty@example.com",
        "name": "philip.stroman"
    },
    "accessToken": "Bearer eyJhbGciOiJIUzI1NiIsInR5cCI6IkpXVCJ9.eyJpZCI6IjY4YTMzMjZkOWVkMjgwMDAxYjY4MDhkYyIsImlhdCI6MTc1NTUyNTc0MSwiZXhwIjoxNzU1NTI2OTQxfQ.r_tWCJuo9Q1kQanO1PaDtMi6gC90-4v4C63TTSjgxdg",
    "refreshToken": "376458d4e3680892e9a3586e2cda71f78f961c0b722b82ea08a8eaef681c5afc6cc9e1909c8ae2cd"
}
HTTP/1.1 200 OK
Server: nginx/1.18.0 (Ubuntu)
Date: Mon, 18 Aug 2025 14:02:21 GMT
Content-Type: application/json; charset=utf-8
Content-Length: 379
Connection: keep-alive
X-Powered-By: Express
Access-Control-Allow-Origin: *
authorization: Bearer eyJhbGciOiJIUzI1NiIsInR5cCI6IkpXVCJ9.eyJpZCI6IjY4YTMzMjZkOWVkMjgwMDAxYjY4MDhkYyIsImlhdCI6MTc1NTUyNTc0MSwiZXhwIjoxNzU1NTI2OTQxfQ.r_tWCJuo9Q1kQanO1PaDtMi6gC90-4v4C63TTSjgxdg
ETag: W/"17b-HEmS6VKLM4G6l3Us9pT350Pv6CU"

{
    "success": true,
    "user": {
        "email": "donovan.beatty@example.com",
        "name": "philip.stroman"
    },
    "accessToken": "Bearer eyJhbGciOiJIUzI1NiIsInR5cCI6IkpXVCJ9.eyJpZCI6IjY4YTMzMjZkOWVkMjgwMDAxYjY4MDhkYyIsImlhdCI6MTc1NTUyNTc0MSwiZXhwIjoxNzU1NTI2OTQxfQ.r_tWCJuo9Q1kQanO1PaDtMi6gC90-4v4C63TTSjgxdg",
    "refreshToken": "376458d4e3680892e9a3586e2cda71f78f961c0b722b82ea08a8eaef681c5afc6cc9e1909c8ae2cd"
}
HTTP/1.1 200 OK
Server: nginx/1.18.0 (Ubuntu)
Date: Mon, 18 Aug 2025 14:02:21 GMT
Content-Type: application/json; charset=utf-8
Content-Length: 379
Connection: keep-alive
X-Powered-By: Express
Access-Control-Allow-Origin: *
authorization: Bearer eyJhbGciOiJIUzI1NiIsInR5cCI6IkpXVCJ9.eyJpZCI6IjY4YTMzMjZkOWVkMjgwMDAxYjY4MDhkYyIsImlhdCI6MTc1NTUyNTc0MSwiZXhwIjoxNzU1NTI2OTQxfQ.r_tWCJuo9Q1kQanO1PaDtMi6gC90-4v4C63TTSjgxdg
ETag: W/"17b-HEmS6VKLM4G6l3Us9pT350Pv6CU"

{
    "success": true,
    "user": {
        "email": "donovan.beatty@example.com",
        "name": "philip.stroman"
    },
    "accessToken": "Bearer eyJhbGciOiJIUzI1NiIsInR5cCI6IkpXVCJ9.eyJpZCI6IjY4YTMzMjZkOWVkMjgwMDAxYjY4MDhkYyIsImlhdCI6MTc1NTUyNTc0MSwiZXhwIjoxNzU1NTI2OTQxfQ.r_tWCJuo9Q1kQanO1PaDtMi6gC90-4v4C63TTSjgxdg",
    "refreshToken": "376458d4e3680892e9a3586e2cda71f78f961c0b722b82ea08a8eaef681c5afc6cc9e1909c8ae2cd"
}
HTTP/1.1 200 OK
Server: nginx/1.18.0 (Ubuntu)
Date: Mon, 18 Aug 2025 14:02:21 GMT
Content-Type: application/json; charset=utf-8
Content-Length: 379
Connection: keep-alive
X-Powered-By: Express
Access-Control-Allow-Origin: *
authorization: Bearer eyJhbGciOiJIUzI1NiIsInR5cCI6IkpXVCJ9.eyJpZCI6IjY4YTMzMjZkOWVkMjgwMDAxYjY4MDhkYyIsImlhdCI6MTc1NTUyNTc0MSwiZXhwIjoxNzU1NTI2OTQxfQ.r_tWCJuo9Q1kQanO1PaDtMi6gC90-4v4C63TTSjgxdg
ETag: W/"17b-HEmS6VKLM4G6l3Us9pT350Pv6CU"

{
    "success": true,
    "user": {
        "email": "donovan.beatty@example.com",
        "name": "philip.stroman"
    },
    "accessToken": "Bearer eyJhbGciOiJIUzI1NiIsInR5cCI6IkpXVCJ9.eyJpZCI6IjY4YTMzMjZkOWVkMjgwMDAxYjY4MDhkYyIsImlhdCI6MTc1NTUyNTc0MSwiZXhwIjoxNzU1NTI2OTQxfQ.r_tWCJuo9Q1kQanO1PaDtMi6gC90-4v4C63TTSjgxdg",
    "refreshToken": "376458d4e3680892e9a3586e2cda71f78f961c0b722b82ea08a8eaef681c5afc6cc9e1909c8ae2cd"
}
Request method:	POST
Request URI:	https://stellarburgers.nomoreparties.site/api/auth/login
Proxy:			<none>
Request params:	<none>
Query params:	<none>
Form params:	<none>
Path params:	<none>
Headers:		Accept=*/*
				Content-Type=application/json
Cookies:		<none>
Multiparts:		<none>
Body:
{
    "email": "1234",
    "password": "j0cv8q78"
}
Request method:	POST
Request URI:	https://stellarburgers.nomoreparties.site/api/auth/login
Proxy:			<none>
Request params:	<none>
Query params:	<none>
Form params:	<none>
Path params:	<none>
Headers:		Accept=*/*
				Content-Type=application/json
Cookies:		<none>
Multiparts:		<none>
Body:
{
    "email": "1234",
    "password": "j0cv8q78"
}
Request method:	POST
Request URI:	https://stellarburgers.nomoreparties.site/api/auth/login
Proxy:			<none>
Request params:	<none>
Query params:	<none>
Form params:	<none>
Path params:	<none>
Headers:		Accept=*/*
				Content-Type=application/json
Cookies:		<none>
Multiparts:		<none>
Body:
{
    "email": "1234",
    "password": "j0cv8q78"
}
Request method:	POST
Request URI:	https://stellarburgers.nomoreparties.site/api/auth/login
Proxy:			<none>
Request params:	<none>
Query params:	<none>
Form params:	<none>
Path params:	<none>
Headers:		Accept=*/*
				Content-Type=application/json
Cookies:		<none>
Multiparts:		<none>
Body:
{
    "email": "1234",
    "password": "j0cv8q78"
}
Request method:	POST
Request URI:	https://stellarburgers.nomoreparties.site/api/auth/login
Proxy:			<none>
Request params:	<none>
Query params:	<none>
Form params:	<none>
Path params:	<none>
Headers:		Accept=*/*
				Content-Type=application/json
Cookies:		<none>
Multiparts:		<none>
Body:
{
    "email": "1234",
    "password": "j0cv8q78"
}
Request method:	POST
Request URI:	https://stellarburgers.nomoreparties.site/api/auth/login
Proxy:			<none>
Request params:	<none>
Query params:	<none>
Form params:	<none>
Path params:	<none>
Headers:		Accept=*/*
				Content-Type=application/json
Cookies:		<none>
Multiparts:		<none>
Body:
{
    "email": "1234",
    "password": "j0cv8q78"
}
Request method:	POST
Request URI:	https://stellarburgers.nomoreparties.site/api/auth/login
Proxy:			<none>
Request params:	<none>
Query params:	<none>
Form params:	<none>
Path params:	<none>
Headers:		Accept=*/*
				Content-Type=application/json
Cookies:		<none>
Multiparts:		<none>
Body:
{
    "email": "1234",
    "password": "j0cv8q78"
}
Request method:	POST
Request URI:	https://stellarburgers.nomoreparties.site/api/auth/login
Proxy:			<none>
Request params:	<none>
Query params:	<none>
Form params:	<none>
Path params:	<none>
Headers:		Accept=*/*
				Content-Type=application/json
Cookies:		<none>
Multiparts:		<none>
Body:
{
    "email": "1234",
    "password": "j0cv8q78"
}
Request method:	POST
Request URI:	https://stellarburgers.nomoreparties.site/api/auth/login
Proxy:			<none>
Request params:	<none>
Query params:	<none>
Form params:	<none>
Path params:	<none>
Headers:		Accept=*/*
				Content-Type=application/json
Cookies:		<none>
Multiparts:		<none>
Body:
{
    "email": "1234",
    "password": "j0cv8q78"
}
Request method:	POST
Request URI:	https://stellarburgers.nomoreparties.site/api/auth/login
Proxy:			<none>
Request params:	<none>
Query params:	<none>
Form params:	<none>
Path params:	<none>
Headers:		Accept=*/*
				Content-Type=application/json
Cookies:		<none>
Multiparts:		<none>
Body:
{
    "email": "1234",
    "password": "j0cv8q78"
}
HTTP/1.1 401 Unauthorized
Server: nginx/1.18.0 (Ubuntu)
Date: Mon, 18 Aug 2025 14:02:22 GMT
Content-Type: application/json; charset=utf-8
Content-Length: 61
Connection: keep-alive
X-Powered-By: Express
Access-Control-Allow-Origin: *
ETag: W/"3d-ad9nrqlzQBuoZ0AId1U3rIgKU84"

{
    "success": false,
    "message": "email or password are incorrect"
}
HTTP/1.1 401 Unauthorized
Server: nginx/1.18.0 (Ubuntu)
Date: Mon, 18 Aug 2025 14:02:22 GMT
Content-Type: application/json; charset=utf-8
Content-Length: 61
Connection: keep-alive
X-Powered-By: Express
Access-Control-Allow-Origin: *
ETag: W/"3d-ad9nrqlzQBuoZ0AId1U3rIgKU84"

{
    "success": false,
    "message": "email or password are incorrect"
}
HTTP/1.1 401 Unauthorized
Server: nginx/1.18.0 (Ubuntu)
Date: Mon, 18 Aug 2025 14:02:22 GMT
Content-Type: application/json; charset=utf-8
Content-Length: 61
Connection: keep-alive
X-Powered-By: Express
Access-Control-Allow-Origin: *
ETag: W/"3d-ad9nrqlzQBuoZ0AId1U3rIgKU84"

{
    "success": false,
    "message": "email or password are incorrect"
}
HTTP/1.1 401 Unauthorized
Server: nginx/1.18.0 (Ubuntu)
Date: Mon, 18 Aug 2025 14:02:22 GMT
Content-Type: application/json; charset=utf-8
Content-Length: 61
Connection: keep-alive
X-Powered-By: Express
Access-Control-Allow-Origin: *
ETag: W/"3d-ad9nrqlzQBuoZ0AId1U3rIgKU84"

{
    "success": false,
    "message": "email or password are incorrect"
}
HTTP/1.1 401 Unauthorized
Server: nginx/1.18.0 (Ubuntu)
Date: Mon, 18 Aug 2025 14:02:22 GMT
Content-Type: application/json; charset=utf-8
Content-Length: 61
Connection: keep-alive
X-Powered-By: Express
Access-Control-Allow-Origin: *
ETag: W/"3d-ad9nrqlzQBuoZ0AId1U3rIgKU84"

{
    "success": false,
    "message": "email or password are incorrect"
}
HTTP/1.1 401 Unauthorized
Server: nginx/1.18.0 (Ubuntu)
Date: Mon, 18 Aug 2025 14:02:22 GMT
Content-Type: application/json; charset=utf-8
Content-Length: 61
Connection: keep-alive
X-Powered-By: Express
Access-Control-Allow-Origin: *
ETag: W/"3d-ad9nrqlzQBuoZ0AId1U3rIgKU84"

{
    "success": false,
    "message": "email or password are incorrect"
}
HTTP/1.1 401 Unauthorized
Server: nginx/1.18.0 (Ubuntu)
Date: Mon, 18 Aug 2025 14:02:22 GMT
Content-Type: application/json; charset=utf-8
Content-Length: 61
Connection: keep-alive
X-Powered-By: Express
Access-Control-Allow-Origin: *
ETag: W/"3d-ad9nrqlzQBuoZ0AId1U3rIgKU84"

{
    "success": false,
    "message": "email or password are incorrect"
}
HTTP/1.1 401 Unauthorized
Server: nginx/1.18.0 (Ubuntu)
Date: Mon, 18 Aug 2025 14:02:22 GMT
Content-Type: application/json; charset=utf-8
Content-Length: 61
Connection: keep-alive
X-Powered-By: Express
Access-Control-Allow-Origin: *
ETag: W/"3d-ad9nrqlzQBuoZ0AId1U3rIgKU84"

{
    "success": false,
    "message": "email or password are incorrect"
}
HTTP/1.1 401 Unauthorized
Server: nginx/1.18.0 (Ubuntu)
Date: Mon, 18 Aug 2025 14:02:22 GMT
Content-Type: application/json; charset=utf-8
Content-Length: 61
Connection: keep-alive
X-Powered-By: Express
Access-Control-Allow-Origin: *
ETag: W/"3d-ad9nrqlzQBuoZ0AId1U3rIgKU84"

{
    "success": false,
    "message": "email or password are incorrect"
}
HTTP/1.1 401 Unauthorized
Server: nginx/1.18.0 (Ubuntu)
Date: Mon, 18 Aug 2025 14:02:22 GMT
Content-Type: application/json; charset=utf-8
Content-Length: 61
Connection: keep-alive
X-Powered-By: Express
Access-Control-Allow-Origin: *
ETag: W/"3d-ad9nrqlzQBuoZ0AId1U3rIgKU84"

{
    "success": false,
    "message": "email or password are incorrect"
}
Request method:	POST
Request URI:	https://stellarburgers.nomoreparties.site/api/auth/login
Proxy:			<none>
Request params:	<none>
Query params:	<none>
Form params:	<none>
Path params:	<none>
Headers:		Accept=*/*
				Content-Type=application/json
Cookies:		<none>
Multiparts:		<none>
Body:
{
    "email": "donovan.beatty@example.com",
    "password": "j0cv8q78",
    "name": "philip.stroman"
}
Request method:	POST
Request URI:	https://stellarburgers.nomoreparties.site/api/auth/login
Proxy:			<none>
Request params:	<none>
Query params:	<none>
Form params:	<none>
Path params:	<none>
Headers:		Accept=*/*
				Content-Type=application/json
Cookies:		<none>
Multiparts:		<none>
Body:
{
    "email": "donovan.beatty@example.com",
    "password": "j0cv8q78",
    "name": "philip.stroman"
}
Request method:	POST
Request URI:	https://stellarburgers.nomoreparties.site/api/auth/login
Proxy:			<none>
Request params:	<none>
Query params:	<none>
Form params:	<none>
Path params:	<none>
Headers:		Accept=*/*
				Content-Type=application/json
Cookies:		<none>
Multiparts:		<none>
Body:
{
    "email": "donovan.beatty@example.com",
    "password": "j0cv8q78",
    "name": "philip.stroman"
}
Request method:	POST
Request URI:	https://stellarburgers.nomoreparties.site/api/auth/login
Proxy:			<none>
Request params:	<none>
Query params:	<none>
Form params:	<none>
Path params:	<none>
Headers:		Accept=*/*
				Content-Type=application/json
Cookies:		<none>
Multiparts:		<none>
Body:
{
    "email": "donovan.beatty@example.com",
    "password": "j0cv8q78",
    "name": "philip.stroman"
}
Request method:	POST
Request URI:	https://stellarburgers.nomoreparties.site/api/auth/login
Proxy:			<none>
Request params:	<none>
Query params:	<none>
Form params:	<none>
Path params:	<none>
Headers:		Accept=*/*
				Content-Type=application/json
Cookies:		<none>
Multiparts:		<none>
Body:
{
    "email": "donovan.beatty@example.com",
    "password": "j0cv8q78",
    "name": "philip.stroman"
}
Request method:	POST
Request URI:	https://stellarburgers.nomoreparties.site/api/auth/login
Proxy:			<none>
Request params:	<none>
Query params:	<none>
Form params:	<none>
Path params:	<none>
Headers:		Accept=*/*
				Content-Type=application/json
Cookies:		<none>
Multiparts:		<none>
Body:
{
    "email": "donovan.beatty@example.com",
    "password": "j0cv8q78",
    "name": "philip.stroman"
}
Request method:	POST
Request URI:	https://stellarburgers.nomoreparties.site/api/auth/login
Proxy:			<none>
Request params:	<none>
Query params:	<none>
Form params:	<none>
Path params:	<none>
Headers:		Accept=*/*
				Content-Type=application/json
Cookies:		<none>
Multiparts:		<none>
Body:
{
    "email": "donovan.beatty@example.com",
    "password": "j0cv8q78",
    "name": "philip.stroman"
}
Request method:	POST
Request URI:	https://stellarburgers.nomoreparties.site/api/auth/login
Proxy:			<none>
Request params:	<none>
Query params:	<none>
Form params:	<none>
Path params:	<none>
Headers:		Accept=*/*
				Content-Type=application/json
Cookies:		<none>
Multiparts:		<none>
Body:
{
    "email": "donovan.beatty@example.com",
    "password": "j0cv8q78",
    "name": "philip.stroman"
}
Request method:	POST
Request URI:	https://stellarburgers.nomoreparties.site/api/auth/login
Proxy:			<none>
Request params:	<none>
Query params:	<none>
Form params:	<none>
Path params:	<none>
Headers:		Accept=*/*
				Content-Type=application/json
Cookies:		<none>
Multiparts:		<none>
Body:
{
    "email": "donovan.beatty@example.com",
    "password": "j0cv8q78",
    "name": "philip.stroman"
}
Request method:	POST
Request URI:	https://stellarburgers.nomoreparties.site/api/auth/login
Proxy:			<none>
Request params:	<none>
Query params:	<none>
Form params:	<none>
Path params:	<none>
Headers:		Accept=*/*
				Content-Type=application/json
Cookies:		<none>
Multiparts:		<none>
Body:
{
    "email": "donovan.beatty@example.com",
    "password": "j0cv8q78",
    "name": "philip.stroman"
}
HTTP/1.1 200 OK
Server: nginx/1.18.0 (Ubuntu)
Date: Mon, 18 Aug 2025 14:02:22 GMT
Content-Type: application/json; charset=utf-8
Content-Length: 379
Connection: keep-alive
X-Powered-By: Express
Access-Control-Allow-Origin: *
ETag: W/"17b-TzpWtGlU/kzc0u2WOyNe2D7d8Eo"

{
    "success": true,
    "accessToken": "Bearer eyJhbGciOiJIUzI1NiIsInR5cCI6IkpXVCJ9.eyJpZCI6IjY4YTMzMjZkOWVkMjgwMDAxYjY4MDhkYyIsImlhdCI6MTc1NTUyNTc0MiwiZXhwIjoxNzU1NTI2OTQyfQ.8QCXetvzgeKV8rKw5zAyxKJDzVV0f-SQoH-jl1cCtXk",
    "refreshToken": "5152b6de7a72af5c196f113ef1270d9ba4a03552dcb038626bce7bdc5dcd3024bb4a45601439d163",
    "user": {
        "email": "donovan.beatty@example.com",
        "name": "philip.stroman"
    }
}
HTTP/1.1 200 OK
Server: nginx/1.18.0 (Ubuntu)
Date: Mon, 18 Aug 2025 14:02:22 GMT
Content-Type: application/json; charset=utf-8
Content-Length: 379
Connection: keep-alive
X-Powered-By: Express
Access-Control-Allow-Origin: *
ETag: W/"17b-TzpWtGlU/kzc0u2WOyNe2D7d8Eo"

{
    "success": true,
    "accessToken": "Bearer eyJhbGciOiJIUzI1NiIsInR5cCI6IkpXVCJ9.eyJpZCI6IjY4YTMzMjZkOWVkMjgwMDAxYjY4MDhkYyIsImlhdCI6MTc1NTUyNTc0MiwiZXhwIjoxNzU1NTI2OTQyfQ.8QCXetvzgeKV8rKw5zAyxKJDzVV0f-SQoH-jl1cCtXk",
    "refreshToken": "5152b6de7a72af5c196f113ef1270d9ba4a03552dcb038626bce7bdc5dcd3024bb4a45601439d163",
    "user": {
        "email": "donovan.beatty@example.com",
        "name": "philip.stroman"
    }
}
HTTP/1.1 200 OK
Server: nginx/1.18.0 (Ubuntu)
Date: Mon, 18 Aug 2025 14:02:22 GMT
Content-Type: application/json; charset=utf-8
Content-Length: 379
Connection: keep-alive
X-Powered-By: Express
Access-Control-Allow-Origin: *
ETag: W/"17b-TzpWtGlU/kzc0u2WOyNe2D7d8Eo"

{
    "success": true,
    "accessToken": "Bearer eyJhbGciOiJIUzI1NiIsInR5cCI6IkpXVCJ9.eyJpZCI6IjY4YTMzMjZkOWVkMjgwMDAxYjY4MDhkYyIsImlhdCI6MTc1NTUyNTc0MiwiZXhwIjoxNzU1NTI2OTQyfQ.8QCXetvzgeKV8rKw5zAyxKJDzVV0f-SQoH-jl1cCtXk",
    "refreshToken": "5152b6de7a72af5c196f113ef1270d9ba4a03552dcb038626bce7bdc5dcd3024bb4a45601439d163",
    "user": {
        "email": "donovan.beatty@example.com",
        "name": "philip.stroman"
    }
}
HTTP/1.1 200 OK
Server: nginx/1.18.0 (Ubuntu)
Date: Mon, 18 Aug 2025 14:02:22 GMT
Content-Type: application/json; charset=utf-8
Content-Length: 379
Connection: keep-alive
X-Powered-By: Express
Access-Control-Allow-Origin: *
ETag: W/"17b-TzpWtGlU/kzc0u2WOyNe2D7d8Eo"

{
    "success": true,
    "accessToken": "Bearer eyJhbGciOiJIUzI1NiIsInR5cCI6IkpXVCJ9.eyJpZCI6IjY4YTMzMjZkOWVkMjgwMDAxYjY4MDhkYyIsImlhdCI6MTc1NTUyNTc0MiwiZXhwIjoxNzU1NTI2OTQyfQ.8QCXetvzgeKV8rKw5zAyxKJDzVV0f-SQoH-jl1cCtXk",
    "refreshToken": "5152b6de7a72af5c196f113ef1270d9ba4a03552dcb038626bce7bdc5dcd3024bb4a45601439d163",
    "user": {
        "email": "donovan.beatty@example.com",
        "name": "philip.stroman"
    }
}
HTTP/1.1 200 OK
Server: nginx/1.18.0 (Ubuntu)
Date: Mon, 18 Aug 2025 14:02:22 GMT
Content-Type: application/json; charset=utf-8
Content-Length: 379
Connection: keep-alive
X-Powered-By: Express
Access-Control-Allow-Origin: *
ETag: W/"17b-TzpWtGlU/kzc0u2WOyNe2D7d8Eo"

{
    "success": true,
    "accessToken": "Bearer eyJhbGciOiJIUzI1NiIsInR5cCI6IkpXVCJ9.eyJpZCI6IjY4YTMzMjZkOWVkMjgwMDAxYjY4MDhkYyIsImlhdCI6MTc1NTUyNTc0MiwiZXhwIjoxNzU1NTI2OTQyfQ.8QCXetvzgeKV8rKw5zAyxKJDzVV0f-SQoH-jl1cCtXk",
    "refreshToken": "5152b6de7a72af5c196f113ef1270d9ba4a03552dcb038626bce7bdc5dcd3024bb4a45601439d163",
    "user": {
        "email": "donovan.beatty@example.com",
        "name": "philip.stroman"
    }
}
HTTP/1.1 200 OK
Server: nginx/1.18.0 (Ubuntu)
Date: Mon, 18 Aug 2025 14:02:22 GMT
Content-Type: application/json; charset=utf-8
Content-Length: 379
Connection: keep-alive
X-Powered-By: Express
Access-Control-Allow-Origin: *
ETag: W/"17b-TzpWtGlU/kzc0u2WOyNe2D7d8Eo"

{
    "success": true,
    "accessToken": "Bearer eyJhbGciOiJIUzI1NiIsInR5cCI6IkpXVCJ9.eyJpZCI6IjY4YTMzMjZkOWVkMjgwMDAxYjY4MDhkYyIsImlhdCI6MTc1NTUyNTc0MiwiZXhwIjoxNzU1NTI2OTQyfQ.8QCXetvzgeKV8rKw5zAyxKJDzVV0f-SQoH-jl1cCtXk",
    "refreshToken": "5152b6de7a72af5c196f113ef1270d9ba4a03552dcb038626bce7bdc5dcd3024bb4a45601439d163",
    "user": {
        "email": "donovan.beatty@example.com",
        "name": "philip.stroman"
    }
}
HTTP/1.1 200 OK
Server: nginx/1.18.0 (Ubuntu)
Date: Mon, 18 Aug 2025 14:02:22 GMT
Content-Type: application/json; charset=utf-8
Content-Length: 379
Connection: keep-alive
X-Powered-By: Express
Access-Control-Allow-Origin: *
ETag: W/"17b-TzpWtGlU/kzc0u2WOyNe2D7d8Eo"

{
    "success": true,
    "accessToken": "Bearer eyJhbGciOiJIUzI1NiIsInR5cCI6IkpXVCJ9.eyJpZCI6IjY4YTMzMjZkOWVkMjgwMDAxYjY4MDhkYyIsImlhdCI6MTc1NTUyNTc0MiwiZXhwIjoxNzU1NTI2OTQyfQ.8QCXetvzgeKV8rKw5zAyxKJDzVV0f-SQoH-jl1cCtXk",
    "refreshToken": "5152b6de7a72af5c196f113ef1270d9ba4a03552dcb038626bce7bdc5dcd3024bb4a45601439d163",
    "user": {
        "email": "donovan.beatty@example.com",
        "name": "philip.stroman"
    }
}
HTTP/1.1 200 OK
Server: nginx/1.18.0 (Ubuntu)
Date: Mon, 18 Aug 2025 14:02:22 GMT
Content-Type: application/json; charset=utf-8
Content-Length: 379
Connection: keep-alive
X-Powered-By: Express
Access-Control-Allow-Origin: *
ETag: W/"17b-TzpWtGlU/kzc0u2WOyNe2D7d8Eo"

{
    "success": true,
    "accessToken": "Bearer eyJhbGciOiJIUzI1NiIsInR5cCI6IkpXVCJ9.eyJpZCI6IjY4YTMzMjZkOWVkMjgwMDAxYjY4MDhkYyIsImlhdCI6MTc1NTUyNTc0MiwiZXhwIjoxNzU1NTI2OTQyfQ.8QCXetvzgeKV8rKw5zAyxKJDzVV0f-SQoH-jl1cCtXk",
    "refreshToken": "5152b6de7a72af5c196f113ef1270d9ba4a03552dcb038626bce7bdc5dcd3024bb4a45601439d163",
    "user": {
        "email": "donovan.beatty@example.com",
        "name": "philip.stroman"
    }
}
HTTP/1.1 200 OK
Server: nginx/1.18.0 (Ubuntu)
Date: Mon, 18 Aug 2025 14:02:22 GMT
Content-Type: application/json; charset=utf-8
Content-Length: 379
Connection: keep-alive
X-Powered-By: Express
Access-Control-Allow-Origin: *
ETag: W/"17b-TzpWtGlU/kzc0u2WOyNe2D7d8Eo"

{
    "success": true,
    "accessToken": "Bearer eyJhbGciOiJIUzI1NiIsInR5cCI6IkpXVCJ9.eyJpZCI6IjY4YTMzMjZkOWVkMjgwMDAxYjY4MDhkYyIsImlhdCI6MTc1NTUyNTc0MiwiZXhwIjoxNzU1NTI2OTQyfQ.8QCXetvzgeKV8rKw5zAyxKJDzVV0f-SQoH-jl1cCtXk",
    "refreshToken": "5152b6de7a72af5c196f113ef1270d9ba4a03552dcb038626bce7bdc5dcd3024bb4a45601439d163",
    "user": {
        "email": "donovan.beatty@example.com",
        "name": "philip.stroman"
    }
}
HTTP/1.1 200 OK
Server: nginx/1.18.0 (Ubuntu)
Date: Mon, 18 Aug 2025 14:02:22 GMT
Content-Type: application/json; charset=utf-8
Content-Length: 379
Connection: keep-alive
X-Powered-By: Express
Access-Control-Allow-Origin: *
ETag: W/"17b-TzpWtGlU/kzc0u2WOyNe2D7d8Eo"

{
    "success": true,
    "accessToken": "Bearer eyJhbGciOiJIUzI1NiIsInR5cCI6IkpXVCJ9.eyJpZCI6IjY4YTMzMjZkOWVkMjgwMDAxYjY4MDhkYyIsImlhdCI6MTc1NTUyNTc0MiwiZXhwIjoxNzU1NTI2OTQyfQ.8QCXetvzgeKV8rKw5zAyxKJDzVV0f-SQoH-jl1cCtXk",
    "refreshToken": "5152b6de7a72af5c196f113ef1270d9ba4a03552dcb038626bce7bdc5dcd3024bb4a45601439d163",
    "user": {
        "email": "donovan.beatty@example.com",
        "name": "philip.stroman"
    }
}
Request method:	DELETE
Request URI:	https://stellarburgers.nomoreparties.site/api/auth/user
Proxy:			<none>
Request params:	<none>
Query params:	<none>
Form params:	<none>
Path params:	<none>
Headers:		Authorization=Bearer eyJhbGciOiJIUzI1NiIsInR5cCI6IkpXVCJ9.eyJpZCI6IjY4YTMzMjZkOWVkMjgwMDAxYjY4MDhkYyIsImlhdCI6MTc1NTUyNTc0MiwiZXhwIjoxNzU1NTI2OTQyfQ.8QCXetvzgeKV8rKw5zAyxKJDzVV0f-SQoH-jl1cCtXk
				Accept=*/*
				Content-Type=application/json
Cookies:		<none>
Multiparts:		<none>
Body:			<none>
Request method:	DELETE
Request URI:	https://stellarburgers.nomoreparties.site/api/auth/user
Proxy:			<none>
Request params:	<none>
Query params:	<none>
Form params:	<none>
Path params:	<none>
Headers:		Authorization=Bearer eyJhbGciOiJIUzI1NiIsInR5cCI6IkpXVCJ9.eyJpZCI6IjY4YTMzMjZkOWVkMjgwMDAxYjY4MDhkYyIsImlhdCI6MTc1NTUyNTc0MiwiZXhwIjoxNzU1NTI2OTQyfQ.8QCXetvzgeKV8rKw5zAyxKJDzVV0f-SQoH-jl1cCtXk
				Accept=*/*
				Content-Type=application/json
Cookies:		<none>
Multiparts:		<none>
Body:			<none>
Request method:	DELETE
Request URI:	https://stellarburgers.nomoreparties.site/api/auth/user
Proxy:			<none>
Request params:	<none>
Query params:	<none>
Form params:	<none>
Path params:	<none>
Headers:		Authorization=Bearer eyJhbGciOiJIUzI1NiIsInR5cCI6IkpXVCJ9.eyJpZCI6IjY4YTMzMjZkOWVkMjgwMDAxYjY4MDhkYyIsImlhdCI6MTc1NTUyNTc0MiwiZXhwIjoxNzU1NTI2OTQyfQ.8QCXetvzgeKV8rKw5zAyxKJDzVV0f-SQoH-jl1cCtXk
				Accept=*/*
				Content-Type=application/json
Cookies:		<none>
Multiparts:		<none>
Body:			<none>
Request method:	DELETE
Request URI:	https://stellarburgers.nomoreparties.site/api/auth/user
Proxy:			<none>
Request params:	<none>
Query params:	<none>
Form params:	<none>
Path params:	<none>
Headers:		Authorization=Bearer eyJhbGciOiJIUzI1NiIsInR5cCI6IkpXVCJ9.eyJpZCI6IjY4YTMzMjZkOWVkMjgwMDAxYjY4MDhkYyIsImlhdCI6MTc1NTUyNTc0MiwiZXhwIjoxNzU1NTI2OTQyfQ.8QCXetvzgeKV8rKw5zAyxKJDzVV0f-SQoH-jl1cCtXk
				Accept=*/*
				Content-Type=application/json
Cookies:		<none>
Multiparts:		<none>
Body:			<none>
Request method:	DELETE
Request URI:	https://stellarburgers.nomoreparties.site/api/auth/user
Proxy:			<none>
Request params:	<none>
Query params:	<none>
Form params:	<none>
Path params:	<none>
Headers:		Authorization=Bearer eyJhbGciOiJIUzI1NiIsInR5cCI6IkpXVCJ9.eyJpZCI6IjY4YTMzMjZkOWVkMjgwMDAxYjY4MDhkYyIsImlhdCI6MTc1NTUyNTc0MiwiZXhwIjoxNzU1NTI2OTQyfQ.8QCXetvzgeKV8rKw5zAyxKJDzVV0f-SQoH-jl1cCtXk
				Accept=*/*
				Content-Type=application/json
Cookies:		<none>
Multiparts:		<none>
Body:			<none>
Request method:	DELETE
Request URI:	https://stellarburgers.nomoreparties.site/api/auth/user
Proxy:			<none>
Request params:	<none>
Query params:	<none>
Form params:	<none>
Path params:	<none>
Headers:		Authorization=Bearer eyJhbGciOiJIUzI1NiIsInR5cCI6IkpXVCJ9.eyJpZCI6IjY4YTMzMjZkOWVkMjgwMDAxYjY4MDhkYyIsImlhdCI6MTc1NTUyNTc0MiwiZXhwIjoxNzU1NTI2OTQyfQ.8QCXetvzgeKV8rKw5zAyxKJDzVV0f-SQoH-jl1cCtXk
				Accept=*/*
				Content-Type=application/json
Cookies:		<none>
Multiparts:		<none>
Body:			<none>
Request method:	DELETE
Request URI:	https://stellarburgers.nomoreparties.site/api/auth/user
Proxy:			<none>
Request params:	<none>
Query params:	<none>
Form params:	<none>
Path params:	<none>
Headers:		Authorization=Bearer eyJhbGciOiJIUzI1NiIsInR5cCI6IkpXVCJ9.eyJpZCI6IjY4YTMzMjZkOWVkMjgwMDAxYjY4MDhkYyIsImlhdCI6MTc1NTUyNTc0MiwiZXhwIjoxNzU1NTI2OTQyfQ.8QCXetvzgeKV8rKw5zAyxKJDzVV0f-SQoH-jl1cCtXk
				Accept=*/*
				Content-Type=application/json
Cookies:		<none>
Multiparts:		<none>
Body:			<none>
Request method:	DELETE
Request URI:	https://stellarburgers.nomoreparties.site/api/auth/user
Proxy:			<none>
Request params:	<none>
Query params:	<none>
Form params:	<none>
Path params:	<none>
Headers:		Authorization=Bearer eyJhbGciOiJIUzI1NiIsInR5cCI6IkpXVCJ9.eyJpZCI6IjY4YTMzMjZkOWVkMjgwMDAxYjY4MDhkYyIsImlhdCI6MTc1NTUyNTc0MiwiZXhwIjoxNzU1NTI2OTQyfQ.8QCXetvzgeKV8rKw5zAyxKJDzVV0f-SQoH-jl1cCtXk
				Accept=*/*
				Content-Type=application/json
Cookies:		<none>
Multiparts:		<none>
Body:			<none>
Request method:	DELETE
Request URI:	https://stellarburgers.nomoreparties.site/api/auth/user
Proxy:			<none>
Request params:	<none>
Query params:	<none>
Form params:	<none>
Path params:	<none>
Headers:		Authorization=Bearer eyJhbGciOiJIUzI1NiIsInR5cCI6IkpXVCJ9.eyJpZCI6IjY4YTMzMjZkOWVkMjgwMDAxYjY4MDhkYyIsImlhdCI6MTc1NTUyNTc0MiwiZXhwIjoxNzU1NTI2OTQyfQ.8QCXetvzgeKV8rKw5zAyxKJDzVV0f-SQoH-jl1cCtXk
				Accept=*/*
				Content-Type=application/json
Cookies:		<none>
Multiparts:		<none>
Body:			<none>
Request method:	DELETE
Request URI:	https://stellarburgers.nomoreparties.site/api/auth/user
Proxy:			<none>
Request params:	<none>
Query params:	<none>
Form params:	<none>
Path params:	<none>
Headers:		Authorization=Bearer eyJhbGciOiJIUzI1NiIsInR5cCI6IkpXVCJ9.eyJpZCI6IjY4YTMzMjZkOWVkMjgwMDAxYjY4MDhkYyIsImlhdCI6MTc1NTUyNTc0MiwiZXhwIjoxNzU1NTI2OTQyfQ.8QCXetvzgeKV8rKw5zAyxKJDzVV0f-SQoH-jl1cCtXk
				Accept=*/*
				Content-Type=application/json
Cookies:		<none>
Multiparts:		<none>
Body:			<none>
HTTP/1.1 202 Accepted
Server: nginx/1.18.0 (Ubuntu)
Date: Mon, 18 Aug 2025 14:02:23 GMT
Content-Type: application/json; charset=utf-8
Content-Length: 54
Connection: keep-alive
X-Powered-By: Express
Access-Control-Allow-Origin: *
ETag: W/"36-hDmZnQ3Ou/ynnqAeC6TYmyseuzY"

{
    "success": true,
    "message": "User successfully removed"
}
HTTP/1.1 202 Accepted
Server: nginx/1.18.0 (Ubuntu)
Date: Mon, 18 Aug 2025 14:02:23 GMT
Content-Type: application/json; charset=utf-8
Content-Length: 54
Connection: keep-alive
X-Powered-By: Express
Access-Control-Allow-Origin: *
ETag: W/"36-hDmZnQ3Ou/ynnqAeC6TYmyseuzY"

{
    "success": true,
    "message": "User successfully removed"
}
HTTP/1.1 202 Accepted
Server: nginx/1.18.0 (Ubuntu)
Date: Mon, 18 Aug 2025 14:02:23 GMT
Content-Type: application/json; charset=utf-8
Content-Length: 54
Connection: keep-alive
X-Powered-By: Express
Access-Control-Allow-Origin: *
ETag: W/"36-hDmZnQ3Ou/ynnqAeC6TYmyseuzY"

{
    "success": true,
    "message": "User successfully removed"
}
HTTP/1.1 202 Accepted
Server: nginx/1.18.0 (Ubuntu)
Date: Mon, 18 Aug 2025 14:02:23 GMT
Content-Type: application/json; charset=utf-8
Content-Length: 54
Connection: keep-alive
X-Powered-By: Express
Access-Control-Allow-Origin: *
ETag: W/"36-hDmZnQ3Ou/ynnqAeC6TYmyseuzY"

{
    "success": true,
    "message": "User successfully removed"
}
HTTP/1.1 202 Accepted
Server: nginx/1.18.0 (Ubuntu)
Date: Mon, 18 Aug 2025 14:02:23 GMT
Content-Type: application/json; charset=utf-8
Content-Length: 54
Connection: keep-alive
X-Powered-By: Express
Access-Control-Allow-Origin: *
ETag: W/"36-hDmZnQ3Ou/ynnqAeC6TYmyseuzY"

{
    "success": true,
    "message": "User successfully removed"
}
HTTP/1.1 202 Accepted
Server: nginx/1.18.0 (Ubuntu)
Date: Mon, 18 Aug 2025 14:02:23 GMT
Content-Type: application/json; charset=utf-8
Content-Length: 54
Connection: keep-alive
X-Powered-By: Express
Access-Control-Allow-Origin: *
ETag: W/"36-hDmZnQ3Ou/ynnqAeC6TYmyseuzY"

{
    "success": true,
    "message": "User successfully removed"
}
HTTP/1.1 202 Accepted
Server: nginx/1.18.0 (Ubuntu)
Date: Mon, 18 Aug 2025 14:02:23 GMT
Content-Type: application/json; charset=utf-8
Content-Length: 54
Connection: keep-alive
X-Powered-By: Express
Access-Control-Allow-Origin: *
ETag: W/"36-hDmZnQ3Ou/ynnqAeC6TYmyseuzY"

{
    "success": true,
    "message": "User successfully removed"
}
HTTP/1.1 202 Accepted
Server: nginx/1.18.0 (Ubuntu)
Date: Mon, 18 Aug 2025 14:02:23 GMT
Content-Type: application/json; charset=utf-8
Content-Length: 54
Connection: keep-alive
X-Powered-By: Express
Access-Control-Allow-Origin: *
ETag: W/"36-hDmZnQ3Ou/ynnqAeC6TYmyseuzY"

{
    "success": true,
    "message": "User successfully removed"
}
HTTP/1.1 202 Accepted
Server: nginx/1.18.0 (Ubuntu)
Date: Mon, 18 Aug 2025 14:02:23 GMT
Content-Type: application/json; charset=utf-8
Content-Length: 54
Connection: keep-alive
X-Powered-By: Express
Access-Control-Allow-Origin: *
ETag: W/"36-hDmZnQ3Ou/ynnqAeC6TYmyseuzY"

{
    "success": true,
    "message": "User successfully removed"
}
HTTP/1.1 202 Accepted
Server: nginx/1.18.0 (Ubuntu)
Date: Mon, 18 Aug 2025 14:02:23 GMT
Content-Type: application/json; charset=utf-8
Content-Length: 54
Connection: keep-alive
X-Powered-By: Express
Access-Control-Allow-Origin: *
ETag: W/"36-hDmZnQ3Ou/ynnqAeC6TYmyseuzY"

{
    "success": true,
    "message": "User successfully removed"
}
]]></system-out>
  </testcase>
  <testcase name="shouldNotLoginWithWrongPasswordTest" classname="praktikum.LoginUserTests" time="1.878">
    <system-out><![CDATA[Request method:	POST
Request URI:	https://stellarburgers.nomoreparties.site/api/auth/register
Proxy:			<none>
Request params:	<none>
Query params:	<none>
Form params:	<none>
Path params:	<none>
Headers:		Accept=*/*
				Content-Type=application/json
Cookies:		<none>
Multiparts:		<none>
Body:
{
    "email": "jeri.russel@example.com",
    "password": "46v7092t6yo5d248",
    "name": "jerome.gutmann"
}
Request method:	POST
Request URI:	https://stellarburgers.nomoreparties.site/api/auth/register
Proxy:			<none>
Request params:	<none>
Query params:	<none>
Form params:	<none>
Path params:	<none>
Headers:		Accept=*/*
				Content-Type=application/json
Cookies:		<none>
Multiparts:		<none>
Body:
{
    "email": "jeri.russel@example.com",
    "password": "46v7092t6yo5d248",
    "name": "jerome.gutmann"
}
Request method:	POST
Request URI:	https://stellarburgers.nomoreparties.site/api/auth/register
Proxy:			<none>
Request params:	<none>
Query params:	<none>
Form params:	<none>
Path params:	<none>
Headers:		Accept=*/*
				Content-Type=application/json
Cookies:		<none>
Multiparts:		<none>
Body:
{
    "email": "jeri.russel@example.com",
    "password": "46v7092t6yo5d248",
    "name": "jerome.gutmann"
}
Request method:	POST
Request URI:	https://stellarburgers.nomoreparties.site/api/auth/register
Proxy:			<none>
Request params:	<none>
Query params:	<none>
Form params:	<none>
Path params:	<none>
Headers:		Accept=*/*
				Content-Type=application/json
Cookies:		<none>
Multiparts:		<none>
Body:
{
    "email": "jeri.russel@example.com",
    "password": "46v7092t6yo5d248",
    "name": "jerome.gutmann"
}
Request method:	POST
Request URI:	https://stellarburgers.nomoreparties.site/api/auth/register
Proxy:			<none>
Request params:	<none>
Query params:	<none>
Form params:	<none>
Path params:	<none>
Headers:		Accept=*/*
				Content-Type=application/json
Cookies:		<none>
Multiparts:		<none>
Body:
{
    "email": "jeri.russel@example.com",
    "password": "46v7092t6yo5d248",
    "name": "jerome.gutmann"
}
Request method:	POST
Request URI:	https://stellarburgers.nomoreparties.site/api/auth/register
Proxy:			<none>
Request params:	<none>
Query params:	<none>
Form params:	<none>
Path params:	<none>
Headers:		Accept=*/*
				Content-Type=application/json
Cookies:		<none>
Multiparts:		<none>
Body:
{
    "email": "jeri.russel@example.com",
    "password": "46v7092t6yo5d248",
    "name": "jerome.gutmann"
}
Request method:	POST
Request URI:	https://stellarburgers.nomoreparties.site/api/auth/register
Proxy:			<none>
Request params:	<none>
Query params:	<none>
Form params:	<none>
Path params:	<none>
Headers:		Accept=*/*
				Content-Type=application/json
Cookies:		<none>
Multiparts:		<none>
Body:
{
    "email": "jeri.russel@example.com",
    "password": "46v7092t6yo5d248",
    "name": "jerome.gutmann"
}
Request method:	POST
Request URI:	https://stellarburgers.nomoreparties.site/api/auth/register
Proxy:			<none>
Request params:	<none>
Query params:	<none>
Form params:	<none>
Path params:	<none>
Headers:		Accept=*/*
				Content-Type=application/json
Cookies:		<none>
Multiparts:		<none>
Body:
{
    "email": "jeri.russel@example.com",
    "password": "46v7092t6yo5d248",
    "name": "jerome.gutmann"
}
Request method:	POST
Request URI:	https://stellarburgers.nomoreparties.site/api/auth/register
Proxy:			<none>
Request params:	<none>
Query params:	<none>
Form params:	<none>
Path params:	<none>
Headers:		Accept=*/*
				Content-Type=application/json
Cookies:		<none>
Multiparts:		<none>
Body:
{
    "email": "jeri.russel@example.com",
    "password": "46v7092t6yo5d248",
    "name": "jerome.gutmann"
}
Request method:	POST
Request URI:	https://stellarburgers.nomoreparties.site/api/auth/register
Proxy:			<none>
Request params:	<none>
Query params:	<none>
Form params:	<none>
Path params:	<none>
Headers:		Accept=*/*
				Content-Type=application/json
Cookies:		<none>
Multiparts:		<none>
Body:
{
    "email": "jeri.russel@example.com",
    "password": "46v7092t6yo5d248",
    "name": "jerome.gutmann"
}
Request method:	POST
Request URI:	https://stellarburgers.nomoreparties.site/api/auth/register
Proxy:			<none>
Request params:	<none>
Query params:	<none>
Form params:	<none>
Path params:	<none>
Headers:		Accept=*/*
				Content-Type=application/json
Cookies:		<none>
Multiparts:		<none>
Body:
{
    "email": "jeri.russel@example.com",
    "password": "46v7092t6yo5d248",
    "name": "jerome.gutmann"
}
HTTP/1.1 200 OK
Server: nginx/1.18.0 (Ubuntu)
Date: Mon, 18 Aug 2025 14:02:23 GMT
Content-Type: application/json; charset=utf-8
Content-Length: 376
Connection: keep-alive
X-Powered-By: Express
Access-Control-Allow-Origin: *
authorization: Bearer eyJhbGciOiJIUzI1NiIsInR5cCI6IkpXVCJ9.eyJpZCI6IjY4YTMzMjZmOWVkMjgwMDAxYjY4MDhkZiIsImlhdCI6MTc1NTUyNTc0MywiZXhwIjoxNzU1NTI2OTQzfQ.sIJPNl9QU5Bniawa5avwQJeEkTlcOQ3ItGBAw6pWJug
ETag: W/"178-Pjy11i2VtP5ULkVEEjKQzOoSqw8"

{
    "success": true,
    "user": {
        "email": "jeri.russel@example.com",
        "name": "jerome.gutmann"
    },
    "accessToken": "Bearer eyJhbGciOiJIUzI1NiIsInR5cCI6IkpXVCJ9.eyJpZCI6IjY4YTMzMjZmOWVkMjgwMDAxYjY4MDhkZiIsImlhdCI6MTc1NTUyNTc0MywiZXhwIjoxNzU1NTI2OTQzfQ.sIJPNl9QU5Bniawa5avwQJeEkTlcOQ3ItGBAw6pWJug",
    "refreshToken": "6effa7ec82e009d5e286b3e1d4b2df11a5884651a9234001882a3e9ad93f339208938c116e238728"
}
HTTP/1.1 200 OK
Server: nginx/1.18.0 (Ubuntu)
Date: Mon, 18 Aug 2025 14:02:23 GMT
Content-Type: application/json; charset=utf-8
Content-Length: 376
Connection: keep-alive
X-Powered-By: Express
Access-Control-Allow-Origin: *
authorization: Bearer eyJhbGciOiJIUzI1NiIsInR5cCI6IkpXVCJ9.eyJpZCI6IjY4YTMzMjZmOWVkMjgwMDAxYjY4MDhkZiIsImlhdCI6MTc1NTUyNTc0MywiZXhwIjoxNzU1NTI2OTQzfQ.sIJPNl9QU5Bniawa5avwQJeEkTlcOQ3ItGBAw6pWJug
ETag: W/"178-Pjy11i2VtP5ULkVEEjKQzOoSqw8"

{
    "success": true,
    "user": {
        "email": "jeri.russel@example.com",
        "name": "jerome.gutmann"
    },
    "accessToken": "Bearer eyJhbGciOiJIUzI1NiIsInR5cCI6IkpXVCJ9.eyJpZCI6IjY4YTMzMjZmOWVkMjgwMDAxYjY4MDhkZiIsImlhdCI6MTc1NTUyNTc0MywiZXhwIjoxNzU1NTI2OTQzfQ.sIJPNl9QU5Bniawa5avwQJeEkTlcOQ3ItGBAw6pWJug",
    "refreshToken": "6effa7ec82e009d5e286b3e1d4b2df11a5884651a9234001882a3e9ad93f339208938c116e238728"
}
HTTP/1.1 200 OK
Server: nginx/1.18.0 (Ubuntu)
Date: Mon, 18 Aug 2025 14:02:23 GMT
Content-Type: application/json; charset=utf-8
Content-Length: 376
Connection: keep-alive
X-Powered-By: Express
Access-Control-Allow-Origin: *
authorization: Bearer eyJhbGciOiJIUzI1NiIsInR5cCI6IkpXVCJ9.eyJpZCI6IjY4YTMzMjZmOWVkMjgwMDAxYjY4MDhkZiIsImlhdCI6MTc1NTUyNTc0MywiZXhwIjoxNzU1NTI2OTQzfQ.sIJPNl9QU5Bniawa5avwQJeEkTlcOQ3ItGBAw6pWJug
ETag: W/"178-Pjy11i2VtP5ULkVEEjKQzOoSqw8"

{
    "success": true,
    "user": {
        "email": "jeri.russel@example.com",
        "name": "jerome.gutmann"
    },
    "accessToken": "Bearer eyJhbGciOiJIUzI1NiIsInR5cCI6IkpXVCJ9.eyJpZCI6IjY4YTMzMjZmOWVkMjgwMDAxYjY4MDhkZiIsImlhdCI6MTc1NTUyNTc0MywiZXhwIjoxNzU1NTI2OTQzfQ.sIJPNl9QU5Bniawa5avwQJeEkTlcOQ3ItGBAw6pWJug",
    "refreshToken": "6effa7ec82e009d5e286b3e1d4b2df11a5884651a9234001882a3e9ad93f339208938c116e238728"
}
HTTP/1.1 200 OK
Server: nginx/1.18.0 (Ubuntu)
Date: Mon, 18 Aug 2025 14:02:23 GMT
Content-Type: application/json; charset=utf-8
Content-Length: 376
Connection: keep-alive
X-Powered-By: Express
Access-Control-Allow-Origin: *
authorization: Bearer eyJhbGciOiJIUzI1NiIsInR5cCI6IkpXVCJ9.eyJpZCI6IjY4YTMzMjZmOWVkMjgwMDAxYjY4MDhkZiIsImlhdCI6MTc1NTUyNTc0MywiZXhwIjoxNzU1NTI2OTQzfQ.sIJPNl9QU5Bniawa5avwQJeEkTlcOQ3ItGBAw6pWJug
ETag: W/"178-Pjy11i2VtP5ULkVEEjKQzOoSqw8"

{
    "success": true,
    "user": {
        "email": "jeri.russel@example.com",
        "name": "jerome.gutmann"
    },
    "accessToken": "Bearer eyJhbGciOiJIUzI1NiIsInR5cCI6IkpXVCJ9.eyJpZCI6IjY4YTMzMjZmOWVkMjgwMDAxYjY4MDhkZiIsImlhdCI6MTc1NTUyNTc0MywiZXhwIjoxNzU1NTI2OTQzfQ.sIJPNl9QU5Bniawa5avwQJeEkTlcOQ3ItGBAw6pWJug",
    "refreshToken": "6effa7ec82e009d5e286b3e1d4b2df11a5884651a9234001882a3e9ad93f339208938c116e238728"
}
HTTP/1.1 200 OK
Server: nginx/1.18.0 (Ubuntu)
Date: Mon, 18 Aug 2025 14:02:23 GMT
Content-Type: application/json; charset=utf-8
Content-Length: 376
Connection: keep-alive
X-Powered-By: Express
Access-Control-Allow-Origin: *
authorization: Bearer eyJhbGciOiJIUzI1NiIsInR5cCI6IkpXVCJ9.eyJpZCI6IjY4YTMzMjZmOWVkMjgwMDAxYjY4MDhkZiIsImlhdCI6MTc1NTUyNTc0MywiZXhwIjoxNzU1NTI2OTQzfQ.sIJPNl9QU5Bniawa5avwQJeEkTlcOQ3ItGBAw6pWJug
ETag: W/"178-Pjy11i2VtP5ULkVEEjKQzOoSqw8"

{
    "success": true,
    "user": {
        "email": "jeri.russel@example.com",
        "name": "jerome.gutmann"
    },
    "accessToken": "Bearer eyJhbGciOiJIUzI1NiIsInR5cCI6IkpXVCJ9.eyJpZCI6IjY4YTMzMjZmOWVkMjgwMDAxYjY4MDhkZiIsImlhdCI6MTc1NTUyNTc0MywiZXhwIjoxNzU1NTI2OTQzfQ.sIJPNl9QU5Bniawa5avwQJeEkTlcOQ3ItGBAw6pWJug",
    "refreshToken": "6effa7ec82e009d5e286b3e1d4b2df11a5884651a9234001882a3e9ad93f339208938c116e238728"
}
HTTP/1.1 200 OK
Server: nginx/1.18.0 (Ubuntu)
Date: Mon, 18 Aug 2025 14:02:23 GMT
Content-Type: application/json; charset=utf-8
Content-Length: 376
Connection: keep-alive
X-Powered-By: Express
Access-Control-Allow-Origin: *
authorization: Bearer eyJhbGciOiJIUzI1NiIsInR5cCI6IkpXVCJ9.eyJpZCI6IjY4YTMzMjZmOWVkMjgwMDAxYjY4MDhkZiIsImlhdCI6MTc1NTUyNTc0MywiZXhwIjoxNzU1NTI2OTQzfQ.sIJPNl9QU5Bniawa5avwQJeEkTlcOQ3ItGBAw6pWJug
ETag: W/"178-Pjy11i2VtP5ULkVEEjKQzOoSqw8"

{
    "success": true,
    "user": {
        "email": "jeri.russel@example.com",
        "name": "jerome.gutmann"
    },
    "accessToken": "Bearer eyJhbGciOiJIUzI1NiIsInR5cCI6IkpXVCJ9.eyJpZCI6IjY4YTMzMjZmOWVkMjgwMDAxYjY4MDhkZiIsImlhdCI6MTc1NTUyNTc0MywiZXhwIjoxNzU1NTI2OTQzfQ.sIJPNl9QU5Bniawa5avwQJeEkTlcOQ3ItGBAw6pWJug",
    "refreshToken": "6effa7ec82e009d5e286b3e1d4b2df11a5884651a9234001882a3e9ad93f339208938c116e238728"
}
HTTP/1.1 200 OK
Server: nginx/1.18.0 (Ubuntu)
Date: Mon, 18 Aug 2025 14:02:23 GMT
Content-Type: application/json; charset=utf-8
Content-Length: 376
Connection: keep-alive
X-Powered-By: Express
Access-Control-Allow-Origin: *
authorization: Bearer eyJhbGciOiJIUzI1NiIsInR5cCI6IkpXVCJ9.eyJpZCI6IjY4YTMzMjZmOWVkMjgwMDAxYjY4MDhkZiIsImlhdCI6MTc1NTUyNTc0MywiZXhwIjoxNzU1NTI2OTQzfQ.sIJPNl9QU5Bniawa5avwQJeEkTlcOQ3ItGBAw6pWJug
ETag: W/"178-Pjy11i2VtP5ULkVEEjKQzOoSqw8"

{
    "success": true,
    "user": {
        "email": "jeri.russel@example.com",
        "name": "jerome.gutmann"
    },
    "accessToken": "Bearer eyJhbGciOiJIUzI1NiIsInR5cCI6IkpXVCJ9.eyJpZCI6IjY4YTMzMjZmOWVkMjgwMDAxYjY4MDhkZiIsImlhdCI6MTc1NTUyNTc0MywiZXhwIjoxNzU1NTI2OTQzfQ.sIJPNl9QU5Bniawa5avwQJeEkTlcOQ3ItGBAw6pWJug",
    "refreshToken": "6effa7ec82e009d5e286b3e1d4b2df11a5884651a9234001882a3e9ad93f339208938c116e238728"
}
HTTP/1.1 200 OK
Server: nginx/1.18.0 (Ubuntu)
Date: Mon, 18 Aug 2025 14:02:23 GMT
Content-Type: application/json; charset=utf-8
Content-Length: 376
Connection: keep-alive
X-Powered-By: Express
Access-Control-Allow-Origin: *
authorization: Bearer eyJhbGciOiJIUzI1NiIsInR5cCI6IkpXVCJ9.eyJpZCI6IjY4YTMzMjZmOWVkMjgwMDAxYjY4MDhkZiIsImlhdCI6MTc1NTUyNTc0MywiZXhwIjoxNzU1NTI2OTQzfQ.sIJPNl9QU5Bniawa5avwQJeEkTlcOQ3ItGBAw6pWJug
ETag: W/"178-Pjy11i2VtP5ULkVEEjKQzOoSqw8"

{
    "success": true,
    "user": {
        "email": "jeri.russel@example.com",
        "name": "jerome.gutmann"
    },
    "accessToken": "Bearer eyJhbGciOiJIUzI1NiIsInR5cCI6IkpXVCJ9.eyJpZCI6IjY4YTMzMjZmOWVkMjgwMDAxYjY4MDhkZiIsImlhdCI6MTc1NTUyNTc0MywiZXhwIjoxNzU1NTI2OTQzfQ.sIJPNl9QU5Bniawa5avwQJeEkTlcOQ3ItGBAw6pWJug",
    "refreshToken": "6effa7ec82e009d5e286b3e1d4b2df11a5884651a9234001882a3e9ad93f339208938c116e238728"
}
HTTP/1.1 200 OK
Server: nginx/1.18.0 (Ubuntu)
Date: Mon, 18 Aug 2025 14:02:23 GMT
Content-Type: application/json; charset=utf-8
Content-Length: 376
Connection: keep-alive
X-Powered-By: Express
Access-Control-Allow-Origin: *
authorization: Bearer eyJhbGciOiJIUzI1NiIsInR5cCI6IkpXVCJ9.eyJpZCI6IjY4YTMzMjZmOWVkMjgwMDAxYjY4MDhkZiIsImlhdCI6MTc1NTUyNTc0MywiZXhwIjoxNzU1NTI2OTQzfQ.sIJPNl9QU5Bniawa5avwQJeEkTlcOQ3ItGBAw6pWJug
ETag: W/"178-Pjy11i2VtP5ULkVEEjKQzOoSqw8"

{
    "success": true,
    "user": {
        "email": "jeri.russel@example.com",
        "name": "jerome.gutmann"
    },
    "accessToken": "Bearer eyJhbGciOiJIUzI1NiIsInR5cCI6IkpXVCJ9.eyJpZCI6IjY4YTMzMjZmOWVkMjgwMDAxYjY4MDhkZiIsImlhdCI6MTc1NTUyNTc0MywiZXhwIjoxNzU1NTI2OTQzfQ.sIJPNl9QU5Bniawa5avwQJeEkTlcOQ3ItGBAw6pWJug",
    "refreshToken": "6effa7ec82e009d5e286b3e1d4b2df11a5884651a9234001882a3e9ad93f339208938c116e238728"
}
HTTP/1.1 200 OK
Server: nginx/1.18.0 (Ubuntu)
Date: Mon, 18 Aug 2025 14:02:23 GMT
Content-Type: application/json; charset=utf-8
Content-Length: 376
Connection: keep-alive
X-Powered-By: Express
Access-Control-Allow-Origin: *
authorization: Bearer eyJhbGciOiJIUzI1NiIsInR5cCI6IkpXVCJ9.eyJpZCI6IjY4YTMzMjZmOWVkMjgwMDAxYjY4MDhkZiIsImlhdCI6MTc1NTUyNTc0MywiZXhwIjoxNzU1NTI2OTQzfQ.sIJPNl9QU5Bniawa5avwQJeEkTlcOQ3ItGBAw6pWJug
ETag: W/"178-Pjy11i2VtP5ULkVEEjKQzOoSqw8"

{
    "success": true,
    "user": {
        "email": "jeri.russel@example.com",
        "name": "jerome.gutmann"
    },
    "accessToken": "Bearer eyJhbGciOiJIUzI1NiIsInR5cCI6IkpXVCJ9.eyJpZCI6IjY4YTMzMjZmOWVkMjgwMDAxYjY4MDhkZiIsImlhdCI6MTc1NTUyNTc0MywiZXhwIjoxNzU1NTI2OTQzfQ.sIJPNl9QU5Bniawa5avwQJeEkTlcOQ3ItGBAw6pWJug",
    "refreshToken": "6effa7ec82e009d5e286b3e1d4b2df11a5884651a9234001882a3e9ad93f339208938c116e238728"
}
HTTP/1.1 200 OK
Server: nginx/1.18.0 (Ubuntu)
Date: Mon, 18 Aug 2025 14:02:23 GMT
Content-Type: application/json; charset=utf-8
Content-Length: 376
Connection: keep-alive
X-Powered-By: Express
Access-Control-Allow-Origin: *
authorization: Bearer eyJhbGciOiJIUzI1NiIsInR5cCI6IkpXVCJ9.eyJpZCI6IjY4YTMzMjZmOWVkMjgwMDAxYjY4MDhkZiIsImlhdCI6MTc1NTUyNTc0MywiZXhwIjoxNzU1NTI2OTQzfQ.sIJPNl9QU5Bniawa5avwQJeEkTlcOQ3ItGBAw6pWJug
ETag: W/"178-Pjy11i2VtP5ULkVEEjKQzOoSqw8"

{
    "success": true,
    "user": {
        "email": "jeri.russel@example.com",
        "name": "jerome.gutmann"
    },
    "accessToken": "Bearer eyJhbGciOiJIUzI1NiIsInR5cCI6IkpXVCJ9.eyJpZCI6IjY4YTMzMjZmOWVkMjgwMDAxYjY4MDhkZiIsImlhdCI6MTc1NTUyNTc0MywiZXhwIjoxNzU1NTI2OTQzfQ.sIJPNl9QU5Bniawa5avwQJeEkTlcOQ3ItGBAw6pWJug",
    "refreshToken": "6effa7ec82e009d5e286b3e1d4b2df11a5884651a9234001882a3e9ad93f339208938c116e238728"
}
Request method:	POST
Request URI:	https://stellarburgers.nomoreparties.site/api/auth/login
Proxy:			<none>
Request params:	<none>
Query params:	<none>
Form params:	<none>
Path params:	<none>
Headers:		Accept=*/*
				Content-Type=application/json
Cookies:		<none>
Multiparts:		<none>
Body:
{
    "email": "jeri.russel@example.com",
    "password": "1234"
}
Request method:	POST
Request URI:	https://stellarburgers.nomoreparties.site/api/auth/login
Proxy:			<none>
Request params:	<none>
Query params:	<none>
Form params:	<none>
Path params:	<none>
Headers:		Accept=*/*
				Content-Type=application/json
Cookies:		<none>
Multiparts:		<none>
Body:
{
    "email": "jeri.russel@example.com",
    "password": "1234"
}
Request method:	POST
Request URI:	https://stellarburgers.nomoreparties.site/api/auth/login
Proxy:			<none>
Request params:	<none>
Query params:	<none>
Form params:	<none>
Path params:	<none>
Headers:		Accept=*/*
				Content-Type=application/json
Cookies:		<none>
Multiparts:		<none>
Body:
{
    "email": "jeri.russel@example.com",
    "password": "1234"
}
Request method:	POST
Request URI:	https://stellarburgers.nomoreparties.site/api/auth/login
Proxy:			<none>
Request params:	<none>
Query params:	<none>
Form params:	<none>
Path params:	<none>
Headers:		Accept=*/*
				Content-Type=application/json
Cookies:		<none>
Multiparts:		<none>
Body:
{
    "email": "jeri.russel@example.com",
    "password": "1234"
}
Request method:	POST
Request URI:	https://stellarburgers.nomoreparties.site/api/auth/login
Proxy:			<none>
Request params:	<none>
Query params:	<none>
Form params:	<none>
Path params:	<none>
Headers:		Accept=*/*
				Content-Type=application/json
Cookies:		<none>
Multiparts:		<none>
Body:
{
    "email": "jeri.russel@example.com",
    "password": "1234"
}
Request method:	POST
Request URI:	https://stellarburgers.nomoreparties.site/api/auth/login
Proxy:			<none>
Request params:	<none>
Query params:	<none>
Form params:	<none>
Path params:	<none>
Headers:		Accept=*/*
				Content-Type=application/json
Cookies:		<none>
Multiparts:		<none>
Body:
{
    "email": "jeri.russel@example.com",
    "password": "1234"
}
Request method:	POST
Request URI:	https://stellarburgers.nomoreparties.site/api/auth/login
Proxy:			<none>
Request params:	<none>
Query params:	<none>
Form params:	<none>
Path params:	<none>
Headers:		Accept=*/*
				Content-Type=application/json
Cookies:		<none>
Multiparts:		<none>
Body:
{
    "email": "jeri.russel@example.com",
    "password": "1234"
}
Request method:	POST
Request URI:	https://stellarburgers.nomoreparties.site/api/auth/login
Proxy:			<none>
Request params:	<none>
Query params:	<none>
Form params:	<none>
Path params:	<none>
Headers:		Accept=*/*
				Content-Type=application/json
Cookies:		<none>
Multiparts:		<none>
Body:
{
    "email": "jeri.russel@example.com",
    "password": "1234"
}
Request method:	POST
Request URI:	https://stellarburgers.nomoreparties.site/api/auth/login
Proxy:			<none>
Request params:	<none>
Query params:	<none>
Form params:	<none>
Path params:	<none>
Headers:		Accept=*/*
				Content-Type=application/json
Cookies:		<none>
Multiparts:		<none>
Body:
{
    "email": "jeri.russel@example.com",
    "password": "1234"
}
Request method:	POST
Request URI:	https://stellarburgers.nomoreparties.site/api/auth/login
Proxy:			<none>
Request params:	<none>
Query params:	<none>
Form params:	<none>
Path params:	<none>
Headers:		Accept=*/*
				Content-Type=application/json
Cookies:		<none>
Multiparts:		<none>
Body:
{
    "email": "jeri.russel@example.com",
    "password": "1234"
}
Request method:	POST
Request URI:	https://stellarburgers.nomoreparties.site/api/auth/login
Proxy:			<none>
Request params:	<none>
Query params:	<none>
Form params:	<none>
Path params:	<none>
Headers:		Accept=*/*
				Content-Type=application/json
Cookies:		<none>
Multiparts:		<none>
Body:
{
    "email": "jeri.russel@example.com",
    "password": "1234"
}
HTTP/1.1 401 Unauthorized
Server: nginx/1.18.0 (Ubuntu)
Date: Mon, 18 Aug 2025 14:02:24 GMT
Content-Type: application/json; charset=utf-8
Content-Length: 61
Connection: keep-alive
X-Powered-By: Express
Access-Control-Allow-Origin: *
ETag: W/"3d-ad9nrqlzQBuoZ0AId1U3rIgKU84"

{
    "success": false,
    "message": "email or password are incorrect"
}
HTTP/1.1 401 Unauthorized
Server: nginx/1.18.0 (Ubuntu)
Date: Mon, 18 Aug 2025 14:02:24 GMT
Content-Type: application/json; charset=utf-8
Content-Length: 61
Connection: keep-alive
X-Powered-By: Express
Access-Control-Allow-Origin: *
ETag: W/"3d-ad9nrqlzQBuoZ0AId1U3rIgKU84"

{
    "success": false,
    "message": "email or password are incorrect"
}
HTTP/1.1 401 Unauthorized
Server: nginx/1.18.0 (Ubuntu)
Date: Mon, 18 Aug 2025 14:02:24 GMT
Content-Type: application/json; charset=utf-8
Content-Length: 61
Connection: keep-alive
X-Powered-By: Express
Access-Control-Allow-Origin: *
ETag: W/"3d-ad9nrqlzQBuoZ0AId1U3rIgKU84"

{
    "success": false,
    "message": "email or password are incorrect"
}
HTTP/1.1 401 Unauthorized
Server: nginx/1.18.0 (Ubuntu)
Date: Mon, 18 Aug 2025 14:02:24 GMT
Content-Type: application/json; charset=utf-8
Content-Length: 61
Connection: keep-alive
X-Powered-By: Express
Access-Control-Allow-Origin: *
ETag: W/"3d-ad9nrqlzQBuoZ0AId1U3rIgKU84"

{
    "success": false,
    "message": "email or password are incorrect"
}
HTTP/1.1 401 Unauthorized
Server: nginx/1.18.0 (Ubuntu)
Date: Mon, 18 Aug 2025 14:02:24 GMT
Content-Type: application/json; charset=utf-8
Content-Length: 61
Connection: keep-alive
X-Powered-By: Express
Access-Control-Allow-Origin: *
ETag: W/"3d-ad9nrqlzQBuoZ0AId1U3rIgKU84"

{
    "success": false,
    "message": "email or password are incorrect"
}
HTTP/1.1 401 Unauthorized
Server: nginx/1.18.0 (Ubuntu)
Date: Mon, 18 Aug 2025 14:02:24 GMT
Content-Type: application/json; charset=utf-8
Content-Length: 61
Connection: keep-alive
X-Powered-By: Express
Access-Control-Allow-Origin: *
ETag: W/"3d-ad9nrqlzQBuoZ0AId1U3rIgKU84"

{
    "success": false,
    "message": "email or password are incorrect"
}
HTTP/1.1 401 Unauthorized
Server: nginx/1.18.0 (Ubuntu)
Date: Mon, 18 Aug 2025 14:02:24 GMT
Content-Type: application/json; charset=utf-8
Content-Length: 61
Connection: keep-alive
X-Powered-By: Express
Access-Control-Allow-Origin: *
ETag: W/"3d-ad9nrqlzQBuoZ0AId1U3rIgKU84"

{
    "success": false,
    "message": "email or password are incorrect"
}
HTTP/1.1 401 Unauthorized
Server: nginx/1.18.0 (Ubuntu)
Date: Mon, 18 Aug 2025 14:02:24 GMT
Content-Type: application/json; charset=utf-8
Content-Length: 61
Connection: keep-alive
X-Powered-By: Express
Access-Control-Allow-Origin: *
ETag: W/"3d-ad9nrqlzQBuoZ0AId1U3rIgKU84"

{
    "success": false,
    "message": "email or password are incorrect"
}
HTTP/1.1 401 Unauthorized
Server: nginx/1.18.0 (Ubuntu)
Date: Mon, 18 Aug 2025 14:02:24 GMT
Content-Type: application/json; charset=utf-8
Content-Length: 61
Connection: keep-alive
X-Powered-By: Express
Access-Control-Allow-Origin: *
ETag: W/"3d-ad9nrqlzQBuoZ0AId1U3rIgKU84"

{
    "success": false,
    "message": "email or password are incorrect"
}
HTTP/1.1 401 Unauthorized
Server: nginx/1.18.0 (Ubuntu)
Date: Mon, 18 Aug 2025 14:02:24 GMT
Content-Type: application/json; charset=utf-8
Content-Length: 61
Connection: keep-alive
X-Powered-By: Express
Access-Control-Allow-Origin: *
ETag: W/"3d-ad9nrqlzQBuoZ0AId1U3rIgKU84"

{
    "success": false,
    "message": "email or password are incorrect"
}
HTTP/1.1 401 Unauthorized
Server: nginx/1.18.0 (Ubuntu)
Date: Mon, 18 Aug 2025 14:02:24 GMT
Content-Type: application/json; charset=utf-8
Content-Length: 61
Connection: keep-alive
X-Powered-By: Express
Access-Control-Allow-Origin: *
ETag: W/"3d-ad9nrqlzQBuoZ0AId1U3rIgKU84"

{
    "success": false,
    "message": "email or password are incorrect"
}
Request method:	POST
Request URI:	https://stellarburgers.nomoreparties.site/api/auth/login
Proxy:			<none>
Request params:	<none>
Query params:	<none>
Form params:	<none>
Path params:	<none>
Headers:		Accept=*/*
				Content-Type=application/json
Cookies:		<none>
Multiparts:		<none>
Body:
{
    "email": "jeri.russel@example.com",
    "password": "46v7092t6yo5d248",
    "name": "jerome.gutmann"
}
Request method:	POST
Request URI:	https://stellarburgers.nomoreparties.site/api/auth/login
Proxy:			<none>
Request params:	<none>
Query params:	<none>
Form params:	<none>
Path params:	<none>
Headers:		Accept=*/*
				Content-Type=application/json
Cookies:		<none>
Multiparts:		<none>
Body:
{
    "email": "jeri.russel@example.com",
    "password": "46v7092t6yo5d248",
    "name": "jerome.gutmann"
}
Request method:	POST
Request URI:	https://stellarburgers.nomoreparties.site/api/auth/login
Proxy:			<none>
Request params:	<none>
Query params:	<none>
Form params:	<none>
Path params:	<none>
Headers:		Accept=*/*
				Content-Type=application/json
Cookies:		<none>
Multiparts:		<none>
Body:
{
    "email": "jeri.russel@example.com",
    "password": "46v7092t6yo5d248",
    "name": "jerome.gutmann"
}
Request method:	POST
Request URI:	https://stellarburgers.nomoreparties.site/api/auth/login
Proxy:			<none>
Request params:	<none>
Query params:	<none>
Form params:	<none>
Path params:	<none>
Headers:		Accept=*/*
				Content-Type=application/json
Cookies:		<none>
Multiparts:		<none>
Body:
{
    "email": "jeri.russel@example.com",
    "password": "46v7092t6yo5d248",
    "name": "jerome.gutmann"
}
Request method:	POST
Request URI:	https://stellarburgers.nomoreparties.site/api/auth/login
Proxy:			<none>
Request params:	<none>
Query params:	<none>
Form params:	<none>
Path params:	<none>
Headers:		Accept=*/*
				Content-Type=application/json
Cookies:		<none>
Multiparts:		<none>
Body:
{
    "email": "jeri.russel@example.com",
    "password": "46v7092t6yo5d248",
    "name": "jerome.gutmann"
}
Request method:	POST
Request URI:	https://stellarburgers.nomoreparties.site/api/auth/login
Proxy:			<none>
Request params:	<none>
Query params:	<none>
Form params:	<none>
Path params:	<none>
Headers:		Accept=*/*
				Content-Type=application/json
Cookies:		<none>
Multiparts:		<none>
Body:
{
    "email": "jeri.russel@example.com",
    "password": "46v7092t6yo5d248",
    "name": "jerome.gutmann"
}
Request method:	POST
Request URI:	https://stellarburgers.nomoreparties.site/api/auth/login
Proxy:			<none>
Request params:	<none>
Query params:	<none>
Form params:	<none>
Path params:	<none>
Headers:		Accept=*/*
				Content-Type=application/json
Cookies:		<none>
Multiparts:		<none>
Body:
{
    "email": "jeri.russel@example.com",
    "password": "46v7092t6yo5d248",
    "name": "jerome.gutmann"
}
Request method:	POST
Request URI:	https://stellarburgers.nomoreparties.site/api/auth/login
Proxy:			<none>
Request params:	<none>
Query params:	<none>
Form params:	<none>
Path params:	<none>
Headers:		Accept=*/*
				Content-Type=application/json
Cookies:		<none>
Multiparts:		<none>
Body:
{
    "email": "jeri.russel@example.com",
    "password": "46v7092t6yo5d248",
    "name": "jerome.gutmann"
}
Request method:	POST
Request URI:	https://stellarburgers.nomoreparties.site/api/auth/login
Proxy:			<none>
Request params:	<none>
Query params:	<none>
Form params:	<none>
Path params:	<none>
Headers:		Accept=*/*
				Content-Type=application/json
Cookies:		<none>
Multiparts:		<none>
Body:
{
    "email": "jeri.russel@example.com",
    "password": "46v7092t6yo5d248",
    "name": "jerome.gutmann"
}
Request method:	POST
Request URI:	https://stellarburgers.nomoreparties.site/api/auth/login
Proxy:			<none>
Request params:	<none>
Query params:	<none>
Form params:	<none>
Path params:	<none>
Headers:		Accept=*/*
				Content-Type=application/json
Cookies:		<none>
Multiparts:		<none>
Body:
{
    "email": "jeri.russel@example.com",
    "password": "46v7092t6yo5d248",
    "name": "jerome.gutmann"
}
Request method:	POST
Request URI:	https://stellarburgers.nomoreparties.site/api/auth/login
Proxy:			<none>
Request params:	<none>
Query params:	<none>
Form params:	<none>
Path params:	<none>
Headers:		Accept=*/*
				Content-Type=application/json
Cookies:		<none>
Multiparts:		<none>
Body:
{
    "email": "jeri.russel@example.com",
    "password": "46v7092t6yo5d248",
    "name": "jerome.gutmann"
}
HTTP/1.1 200 OK
Server: nginx/1.18.0 (Ubuntu)
Date: Mon, 18 Aug 2025 14:02:24 GMT
Content-Type: application/json; charset=utf-8
Content-Length: 376
Connection: keep-alive
X-Powered-By: Express
Access-Control-Allow-Origin: *
ETag: W/"178-cn7oxxESTHtvQSUguUaW+zFDKYY"

{
    "success": true,
    "accessToken": "Bearer eyJhbGciOiJIUzI1NiIsInR5cCI6IkpXVCJ9.eyJpZCI6IjY4YTMzMjZmOWVkMjgwMDAxYjY4MDhkZiIsImlhdCI6MTc1NTUyNTc0NCwiZXhwIjoxNzU1NTI2OTQ0fQ.lkCwDMoxdEc-10ex0AimG6GCI4nOb7J2WuL9bFq0yOo",
    "refreshToken": "f5efb358dcc4457470b9d90f476662ea551fd8fc8e4a8764096f17e12f484e0b5a1131accdd11e66",
    "user": {
        "email": "jeri.russel@example.com",
        "name": "jerome.gutmann"
    }
}
HTTP/1.1 200 OK
Server: nginx/1.18.0 (Ubuntu)
Date: Mon, 18 Aug 2025 14:02:24 GMT
Content-Type: application/json; charset=utf-8
Content-Length: 376
Connection: keep-alive
X-Powered-By: Express
Access-Control-Allow-Origin: *
ETag: W/"178-cn7oxxESTHtvQSUguUaW+zFDKYY"

{
    "success": true,
    "accessToken": "Bearer eyJhbGciOiJIUzI1NiIsInR5cCI6IkpXVCJ9.eyJpZCI6IjY4YTMzMjZmOWVkMjgwMDAxYjY4MDhkZiIsImlhdCI6MTc1NTUyNTc0NCwiZXhwIjoxNzU1NTI2OTQ0fQ.lkCwDMoxdEc-10ex0AimG6GCI4nOb7J2WuL9bFq0yOo",
    "refreshToken": "f5efb358dcc4457470b9d90f476662ea551fd8fc8e4a8764096f17e12f484e0b5a1131accdd11e66",
    "user": {
        "email": "jeri.russel@example.com",
        "name": "jerome.gutmann"
    }
}
HTTP/1.1 200 OK
Server: nginx/1.18.0 (Ubuntu)
Date: Mon, 18 Aug 2025 14:02:24 GMT
Content-Type: application/json; charset=utf-8
Content-Length: 376
Connection: keep-alive
X-Powered-By: Express
Access-Control-Allow-Origin: *
ETag: W/"178-cn7oxxESTHtvQSUguUaW+zFDKYY"

{
    "success": true,
    "accessToken": "Bearer eyJhbGciOiJIUzI1NiIsInR5cCI6IkpXVCJ9.eyJpZCI6IjY4YTMzMjZmOWVkMjgwMDAxYjY4MDhkZiIsImlhdCI6MTc1NTUyNTc0NCwiZXhwIjoxNzU1NTI2OTQ0fQ.lkCwDMoxdEc-10ex0AimG6GCI4nOb7J2WuL9bFq0yOo",
    "refreshToken": "f5efb358dcc4457470b9d90f476662ea551fd8fc8e4a8764096f17e12f484e0b5a1131accdd11e66",
    "user": {
        "email": "jeri.russel@example.com",
        "name": "jerome.gutmann"
    }
}
HTTP/1.1 200 OK
Server: nginx/1.18.0 (Ubuntu)
Date: Mon, 18 Aug 2025 14:02:24 GMT
Content-Type: application/json; charset=utf-8
Content-Length: 376
Connection: keep-alive
X-Powered-By: Express
Access-Control-Allow-Origin: *
ETag: W/"178-cn7oxxESTHtvQSUguUaW+zFDKYY"

{
    "success": true,
    "accessToken": "Bearer eyJhbGciOiJIUzI1NiIsInR5cCI6IkpXVCJ9.eyJpZCI6IjY4YTMzMjZmOWVkMjgwMDAxYjY4MDhkZiIsImlhdCI6MTc1NTUyNTc0NCwiZXhwIjoxNzU1NTI2OTQ0fQ.lkCwDMoxdEc-10ex0AimG6GCI4nOb7J2WuL9bFq0yOo",
    "refreshToken": "f5efb358dcc4457470b9d90f476662ea551fd8fc8e4a8764096f17e12f484e0b5a1131accdd11e66",
    "user": {
        "email": "jeri.russel@example.com",
        "name": "jerome.gutmann"
    }
}
HTTP/1.1 200 OK
Server: nginx/1.18.0 (Ubuntu)
Date: Mon, 18 Aug 2025 14:02:24 GMT
Content-Type: application/json; charset=utf-8
Content-Length: 376
Connection: keep-alive
X-Powered-By: Express
Access-Control-Allow-Origin: *
ETag: W/"178-cn7oxxESTHtvQSUguUaW+zFDKYY"

{
    "success": true,
    "accessToken": "Bearer eyJhbGciOiJIUzI1NiIsInR5cCI6IkpXVCJ9.eyJpZCI6IjY4YTMzMjZmOWVkMjgwMDAxYjY4MDhkZiIsImlhdCI6MTc1NTUyNTc0NCwiZXhwIjoxNzU1NTI2OTQ0fQ.lkCwDMoxdEc-10ex0AimG6GCI4nOb7J2WuL9bFq0yOo",
    "refreshToken": "f5efb358dcc4457470b9d90f476662ea551fd8fc8e4a8764096f17e12f484e0b5a1131accdd11e66",
    "user": {
        "email": "jeri.russel@example.com",
        "name": "jerome.gutmann"
    }
}
HTTP/1.1 200 OK
Server: nginx/1.18.0 (Ubuntu)
Date: Mon, 18 Aug 2025 14:02:24 GMT
Content-Type: application/json; charset=utf-8
Content-Length: 376
Connection: keep-alive
X-Powered-By: Express
Access-Control-Allow-Origin: *
ETag: W/"178-cn7oxxESTHtvQSUguUaW+zFDKYY"

{
    "success": true,
    "accessToken": "Bearer eyJhbGciOiJIUzI1NiIsInR5cCI6IkpXVCJ9.eyJpZCI6IjY4YTMzMjZmOWVkMjgwMDAxYjY4MDhkZiIsImlhdCI6MTc1NTUyNTc0NCwiZXhwIjoxNzU1NTI2OTQ0fQ.lkCwDMoxdEc-10ex0AimG6GCI4nOb7J2WuL9bFq0yOo",
    "refreshToken": "f5efb358dcc4457470b9d90f476662ea551fd8fc8e4a8764096f17e12f484e0b5a1131accdd11e66",
    "user": {
        "email": "jeri.russel@example.com",
        "name": "jerome.gutmann"
    }
}
HTTP/1.1 200 OK
Server: nginx/1.18.0 (Ubuntu)
Date: Mon, 18 Aug 2025 14:02:24 GMT
Content-Type: application/json; charset=utf-8
Content-Length: 376
Connection: keep-alive
X-Powered-By: Express
Access-Control-Allow-Origin: *
ETag: W/"178-cn7oxxESTHtvQSUguUaW+zFDKYY"

{
    "success": true,
    "accessToken": "Bearer eyJhbGciOiJIUzI1NiIsInR5cCI6IkpXVCJ9.eyJpZCI6IjY4YTMzMjZmOWVkMjgwMDAxYjY4MDhkZiIsImlhdCI6MTc1NTUyNTc0NCwiZXhwIjoxNzU1NTI2OTQ0fQ.lkCwDMoxdEc-10ex0AimG6GCI4nOb7J2WuL9bFq0yOo",
    "refreshToken": "f5efb358dcc4457470b9d90f476662ea551fd8fc8e4a8764096f17e12f484e0b5a1131accdd11e66",
    "user": {
        "email": "jeri.russel@example.com",
        "name": "jerome.gutmann"
    }
}
HTTP/1.1 200 OK
Server: nginx/1.18.0 (Ubuntu)
Date: Mon, 18 Aug 2025 14:02:24 GMT
Content-Type: application/json; charset=utf-8
Content-Length: 376
Connection: keep-alive
X-Powered-By: Express
Access-Control-Allow-Origin: *
ETag: W/"178-cn7oxxESTHtvQSUguUaW+zFDKYY"

{
    "success": true,
    "accessToken": "Bearer eyJhbGciOiJIUzI1NiIsInR5cCI6IkpXVCJ9.eyJpZCI6IjY4YTMzMjZmOWVkMjgwMDAxYjY4MDhkZiIsImlhdCI6MTc1NTUyNTc0NCwiZXhwIjoxNzU1NTI2OTQ0fQ.lkCwDMoxdEc-10ex0AimG6GCI4nOb7J2WuL9bFq0yOo",
    "refreshToken": "f5efb358dcc4457470b9d90f476662ea551fd8fc8e4a8764096f17e12f484e0b5a1131accdd11e66",
    "user": {
        "email": "jeri.russel@example.com",
        "name": "jerome.gutmann"
    }
}
HTTP/1.1 200 OK
Server: nginx/1.18.0 (Ubuntu)
Date: Mon, 18 Aug 2025 14:02:24 GMT
Content-Type: application/json; charset=utf-8
Content-Length: 376
Connection: keep-alive
X-Powered-By: Express
Access-Control-Allow-Origin: *
ETag: W/"178-cn7oxxESTHtvQSUguUaW+zFDKYY"

{
    "success": true,
    "accessToken": "Bearer eyJhbGciOiJIUzI1NiIsInR5cCI6IkpXVCJ9.eyJpZCI6IjY4YTMzMjZmOWVkMjgwMDAxYjY4MDhkZiIsImlhdCI6MTc1NTUyNTc0NCwiZXhwIjoxNzU1NTI2OTQ0fQ.lkCwDMoxdEc-10ex0AimG6GCI4nOb7J2WuL9bFq0yOo",
    "refreshToken": "f5efb358dcc4457470b9d90f476662ea551fd8fc8e4a8764096f17e12f484e0b5a1131accdd11e66",
    "user": {
        "email": "jeri.russel@example.com",
        "name": "jerome.gutmann"
    }
}
HTTP/1.1 200 OK
Server: nginx/1.18.0 (Ubuntu)
Date: Mon, 18 Aug 2025 14:02:24 GMT
Content-Type: application/json; charset=utf-8
Content-Length: 376
Connection: keep-alive
X-Powered-By: Express
Access-Control-Allow-Origin: *
ETag: W/"178-cn7oxxESTHtvQSUguUaW+zFDKYY"

{
    "success": true,
    "accessToken": "Bearer eyJhbGciOiJIUzI1NiIsInR5cCI6IkpXVCJ9.eyJpZCI6IjY4YTMzMjZmOWVkMjgwMDAxYjY4MDhkZiIsImlhdCI6MTc1NTUyNTc0NCwiZXhwIjoxNzU1NTI2OTQ0fQ.lkCwDMoxdEc-10ex0AimG6GCI4nOb7J2WuL9bFq0yOo",
    "refreshToken": "f5efb358dcc4457470b9d90f476662ea551fd8fc8e4a8764096f17e12f484e0b5a1131accdd11e66",
    "user": {
        "email": "jeri.russel@example.com",
        "name": "jerome.gutmann"
    }
}
HTTP/1.1 200 OK
Server: nginx/1.18.0 (Ubuntu)
Date: Mon, 18 Aug 2025 14:02:24 GMT
Content-Type: application/json; charset=utf-8
Content-Length: 376
Connection: keep-alive
X-Powered-By: Express
Access-Control-Allow-Origin: *
ETag: W/"178-cn7oxxESTHtvQSUguUaW+zFDKYY"

{
    "success": true,
    "accessToken": "Bearer eyJhbGciOiJIUzI1NiIsInR5cCI6IkpXVCJ9.eyJpZCI6IjY4YTMzMjZmOWVkMjgwMDAxYjY4MDhkZiIsImlhdCI6MTc1NTUyNTc0NCwiZXhwIjoxNzU1NTI2OTQ0fQ.lkCwDMoxdEc-10ex0AimG6GCI4nOb7J2WuL9bFq0yOo",
    "refreshToken": "f5efb358dcc4457470b9d90f476662ea551fd8fc8e4a8764096f17e12f484e0b5a1131accdd11e66",
    "user": {
        "email": "jeri.russel@example.com",
        "name": "jerome.gutmann"
    }
}
Request method:	DELETE
Request URI:	https://stellarburgers.nomoreparties.site/api/auth/user
Proxy:			<none>
Request params:	<none>
Query params:	<none>
Form params:	<none>
Path params:	<none>
Headers:		Authorization=Bearer eyJhbGciOiJIUzI1NiIsInR5cCI6IkpXVCJ9.eyJpZCI6IjY4YTMzMjZmOWVkMjgwMDAxYjY4MDhkZiIsImlhdCI6MTc1NTUyNTc0NCwiZXhwIjoxNzU1NTI2OTQ0fQ.lkCwDMoxdEc-10ex0AimG6GCI4nOb7J2WuL9bFq0yOo
				Accept=*/*
				Content-Type=application/json
Cookies:		<none>
Multiparts:		<none>
Body:			<none>
Request method:	DELETE
Request URI:	https://stellarburgers.nomoreparties.site/api/auth/user
Proxy:			<none>
Request params:	<none>
Query params:	<none>
Form params:	<none>
Path params:	<none>
Headers:		Authorization=Bearer eyJhbGciOiJIUzI1NiIsInR5cCI6IkpXVCJ9.eyJpZCI6IjY4YTMzMjZmOWVkMjgwMDAxYjY4MDhkZiIsImlhdCI6MTc1NTUyNTc0NCwiZXhwIjoxNzU1NTI2OTQ0fQ.lkCwDMoxdEc-10ex0AimG6GCI4nOb7J2WuL9bFq0yOo
				Accept=*/*
				Content-Type=application/json
Cookies:		<none>
Multiparts:		<none>
Body:			<none>
Request method:	DELETE
Request URI:	https://stellarburgers.nomoreparties.site/api/auth/user
Proxy:			<none>
Request params:	<none>
Query params:	<none>
Form params:	<none>
Path params:	<none>
Headers:		Authorization=Bearer eyJhbGciOiJIUzI1NiIsInR5cCI6IkpXVCJ9.eyJpZCI6IjY4YTMzMjZmOWVkMjgwMDAxYjY4MDhkZiIsImlhdCI6MTc1NTUyNTc0NCwiZXhwIjoxNzU1NTI2OTQ0fQ.lkCwDMoxdEc-10ex0AimG6GCI4nOb7J2WuL9bFq0yOo
				Accept=*/*
				Content-Type=application/json
Cookies:		<none>
Multiparts:		<none>
Body:			<none>
Request method:	DELETE
Request URI:	https://stellarburgers.nomoreparties.site/api/auth/user
Proxy:			<none>
Request params:	<none>
Query params:	<none>
Form params:	<none>
Path params:	<none>
Headers:		Authorization=Bearer eyJhbGciOiJIUzI1NiIsInR5cCI6IkpXVCJ9.eyJpZCI6IjY4YTMzMjZmOWVkMjgwMDAxYjY4MDhkZiIsImlhdCI6MTc1NTUyNTc0NCwiZXhwIjoxNzU1NTI2OTQ0fQ.lkCwDMoxdEc-10ex0AimG6GCI4nOb7J2WuL9bFq0yOo
				Accept=*/*
				Content-Type=application/json
Cookies:		<none>
Multiparts:		<none>
Body:			<none>
Request method:	DELETE
Request URI:	https://stellarburgers.nomoreparties.site/api/auth/user
Proxy:			<none>
Request params:	<none>
Query params:	<none>
Form params:	<none>
Path params:	<none>
Headers:		Authorization=Bearer eyJhbGciOiJIUzI1NiIsInR5cCI6IkpXVCJ9.eyJpZCI6IjY4YTMzMjZmOWVkMjgwMDAxYjY4MDhkZiIsImlhdCI6MTc1NTUyNTc0NCwiZXhwIjoxNzU1NTI2OTQ0fQ.lkCwDMoxdEc-10ex0AimG6GCI4nOb7J2WuL9bFq0yOo
				Accept=*/*
				Content-Type=application/json
Cookies:		<none>
Multiparts:		<none>
Body:			<none>
Request method:	DELETE
Request URI:	https://stellarburgers.nomoreparties.site/api/auth/user
Proxy:			<none>
Request params:	<none>
Query params:	<none>
Form params:	<none>
Path params:	<none>
Headers:		Authorization=Bearer eyJhbGciOiJIUzI1NiIsInR5cCI6IkpXVCJ9.eyJpZCI6IjY4YTMzMjZmOWVkMjgwMDAxYjY4MDhkZiIsImlhdCI6MTc1NTUyNTc0NCwiZXhwIjoxNzU1NTI2OTQ0fQ.lkCwDMoxdEc-10ex0AimG6GCI4nOb7J2WuL9bFq0yOo
				Accept=*/*
				Content-Type=application/json
Cookies:		<none>
Multiparts:		<none>
Body:			<none>
Request method:	DELETE
Request URI:	https://stellarburgers.nomoreparties.site/api/auth/user
Proxy:			<none>
Request params:	<none>
Query params:	<none>
Form params:	<none>
Path params:	<none>
Headers:		Authorization=Bearer eyJhbGciOiJIUzI1NiIsInR5cCI6IkpXVCJ9.eyJpZCI6IjY4YTMzMjZmOWVkMjgwMDAxYjY4MDhkZiIsImlhdCI6MTc1NTUyNTc0NCwiZXhwIjoxNzU1NTI2OTQ0fQ.lkCwDMoxdEc-10ex0AimG6GCI4nOb7J2WuL9bFq0yOo
				Accept=*/*
				Content-Type=application/json
Cookies:		<none>
Multiparts:		<none>
Body:			<none>
Request method:	DELETE
Request URI:	https://stellarburgers.nomoreparties.site/api/auth/user
Proxy:			<none>
Request params:	<none>
Query params:	<none>
Form params:	<none>
Path params:	<none>
Headers:		Authorization=Bearer eyJhbGciOiJIUzI1NiIsInR5cCI6IkpXVCJ9.eyJpZCI6IjY4YTMzMjZmOWVkMjgwMDAxYjY4MDhkZiIsImlhdCI6MTc1NTUyNTc0NCwiZXhwIjoxNzU1NTI2OTQ0fQ.lkCwDMoxdEc-10ex0AimG6GCI4nOb7J2WuL9bFq0yOo
				Accept=*/*
				Content-Type=application/json
Cookies:		<none>
Multiparts:		<none>
Body:			<none>
Request method:	DELETE
Request URI:	https://stellarburgers.nomoreparties.site/api/auth/user
Proxy:			<none>
Request params:	<none>
Query params:	<none>
Form params:	<none>
Path params:	<none>
Headers:		Authorization=Bearer eyJhbGciOiJIUzI1NiIsInR5cCI6IkpXVCJ9.eyJpZCI6IjY4YTMzMjZmOWVkMjgwMDAxYjY4MDhkZiIsImlhdCI6MTc1NTUyNTc0NCwiZXhwIjoxNzU1NTI2OTQ0fQ.lkCwDMoxdEc-10ex0AimG6GCI4nOb7J2WuL9bFq0yOo
				Accept=*/*
				Content-Type=application/json
Cookies:		<none>
Multiparts:		<none>
Body:			<none>
Request method:	DELETE
Request URI:	https://stellarburgers.nomoreparties.site/api/auth/user
Proxy:			<none>
Request params:	<none>
Query params:	<none>
Form params:	<none>
Path params:	<none>
Headers:		Authorization=Bearer eyJhbGciOiJIUzI1NiIsInR5cCI6IkpXVCJ9.eyJpZCI6IjY4YTMzMjZmOWVkMjgwMDAxYjY4MDhkZiIsImlhdCI6MTc1NTUyNTc0NCwiZXhwIjoxNzU1NTI2OTQ0fQ.lkCwDMoxdEc-10ex0AimG6GCI4nOb7J2WuL9bFq0yOo
				Accept=*/*
				Content-Type=application/json
Cookies:		<none>
Multiparts:		<none>
Body:			<none>
Request method:	DELETE
Request URI:	https://stellarburgers.nomoreparties.site/api/auth/user
Proxy:			<none>
Request params:	<none>
Query params:	<none>
Form params:	<none>
Path params:	<none>
Headers:		Authorization=Bearer eyJhbGciOiJIUzI1NiIsInR5cCI6IkpXVCJ9.eyJpZCI6IjY4YTMzMjZmOWVkMjgwMDAxYjY4MDhkZiIsImlhdCI6MTc1NTUyNTc0NCwiZXhwIjoxNzU1NTI2OTQ0fQ.lkCwDMoxdEc-10ex0AimG6GCI4nOb7J2WuL9bFq0yOo
				Accept=*/*
				Content-Type=application/json
Cookies:		<none>
Multiparts:		<none>
Body:			<none>
HTTP/1.1 202 Accepted
Server: nginx/1.18.0 (Ubuntu)
Date: Mon, 18 Aug 2025 14:02:25 GMT
Content-Type: application/json; charset=utf-8
Content-Length: 54
Connection: keep-alive
X-Powered-By: Express
Access-Control-Allow-Origin: *
ETag: W/"36-hDmZnQ3Ou/ynnqAeC6TYmyseuzY"

{
    "success": true,
    "message": "User successfully removed"
}
HTTP/1.1 202 Accepted
Server: nginx/1.18.0 (Ubuntu)
Date: Mon, 18 Aug 2025 14:02:25 GMT
Content-Type: application/json; charset=utf-8
Content-Length: 54
Connection: keep-alive
X-Powered-By: Express
Access-Control-Allow-Origin: *
ETag: W/"36-hDmZnQ3Ou/ynnqAeC6TYmyseuzY"

{
    "success": true,
    "message": "User successfully removed"
}
HTTP/1.1 202 Accepted
Server: nginx/1.18.0 (Ubuntu)
Date: Mon, 18 Aug 2025 14:02:25 GMT
Content-Type: application/json; charset=utf-8
Content-Length: 54
Connection: keep-alive
X-Powered-By: Express
[...]
}
Request method:	POST
Request URI:	https://stellarburgers.nomoreparties.site/api/auth/login
Proxy:			<none>
Request params:	<none>
Query params:	<none>
Form params:	<none>
Path params:	<none>
Headers:		Accept=*/*
				Content-Type=application/json
Cookies:		<none>
Multiparts:		<none>
Body:
{
    "email": "charlie.smith@example.com",
    "password": "066v3ojy5",
    "name": "latarsha.jerde"
}
Request method:	POST
Request URI:	https://stellarburgers.nomoreparties.site/api/auth/login
Proxy:			<none>
Request params:	<none>
Query params:	<none>
Form params:	<none>
Path params:	<none>
Headers:		Accept=*/*
				Content-Type=application/json
Cookies:		<none>
Multiparts:		<none>
Body:
{
    "email": "charlie.smith@example.com",
    "password": "066v3ojy5",
    "name": "latarsha.jerde"
}
Request method:	POST
Request URI:	https://stellarburgers.nomoreparties.site/api/auth/login
Proxy:			<none>
Request params:	<none>
Query params:	<none>
Form params:	<none>
Path params:	<none>
Headers:		Accept=*/*
				Content-Type=application/json
Cookies:		<none>
Multiparts:		<none>
Body:
{
    "email": "charlie.smith@example.com",
    "password": "066v3ojy5",
    "name": "latarsha.jerde"
}
Request method:	POST
Request URI:	https://stellarburgers.nomoreparties.site/api/auth/login
Proxy:			<none>
Request params:	<none>
Query params:	<none>
Form params:	<none>
Path params:	<none>
Headers:		Accept=*/*
				Content-Type=application/json
Cookies:		<none>
Multiparts:		<none>
Body:
{
    "email": "charlie.smith@example.com",
    "password": "066v3ojy5",
    "name": "latarsha.jerde"
}
HTTP/1.1 200 OK
Server: nginx/1.18.0 (Ubuntu)
Date: Mon, 18 Aug 2025 14:02:26 GMT
Content-Type: application/json; charset=utf-8
Content-Length: 378
Connection: keep-alive
X-Powered-By: Express
Access-Control-Allow-Origin: *
ETag: W/"17a-9Zmlg2vwztZK+sUSU7wRUpyxVwQ"

{
    "success": true,
    "accessToken": "Bearer eyJhbGciOiJIUzI1NiIsInR5cCI6IkpXVCJ9.eyJpZCI6IjY4YTMzMjcxOWVkMjgwMDAxYjY4MDhlMiIsImlhdCI6MTc1NTUyNTc0NiwiZXhwIjoxNzU1NTI2OTQ2fQ.YJrrutcoiUxLcq2_J38c_3rCpJMPCuu_N5dMbbZO5W8",
    "refreshToken": "1523c7fcc8d3295c5c93fc675db20631a9b506ad8285397e0c05a961834bac81439bc308bad529ee",
    "user": {
        "email": "charlie.smith@example.com",
        "name": "latarsha.jerde"
    }
}
HTTP/1.1 200 OK
Server: nginx/1.18.0 (Ubuntu)
Date: Mon, 18 Aug 2025 14:02:26 GMT
Content-Type: application/json; charset=utf-8
Content-Length: 378
Connection: keep-alive
X-Powered-By: Express
Access-Control-Allow-Origin: *
ETag: W/"17a-9Zmlg2vwztZK+sUSU7wRUpyxVwQ"

{
    "success": true,
    "accessToken": "Bearer eyJhbGciOiJIUzI1NiIsInR5cCI6IkpXVCJ9.eyJpZCI6IjY4YTMzMjcxOWVkMjgwMDAxYjY4MDhlMiIsImlhdCI6MTc1NTUyNTc0NiwiZXhwIjoxNzU1NTI2OTQ2fQ.YJrrutcoiUxLcq2_J38c_3rCpJMPCuu_N5dMbbZO5W8",
    "refreshToken": "1523c7fcc8d3295c5c93fc675db20631a9b506ad8285397e0c05a961834bac81439bc308bad529ee",
    "user": {
        "email": "charlie.smith@example.com",
        "name": "latarsha.jerde"
    }
}
HTTP/1.1 200 OK
Server: nginx/1.18.0 (Ubuntu)
Date: Mon, 18 Aug 2025 14:02:26 GMT
Content-Type: application/json; charset=utf-8
Content-Length: 378
Connection: keep-alive
X-Powered-By: Express
Access-Control-Allow-Origin: *
ETag: W/"17a-9Zmlg2vwztZK+sUSU7wRUpyxVwQ"

{
    "success": true,
    "accessToken": "Bearer eyJhbGciOiJIUzI1NiIsInR5cCI6IkpXVCJ9.eyJpZCI6IjY4YTMzMjcxOWVkMjgwMDAxYjY4MDhlMiIsImlhdCI6MTc1NTUyNTc0NiwiZXhwIjoxNzU1NTI2OTQ2fQ.YJrrutcoiUxLcq2_J38c_3rCpJMPCuu_N5dMbbZO5W8",
    "refreshToken": "1523c7fcc8d3295c5c93fc675db20631a9b506ad8285397e0c05a961834bac81439bc308bad529ee",
    "user": {
        "email": "charlie.smith@example.com",
        "name": "latarsha.jerde"
    }
}
HTTP/1.1 200 OK
Server: nginx/1.18.0 (Ubuntu)
Date: Mon, 18 Aug 2025 14:02:26 GMT
Content-Type: application/json; charset=utf-8
Content-Length: 378
Connection: keep-alive
X-Powered-By: Express
Access-Control-Allow-Origin: *
ETag: W/"17a-9Zmlg2vwztZK+sUSU7wRUpyxVwQ"

{
    "success": true,
    "accessToken": "Bearer eyJhbGciOiJIUzI1NiIsInR5cCI6IkpXVCJ9.eyJpZCI6IjY4YTMzMjcxOWVkMjgwMDAxYjY4MDhlMiIsImlhdCI6MTc1NTUyNTc0NiwiZXhwIjoxNzU1NTI2OTQ2fQ.YJrrutcoiUxLcq2_J38c_3rCpJMPCuu_N5dMbbZO5W8",
    "refreshToken": "1523c7fcc8d3295c5c93fc675db20631a9b506ad8285397e0c05a961834bac81439bc308bad529ee",
    "user": {
        "email": "charlie.smith@example.com",
        "name": "latarsha.jerde"
    }
}
HTTP/1.1 200 OK
Server: nginx/1.18.0 (Ubuntu)
Date: Mon, 18 Aug 2025 14:02:26 GMT
Content-Type: application/json; charset=utf-8
Content-Length: 378
Connection: keep-alive
X-Powered-By: Express
Access-Control-Allow-Origin: *
ETag: W/"17a-9Zmlg2vwztZK+sUSU7wRUpyxVwQ"

{
    "success": true,
    "accessToken": "Bearer eyJhbGciOiJIUzI1NiIsInR5cCI6IkpXVCJ9.eyJpZCI6IjY4YTMzMjcxOWVkMjgwMDAxYjY4MDhlMiIsImlhdCI6MTc1NTUyNTc0NiwiZXhwIjoxNzU1NTI2OTQ2fQ.YJrrutcoiUxLcq2_J38c_3rCpJMPCuu_N5dMbbZO5W8",
    "refreshToken": "1523c7fcc8d3295c5c93fc675db20631a9b506ad8285397e0c05a961834bac81439bc308bad529ee",
    "user": {
        "email": "charlie.smith@example.com",
        "name": "latarsha.jerde"
    }
}
HTTP/1.1 200 OK
Server: nginx/1.18.0 (Ubuntu)
Date: Mon, 18 Aug 2025 14:02:26 GMT
Content-Type: application/json; charset=utf-8
Content-Length: 378
Connection: keep-alive
X-Powered-By: Express
Access-Control-Allow-Origin: *
ETag: W/"17a-9Zmlg2vwztZK+sUSU7wRUpyxVwQ"

{
    "success": true,
    "accessToken": "Bearer eyJhbGciOiJIUzI1NiIsInR5cCI6IkpXVCJ9.eyJpZCI6IjY4YTMzMjcxOWVkMjgwMDAxYjY4MDhlMiIsImlhdCI6MTc1NTUyNTc0NiwiZXhwIjoxNzU1NTI2OTQ2fQ.YJrrutcoiUxLcq2_J38c_3rCpJMPCuu_N5dMbbZO5W8",
    "refreshToken": "1523c7fcc8d3295c5c93fc675db20631a9b506ad8285397e0c05a961834bac81439bc308bad529ee",
    "user": {
        "email": "charlie.smith@example.com",
        "name": "latarsha.jerde"
    }
}
HTTP/1.1 200 OK
Server: nginx/1.18.0 (Ubuntu)
Date: Mon, 18 Aug 2025 14:02:26 GMT
Content-Type: application/json; charset=utf-8
Content-Length: 378
Connection: keep-alive
X-Powered-By: Express
Access-Control-Allow-Origin: *
ETag: W/"17a-9Zmlg2vwztZK+sUSU7wRUpyxVwQ"

{
    "success": true,
    "accessToken": "Bearer eyJhbGciOiJIUzI1NiIsInR5cCI6IkpXVCJ9.eyJpZCI6IjY4YTMzMjcxOWVkMjgwMDAxYjY4MDhlMiIsImlhdCI6MTc1NTUyNTc0NiwiZXhwIjoxNzU1NTI2OTQ2fQ.YJrrutcoiUxLcq2_J38c_3rCpJMPCuu_N5dMbbZO5W8",
    "refreshToken": "1523c7fcc8d3295c5c93fc675db20631a9b506ad8285397e0c05a961834bac81439bc308bad529ee",
    "user": {
        "email": "charlie.smith@example.com",
        "name": "latarsha.jerde"
    }
}
HTTP/1.1 200 OK
Server: nginx/1.18.0 (Ubuntu)
Date: Mon, 18 Aug 2025 14:02:26 GMT
Content-Type: application/json; charset=utf-8
Content-Length: 378
Connection: keep-alive
X-Powered-By: Express
Access-Control-Allow-Origin: *
ETag: W/"17a-9Zmlg2vwztZK+sUSU7wRUpyxVwQ"

{
    "success": true,
    "accessToken": "Bearer eyJhbGciOiJIUzI1NiIsInR5cCI6IkpXVCJ9.eyJpZCI6IjY4YTMzMjcxOWVkMjgwMDAxYjY4MDhlMiIsImlhdCI6MTc1NTUyNTc0NiwiZXhwIjoxNzU1NTI2OTQ2fQ.YJrrutcoiUxLcq2_J38c_3rCpJMPCuu_N5dMbbZO5W8",
    "refreshToken": "1523c7fcc8d3295c5c93fc675db20631a9b506ad8285397e0c05a961834bac81439bc308bad529ee",
    "user": {
        "email": "charlie.smith@example.com",
        "name": "latarsha.jerde"
    }
}
HTTP/1.1 200 OK
Server: nginx/1.18.0 (Ubuntu)
Date: Mon, 18 Aug 2025 14:02:26 GMT
Content-Type: application/json; charset=utf-8
Content-Length: 378
Connection: keep-alive
X-Powered-By: Express
Access-Control-Allow-Origin: *
ETag: W/"17a-9Zmlg2vwztZK+sUSU7wRUpyxVwQ"

{
    "success": true,
    "accessToken": "Bearer eyJhbGciOiJIUzI1NiIsInR5cCI6IkpXVCJ9.eyJpZCI6IjY4YTMzMjcxOWVkMjgwMDAxYjY4MDhlMiIsImlhdCI6MTc1NTUyNTc0NiwiZXhwIjoxNzU1NTI2OTQ2fQ.YJrrutcoiUxLcq2_J38c_3rCpJMPCuu_N5dMbbZO5W8",
    "refreshToken": "1523c7fcc8d3295c5c93fc675db20631a9b506ad8285397e0c05a961834bac81439bc308bad529ee",
    "user": {
        "email": "charlie.smith@example.com",
        "name": "latarsha.jerde"
    }
}
HTTP/1.1 200 OK
Server: nginx/1.18.0 (Ubuntu)
Date: Mon, 18 Aug 2025 14:02:26 GMT
Content-Type: application/json; charset=utf-8
Content-Length: 378
Connection: keep-alive
X-Powered-By: Express
Access-Control-Allow-Origin: *
ETag: W/"17a-9Zmlg2vwztZK+sUSU7wRUpyxVwQ"

{
    "success": true,
    "accessToken": "Bearer eyJhbGciOiJIUzI1NiIsInR5cCI6IkpXVCJ9.eyJpZCI6IjY4YTMzMjcxOWVkMjgwMDAxYjY4MDhlMiIsImlhdCI6MTc1NTUyNTc0NiwiZXhwIjoxNzU1NTI2OTQ2fQ.YJrrutcoiUxLcq2_J38c_3rCpJMPCuu_N5dMbbZO5W8",
    "refreshToken": "1523c7fcc8d3295c5c93fc675db20631a9b506ad8285397e0c05a961834bac81439bc308bad529ee",
    "user": {
        "email": "charlie.smith@example.com",
        "name": "latarsha.jerde"
    }
}
HTTP/1.1 200 OK
Server: nginx/1.18.0 (Ubuntu)
Date: Mon, 18 Aug 2025 14:02:26 GMT
Content-Type: application/json; charset=utf-8
Content-Length: 378
Connection: keep-alive
X-Powered-By: Express
Access-Control-Allow-Origin: *
ETag: W/"17a-9Zmlg2vwztZK+sUSU7wRUpyxVwQ"

{
    "success": true,
    "accessToken": "Bearer eyJhbGciOiJIUzI1NiIsInR5cCI6IkpXVCJ9.eyJpZCI6IjY4YTMzMjcxOWVkMjgwMDAxYjY4MDhlMiIsImlhdCI6MTc1NTUyNTc0NiwiZXhwIjoxNzU1NTI2OTQ2fQ.YJrrutcoiUxLcq2_J38c_3rCpJMPCuu_N5dMbbZO5W8",
    "refreshToken": "1523c7fcc8d3295c5c93fc675db20631a9b506ad8285397e0c05a961834bac81439bc308bad529ee",
    "user": {
        "email": "charlie.smith@example.com",
        "name": "latarsha.jerde"
    }
}
HTTP/1.1 200 OK
Server: nginx/1.18.0 (Ubuntu)
Date: Mon, 18 Aug 2025 14:02:26 GMT
Content-Type: application/json; charset=utf-8
Content-Length: 378
Connection: keep-alive
X-Powered-By: Express
Access-Control-Allow-Origin: *
ETag: W/"17a-9Zmlg2vwztZK+sUSU7wRUpyxVwQ"

{
    "success": true,
    "accessToken": "Bearer eyJhbGciOiJIUzI1NiIsInR5cCI6IkpXVCJ9.eyJpZCI6IjY4YTMzMjcxOWVkMjgwMDAxYjY4MDhlMiIsImlhdCI6MTc1NTUyNTc0NiwiZXhwIjoxNzU1NTI2OTQ2fQ.YJrrutcoiUxLcq2_J38c_3rCpJMPCuu_N5dMbbZO5W8",
    "refreshToken": "1523c7fcc8d3295c5c93fc675db20631a9b506ad8285397e0c05a961834bac81439bc308bad529ee",
    "user": {
        "email": "charlie.smith@example.com",
        "name": "latarsha.jerde"
    }
}
Request method:	DELETE
Request URI:	https://stellarburgers.nomoreparties.site/api/auth/user
Proxy:			<none>
Request params:	<none>
Query params:	<none>
Form params:	<none>
Path params:	<none>
Headers:		Authorization=Bearer eyJhbGciOiJIUzI1NiIsInR5cCI6IkpXVCJ9.eyJpZCI6IjY4YTMzMjcxOWVkMjgwMDAxYjY4MDhlMiIsImlhdCI6MTc1NTUyNTc0NiwiZXhwIjoxNzU1NTI2OTQ2fQ.YJrrutcoiUxLcq2_J38c_3rCpJMPCuu_N5dMbbZO5W8
				Accept=*/*
				Content-Type=application/json
Cookies:		<none>
Multiparts:		<none>
Body:			<none>
Request method:	DELETE
Request URI:	https://stellarburgers.nomoreparties.site/api/auth/user
Proxy:			<none>
Request params:	<none>
Query params:	<none>
Form params:	<none>
Path params:	<none>
Headers:		Authorization=Bearer eyJhbGciOiJIUzI1NiIsInR5cCI6IkpXVCJ9.eyJpZCI6IjY4YTMzMjcxOWVkMjgwMDAxYjY4MDhlMiIsImlhdCI6MTc1NTUyNTc0NiwiZXhwIjoxNzU1NTI2OTQ2fQ.YJrrutcoiUxLcq2_J38c_3rCpJMPCuu_N5dMbbZO5W8
				Accept=*/*
				Content-Type=application/json
Cookies:		<none>
Multiparts:		<none>
Body:			<none>
Request method:	DELETE
Request URI:	https://stellarburgers.nomoreparties.site/api/auth/user
Proxy:			<none>
Request params:	<none>
Query params:	<none>
Form params:	<none>
Path params:	<none>
Headers:		Authorization=Bearer eyJhbGciOiJIUzI1NiIsInR5cCI6IkpXVCJ9.eyJpZCI6IjY4YTMzMjcxOWVkMjgwMDAxYjY4MDhlMiIsImlhdCI6MTc1NTUyNTc0NiwiZXhwIjoxNzU1NTI2OTQ2fQ.YJrrutcoiUxLcq2_J38c_3rCpJMPCuu_N5dMbbZO5W8
				Accept=*/*
				Content-Type=application/json
Cookies:		<none>
Multiparts:		<none>
Body:			<none>
Request method:	DELETE
Request URI:	https://stellarburgers.nomoreparties.site/api/auth/user
Proxy:			<none>
Request params:	<none>
Query params:	<none>
Form params:	<none>
Path params:	<none>
Headers:		Authorization=Bearer eyJhbGciOiJIUzI1NiIsInR5cCI6IkpXVCJ9.eyJpZCI6IjY4YTMzMjcxOWVkMjgwMDAxYjY4MDhlMiIsImlhdCI6MTc1NTUyNTc0NiwiZXhwIjoxNzU1NTI2OTQ2fQ.YJrrutcoiUxLcq2_J38c_3rCpJMPCuu_N5dMbbZO5W8
				Accept=*/*
				Content-Type=application/json
Cookies:		<none>
Multiparts:		<none>
Body:			<none>
Request method:	DELETE
Request URI:	https://stellarburgers.nomoreparties.site/api/auth/user
Proxy:			<none>
Request params:	<none>
Query params:	<none>
Form params:	<none>
Path params:	<none>
Headers:		Authorization=Bearer eyJhbGciOiJIUzI1NiIsInR5cCI6IkpXVCJ9.eyJpZCI6IjY4YTMzMjcxOWVkMjgwMDAxYjY4MDhlMiIsImlhdCI6MTc1NTUyNTc0NiwiZXhwIjoxNzU1NTI2OTQ2fQ.YJrrutcoiUxLcq2_J38c_3rCpJMPCuu_N5dMbbZO5W8
				Accept=*/*
				Content-Type=application/json
Cookies:		<none>
Multiparts:		<none>
Body:			<none>
Request method:	DELETE
Request URI:	https://stellarburgers.nomoreparties.site/api/auth/user
Proxy:			<none>
Request params:	<none>
Query params:	<none>
Form params:	<none>
Path params:	<none>
Headers:		Authorization=Bearer eyJhbGciOiJIUzI1NiIsInR5cCI6IkpXVCJ9.eyJpZCI6IjY4YTMzMjcxOWVkMjgwMDAxYjY4MDhlMiIsImlhdCI6MTc1NTUyNTc0NiwiZXhwIjoxNzU1NTI2OTQ2fQ.YJrrutcoiUxLcq2_J38c_3rCpJMPCuu_N5dMbbZO5W8
				Accept=*/*
				Content-Type=application/json
Cookies:		<none>
Multiparts:		<none>
Body:			<none>
Request method:	DELETE
Request URI:	https://stellarburgers.nomoreparties.site/api/auth/user
Proxy:			<none>
Request params:	<none>
Query params:	<none>
Form params:	<none>
Path params:	<none>
Headers:		Authorization=Bearer eyJhbGciOiJIUzI1NiIsInR5cCI6IkpXVCJ9.eyJpZCI6IjY4YTMzMjcxOWVkMjgwMDAxYjY4MDhlMiIsImlhdCI6MTc1NTUyNTc0NiwiZXhwIjoxNzU1NTI2OTQ2fQ.YJrrutcoiUxLcq2_J38c_3rCpJMPCuu_N5dMbbZO5W8
				Accept=*/*
				Content-Type=application/json
Cookies:		<none>
Multiparts:		<none>
Body:			<none>
Request method:	DELETE
Request URI:	https://stellarburgers.nomoreparties.site/api/auth/user
Proxy:			<none>
Request params:	<none>
Query params:	<none>
Form params:	<none>
Path params:	<none>
Headers:		Authorization=Bearer eyJhbGciOiJIUzI1NiIsInR5cCI6IkpXVCJ9.eyJpZCI6IjY4YTMzMjcxOWVkMjgwMDAxYjY4MDhlMiIsImlhdCI6MTc1NTUyNTc0NiwiZXhwIjoxNzU1NTI2OTQ2fQ.YJrrutcoiUxLcq2_J38c_3rCpJMPCuu_N5dMbbZO5W8
				Accept=*/*
				Content-Type=application/json
Cookies:		<none>
Multiparts:		<none>
Body:			<none>
Request method:	DELETE
Request URI:	https://stellarburgers.nomoreparties.site/api/auth/user
Proxy:			<none>
Request params:	<none>
Query params:	<none>
Form params:	<none>
Path params:	<none>
Headers:		Authorization=Bearer eyJhbGciOiJIUzI1NiIsInR5cCI6IkpXVCJ9.eyJpZCI6IjY4YTMzMjcxOWVkMjgwMDAxYjY4MDhlMiIsImlhdCI6MTc1NTUyNTc0NiwiZXhwIjoxNzU1NTI2OTQ2fQ.YJrrutcoiUxLcq2_J38c_3rCpJMPCuu_N5dMbbZO5W8
				Accept=*/*
				Content-Type=application/json
Cookies:		<none>
Multiparts:		<none>
Body:			<none>
Request method:	DELETE
Request URI:	https://stellarburgers.nomoreparties.site/api/auth/user
Proxy:			<none>
Request params:	<none>
Query params:	<none>
Form params:	<none>
Path params:	<none>
Headers:		Authorization=Bearer eyJhbGciOiJIUzI1NiIsInR5cCI6IkpXVCJ9.eyJpZCI6IjY4YTMzMjcxOWVkMjgwMDAxYjY4MDhlMiIsImlhdCI6MTc1NTUyNTc0NiwiZXhwIjoxNzU1NTI2OTQ2fQ.YJrrutcoiUxLcq2_J38c_3rCpJMPCuu_N5dMbbZO5W8
				Accept=*/*
				Content-Type=application/json
Cookies:		<none>
Multiparts:		<none>
Body:			<none>
Request method:	DELETE
Request URI:	https://stellarburgers.nomoreparties.site/api/auth/user
Proxy:			<none>
Request params:	<none>
Query params:	<none>
Form params:	<none>
Path params:	<none>
Headers:		Authorization=Bearer eyJhbGciOiJIUzI1NiIsInR5cCI6IkpXVCJ9.eyJpZCI6IjY4YTMzMjcxOWVkMjgwMDAxYjY4MDhlMiIsImlhdCI6MTc1NTUyNTc0NiwiZXhwIjoxNzU1NTI2OTQ2fQ.YJrrutcoiUxLcq2_J38c_3rCpJMPCuu_N5dMbbZO5W8
				Accept=*/*
				Content-Type=application/json
Cookies:		<none>
Multiparts:		<none>
Body:			<none>
Request method:	DELETE
Request URI:	https://stellarburgers.nomoreparties.site/api/auth/user
Proxy:			<none>
Request params:	<none>
Query params:	<none>
Form params:	<none>
Path params:	<none>
Headers:		Authorization=Bearer eyJhbGciOiJIUzI1NiIsInR5cCI6IkpXVCJ9.eyJpZCI6IjY4YTMzMjcxOWVkMjgwMDAxYjY4MDhlMiIsImlhdCI6MTc1NTUyNTc0NiwiZXhwIjoxNzU1NTI2OTQ2fQ.YJrrutcoiUxLcq2_J38c_3rCpJMPCuu_N5dMbbZO5W8
				Accept=*/*
				Content-Type=application/json
Cookies:		<none>
Multiparts:		<none>
Body:			<none>
HTTP/1.1 202 Accepted
Server: nginx/1.18.0 (Ubuntu)
Date: Mon, 18 Aug 2025 14:02:27 GMT
Content-Type: application/json; charset=utf-8
Content-Length: 54
Connection: keep-alive
X-Powered-By: Express
Access-Control-Allow-Origin: *
ETag: W/"36-hDmZnQ3Ou/ynnqAeC6TYmyseuzY"

{
    "success": true,
    "message": "User successfully removed"
}
HTTP/1.1 202 Accepted
Server: nginx/1.18.0 (Ubuntu)
Date: Mon, 18 Aug 2025 14:02:27 GMT
Content-Type: application/json; charset=utf-8
Content-Length: 54
Connection: keep-alive
X-Powered-By: Express
Access-Control-Allow-Origin: *
ETag: W/"36-hDmZnQ3Ou/ynnqAeC6TYmyseuzY"

{
    "success": true,
    "message": "User successfully removed"
}
HTTP/1.1 202 Accepted
Server: nginx/1.18.0 (Ubuntu)
Date: Mon, 18 Aug 2025 14:02:27 GMT
Content-Type: application/json; charset=utf-8
Content-Length: 54
Connection: keep-alive
X-Powered-By: Express
Access-Control-Allow-Origin: *
ETag: W/"36-hDmZnQ3Ou/ynnqAeC6TYmyseuzY"

{
    "success": true,
    "message": "User successfully removed"
}
HTTP/1.1 202 Accepted
Server: nginx/1.18.0 (Ubuntu)
Date: Mon, 18 Aug 2025 14:02:27 GMT
Content-Type: application/json; charset=utf-8
Content-Length: 54
Connection: keep-alive
X-Powered-By: Express
Access-Control-Allow-Origin: *
ETag: W/"36-hDmZnQ3Ou/ynnqAeC6TYmyseuzY"

{
    "success": true,
    "message": "User successfully removed"
}
HTTP/1.1 202 Accepted
Server: nginx/1.18.0 (Ubuntu)
Date: Mon, 18 Aug 2025 14:02:27 GMT
Content-Type: application/json; charset=utf-8
Content-Length: 54
Connection: keep-alive
X-Powered-By: Express
Access-Control-Allow-Origin: *
ETag: W/"36-hDmZnQ3Ou/ynnqAeC6TYmyseuzY"

{
    "success": true,
    "message": "User successfully removed"
}
HTTP/1.1 202 Accepted
Server: nginx/1.18.0 (Ubuntu)
Date: Mon, 18 Aug 2025 14:02:27 GMT
Content-Type: application/json; charset=utf-8
Content-Length: 54
Connection: keep-alive
X-Powered-By: Express
Access-Control-Allow-Origin: *
ETag: W/"36-hDmZnQ3Ou/ynnqAeC6TYmyseuzY"

{
    "success": true,
    "message": "User successfully removed"
}
HTTP/1.1 202 Accepted
Server: nginx/1.18.0 (Ubuntu)
Date: Mon, 18 Aug 2025 14:02:27 GMT
Content-Type: application/json; charset=utf-8
Content-Length: 54
Connection: keep-alive
X-Powered-By: Express
Access-Control-Allow-Origin: *
ETag: W/"36-hDmZnQ3Ou/ynnqAeC6TYmyseuzY"

{
    "success": true,
    "message": "User successfully removed"
}
HTTP/1.1 202 Accepted
Server: nginx/1.18.0 (Ubuntu)
Date: Mon, 18 Aug 2025 14:02:27 GMT
Content-Type: application/json; charset=utf-8
Content-Length: 54
Connection: keep-alive
X-Powered-By: Express
Access-Control-Allow-Origin: *
ETag: W/"36-hDmZnQ3Ou/ynnqAeC6TYmyseuzY"

{
    "success": true,
    "message": "User successfully removed"
}
HTTP/1.1 202 Accepted
Server: nginx/1.18.0 (Ubuntu)
Date: Mon, 18 Aug 2025 14:02:27 GMT
Content-Type: application/json; charset=utf-8
Content-Length: 54
Connection: keep-alive
X-Powered-By: Express
Access-Control-Allow-Origin: *
ETag: W/"36-hDmZnQ3Ou/ynnqAeC6TYmyseuzY"

{
    "success": true,
    "message": "User successfully removed"
}
HTTP/1.1 202 Accepted
Server: nginx/1.18.0 (Ubuntu)
Date: Mon, 18 Aug 2025 14:02:27 GMT
Content-Type: application/json; charset=utf-8
Content-Length: 54
Connection: keep-alive
X-Powered-By: Express
Access-Control-Allow-Origin: *
ETag: W/"36-hDmZnQ3Ou/ynnqAeC6TYmyseuzY"

{
    "success": true,
    "message": "User successfully removed"
}
HTTP/1.1 202 Accepted
Server: nginx/1.18.0 (Ubuntu)
Date: Mon, 18 Aug 2025 14:02:27 GMT
Content-Type: application/json; charset=utf-8
Content-Length: 54
Connection: keep-alive
X-Powered-By: Express
Access-Control-Allow-Origin: *
ETag: W/"36-hDmZnQ3Ou/ynnqAeC6TYmyseuzY"

{
    "success": true,
    "message": "User successfully removed"
}
HTTP/1.1 202 Accepted
Server: nginx/1.18.0 (Ubuntu)
Date: Mon, 18 Aug 2025 14:02:27 GMT
Content-Type: application/json; charset=utf-8
Content-Length: 54
Connection: keep-alive
X-Powered-By: Express
Access-Control-Allow-Origin: *
ETag: W/"36-hDmZnQ3Ou/ynnqAeC6TYmyseuzY"

{
    "success": true,
    "message": "User successfully removed"
}
]]></system-out>
  </testcase>
</testsuite>